using /home/pager/Desktop/work/ZfhTest/riscof_work/rv32i_m/Zfh/src/fcvt.s.h_b1-01.S/ref/Reference-sail_c_simulator.signature for test-signature output.
tohost located at 0x80001000
Running file ref.elf.
ELF Entry @ 0x80000000
begin_signature: 0x80003110
end_signature: 0x800031b0
CSR mstatus <- 0x00000000 (input: 0x00000000)
mem[X,0x00001000] -> 0x0297
mem[X,0x00001002] -> 0x0000
[0] [M]: 0x00001000 (0x00000297) auipc t0, 0x0
x5 <- 0x00001000
mem[X,0x00001004] -> 0x8593
mem[X,0x00001006] -> 0x0202
[1] [M]: 0x00001004 (0x02028593) addi a1, t0, 0x20
x11 <- 0x00001020
mem[X,0x00001008] -> 0x2573
mem[X,0x0000100A] -> 0xF140
[2] [M]: 0x00001008 (0xF1402573) csrrs a0, mhartid, zero
CSR mhartid -> 0x00000000
x10 <- 0x00000000
mem[X,0x0000100C] -> 0xA283
mem[X,0x0000100E] -> 0x0182
[3] [M]: 0x0000100C (0x0182A283) lw t0, 0x18(t0)
mem[R,0x00001018] -> 0x80000000
x5 <- 0x80000000
mem[X,0x00001010] -> 0x8067
mem[X,0x00001012] -> 0x0002
[4] [M]: 0x00001010 (0x00028067) jalr zero, 0x0(t0)
mem[X,0x80000000] -> 0x0837
mem[X,0x80000002] -> 0x7D5C
[5] [M]: 0x80000000 (0x7D5C0837) lui a6, 0x7d5c0
x16 <- 0x7D5C0000
mem[X,0x80000004] -> 0x0813
mem[X,0x80000006] -> 0xDDB8
[6] [M]: 0x80000004 (0xDDB80813) addi a6, a6, 0xddb
x16 <- 0x7D5BFDDB
mem[X,0x80000008] -> 0x5893
mem[X,0x8000000A] -> 0x0078
[7] [M]: 0x80000008 (0x00785893) srli a7, a6, 0x7
x17 <- 0x00FAB7FB
mem[X,0x8000000C] -> 0x5793
mem[X,0x8000000E] -> 0x0198
[8] [M]: 0x8000000C (0x01985793) srli a5, a6, 0x19
x15 <- 0x0000003E
mem[X,0x80000010] -> 0xE8B3
mem[X,0x80000012] -> 0x00F8
[9] [M]: 0x80000010 (0x00F8E8B3) or a7, a7, a5
x17 <- 0x00FAB7FF
mem[X,0x80000014] -> 0xD913
mem[X,0x80000016] -> 0x0078
[10] [M]: 0x80000014 (0x0078D913) srli s2, a7, 0x7
x18 <- 0x0001F56F
mem[X,0x80000018] -> 0xD793
mem[X,0x8000001A] -> 0x0198
[11] [M]: 0x80000018 (0x0198D793) srli a5, a7, 0x19
x15 <- 0x00000000
mem[X,0x8000001C] -> 0x6933
mem[X,0x8000001E] -> 0x00F9
[12] [M]: 0x8000001C (0x00F96933) or s2, s2, a5
x18 <- 0x0001F56F
mem[X,0x80000020] -> 0x5993
mem[X,0x80000022] -> 0x0079
[13] [M]: 0x80000020 (0x00795993) srli s3, s2, 0x7
x19 <- 0x000003EA
mem[X,0x80000024] -> 0x5793
mem[X,0x80000026] -> 0x0199
[14] [M]: 0x80000024 (0x01995793) srli a5, s2, 0x19
x15 <- 0x00000000
mem[X,0x80000028] -> 0xE9B3
mem[X,0x8000002A] -> 0x00F9
[15] [M]: 0x80000028 (0x00F9E9B3) or s3, s3, a5
x19 <- 0x000003EA
mem[X,0x8000002C] -> 0xDA13
mem[X,0x8000002E] -> 0x0079
[16] [M]: 0x8000002C (0x0079DA13) srli s4, s3, 0x7
x20 <- 0x00000007
mem[X,0x80000030] -> 0xD793
mem[X,0x80000032] -> 0x0199
[17] [M]: 0x80000030 (0x0199D793) srli a5, s3, 0x19
x15 <- 0x00000000
mem[X,0x80000034] -> 0x6A33
mem[X,0x80000036] -> 0x00FA
[18] [M]: 0x80000034 (0x00FA6A33) or s4, s4, a5
x20 <- 0x00000007
mem[X,0x80000038] -> 0x5A93
mem[X,0x8000003A] -> 0x007A
[19] [M]: 0x80000038 (0x007A5A93) srli s5, s4, 0x7
x21 <- 0x00000000
mem[X,0x8000003C] -> 0x5793
mem[X,0x8000003E] -> 0x019A
[20] [M]: 0x8000003C (0x019A5793) srli a5, s4, 0x19
x15 <- 0x00000000
mem[X,0x80000040] -> 0xEAB3
mem[X,0x80000042] -> 0x00FA
[21] [M]: 0x80000040 (0x00FAEAB3) or s5, s5, a5
x21 <- 0x00000000
mem[X,0x80000044] -> 0xDB13
mem[X,0x80000046] -> 0x007A
[22] [M]: 0x80000044 (0x007ADB13) srli s6, s5, 0x7
x22 <- 0x00000000
mem[X,0x80000048] -> 0xD793
mem[X,0x8000004A] -> 0x019A
[23] [M]: 0x80000048 (0x019AD793) srli a5, s5, 0x19
x15 <- 0x00000000
mem[X,0x8000004C] -> 0x6B33
mem[X,0x8000004E] -> 0x00FB
[24] [M]: 0x8000004C (0x00FB6B33) or s6, s6, a5
x22 <- 0x00000000
mem[X,0x80000050] -> 0x5B93
mem[X,0x80000052] -> 0x007B
[25] [M]: 0x80000050 (0x007B5B93) srli s7, s6, 0x7
x23 <- 0x00000000
mem[X,0x80000054] -> 0x5793
mem[X,0x80000056] -> 0x019B
[26] [M]: 0x80000054 (0x019B5793) srli a5, s6, 0x19
x15 <- 0x00000000
mem[X,0x80000058] -> 0xEBB3
mem[X,0x8000005A] -> 0x00FB
[27] [M]: 0x80000058 (0x00FBEBB3) or s7, s7, a5
x23 <- 0x00000000
mem[X,0x8000005C] -> 0xDC13
mem[X,0x8000005E] -> 0x007B
[28] [M]: 0x8000005C (0x007BDC13) srli s8, s7, 0x7
x24 <- 0x00000000
mem[X,0x80000060] -> 0xD793
mem[X,0x80000062] -> 0x019B
[29] [M]: 0x80000060 (0x019BD793) srli a5, s7, 0x19
x15 <- 0x00000000
mem[X,0x80000064] -> 0x6C33
mem[X,0x80000066] -> 0x00FC
[30] [M]: 0x80000064 (0x00FC6C33) or s8, s8, a5
x24 <- 0x00000000
mem[X,0x80000068] -> 0x5C93
mem[X,0x8000006A] -> 0x007C
[31] [M]: 0x80000068 (0x007C5C93) srli s9, s8, 0x7
x25 <- 0x00000000
mem[X,0x8000006C] -> 0x5793
mem[X,0x8000006E] -> 0x019C
[32] [M]: 0x8000006C (0x019C5793) srli a5, s8, 0x19
x15 <- 0x00000000
mem[X,0x80000070] -> 0xECB3
mem[X,0x80000072] -> 0x00FC
[33] [M]: 0x80000070 (0x00FCECB3) or s9, s9, a5
x25 <- 0x00000000
mem[X,0x80000074] -> 0xDD13
mem[X,0x80000076] -> 0x007C
[34] [M]: 0x80000074 (0x007CDD13) srli s10, s9, 0x7
x26 <- 0x00000000
mem[X,0x80000078] -> 0xD793
mem[X,0x8000007A] -> 0x019C
[35] [M]: 0x80000078 (0x019CD793) srli a5, s9, 0x19
x15 <- 0x00000000
mem[X,0x8000007C] -> 0x6D33
mem[X,0x8000007E] -> 0x00FD
[36] [M]: 0x8000007C (0x00FD6D33) or s10, s10, a5
x26 <- 0x00000000
mem[X,0x80000080] -> 0x5D93
mem[X,0x80000082] -> 0x007D
[37] [M]: 0x80000080 (0x007D5D93) srli s11, s10, 0x7
x27 <- 0x00000000
mem[X,0x80000084] -> 0x5793
mem[X,0x80000086] -> 0x019D
[38] [M]: 0x80000084 (0x019D5793) srli a5, s10, 0x19
x15 <- 0x00000000
mem[X,0x80000088] -> 0xEDB3
mem[X,0x8000008A] -> 0x00FD
[39] [M]: 0x80000088 (0x00FDEDB3) or s11, s11, a5
x27 <- 0x00000000
mem[X,0x8000008C] -> 0xDE13
mem[X,0x8000008E] -> 0x007D
[40] [M]: 0x8000008C (0x007DDE13) srli t3, s11, 0x7
x28 <- 0x00000000
mem[X,0x80000090] -> 0xD793
mem[X,0x80000092] -> 0x019D
[41] [M]: 0x80000090 (0x019DD793) srli a5, s11, 0x19
x15 <- 0x00000000
mem[X,0x80000094] -> 0x6E33
mem[X,0x80000096] -> 0x00FE
[42] [M]: 0x80000094 (0x00FE6E33) or t3, t3, a5
x28 <- 0x00000000
mem[X,0x80000098] -> 0x5E93
mem[X,0x8000009A] -> 0x007E
[43] [M]: 0x80000098 (0x007E5E93) srli t4, t3, 0x7
x29 <- 0x00000000
mem[X,0x8000009C] -> 0x5793
mem[X,0x8000009E] -> 0x019E
[44] [M]: 0x8000009C (0x019E5793) srli a5, t3, 0x19
x15 <- 0x00000000
mem[X,0x800000A0] -> 0xEEB3
mem[X,0x800000A2] -> 0x00FE
[45] [M]: 0x800000A0 (0x00FEEEB3) or t4, t4, a5
x29 <- 0x00000000
mem[X,0x800000A4] -> 0xDF13
mem[X,0x800000A6] -> 0x007E
[46] [M]: 0x800000A4 (0x007EDF13) srli t5, t4, 0x7
x30 <- 0x00000000
mem[X,0x800000A8] -> 0xD793
mem[X,0x800000AA] -> 0x019E
[47] [M]: 0x800000A8 (0x019ED793) srli a5, t4, 0x19
x15 <- 0x00000000
mem[X,0x800000AC] -> 0x6F33
mem[X,0x800000AE] -> 0x00FF
[48] [M]: 0x800000AC (0x00FF6F33) or t5, t5, a5
x30 <- 0x00000000
mem[X,0x800000B0] -> 0xC0B7
mem[X,0x800000B2] -> 0xFEED
[49] [M]: 0x800000B0 (0xFEEDC0B7) lui ra, 0xfeedc
x1 <- 0xFEEDC000
mem[X,0x800000B4] -> 0x8093
mem[X,0x800000B6] -> 0xEAD0
[50] [M]: 0x800000B4 (0xEAD08093) addi ra, ra, 0xead
x1 <- 0xFEEDBEAD
mem[X,0x800000B8] -> 0xD113
mem[X,0x800000BA] -> 0x0070
[51] [M]: 0x800000B8 (0x0070D113) srli sp, ra, 0x7
x2 <- 0x01FDDB7D
mem[X,0x800000BC] -> 0xD793
mem[X,0x800000BE] -> 0x0190
[52] [M]: 0x800000BC (0x0190D793) srli a5, ra, 0x19
x15 <- 0x0000007F
mem[X,0x800000C0] -> 0x6133
mem[X,0x800000C2] -> 0x00F1
[53] [M]: 0x800000C0 (0x00F16133) or sp, sp, a5
x2 <- 0x01FDDB7F
mem[X,0x800000C4] -> 0x5193
mem[X,0x800000C6] -> 0x0071
[54] [M]: 0x800000C4 (0x00715193) srli gp, sp, 0x7
x3 <- 0x0003FBB6
mem[X,0x800000C8] -> 0x5793
mem[X,0x800000CA] -> 0x0191
[55] [M]: 0x800000C8 (0x01915793) srli a5, sp, 0x19
x15 <- 0x00000000
mem[X,0x800000CC] -> 0xE1B3
mem[X,0x800000CE] -> 0x00F1
[56] [M]: 0x800000CC (0x00F1E1B3) or gp, gp, a5
x3 <- 0x0003FBB6
mem[X,0x800000D0] -> 0xD213
mem[X,0x800000D2] -> 0x0071
[57] [M]: 0x800000D0 (0x0071D213) srli tp, gp, 0x7
x4 <- 0x000007F7
mem[X,0x800000D4] -> 0xD793
mem[X,0x800000D6] -> 0x0191
[58] [M]: 0x800000D4 (0x0191D793) srli a5, gp, 0x19
x15 <- 0x00000000
mem[X,0x800000D8] -> 0x6233
mem[X,0x800000DA] -> 0x00F2
[59] [M]: 0x800000D8 (0x00F26233) or tp, tp, a5
x4 <- 0x000007F7
mem[X,0x800000DC] -> 0x5293
mem[X,0x800000DE] -> 0x0072
[60] [M]: 0x800000DC (0x00725293) srli t0, tp, 0x7
x5 <- 0x0000000F
mem[X,0x800000E0] -> 0x5793
mem[X,0x800000E2] -> 0x0192
[61] [M]: 0x800000E0 (0x01925793) srli a5, tp, 0x19
x15 <- 0x00000000
mem[X,0x800000E4] -> 0xE2B3
mem[X,0x800000E6] -> 0x00F2
[62] [M]: 0x800000E4 (0x00F2E2B3) or t0, t0, a5
x5 <- 0x0000000F
mem[X,0x800000E8] -> 0xD313
mem[X,0x800000EA] -> 0x0072
[63] [M]: 0x800000E8 (0x0072D313) srli t1, t0, 0x7
x6 <- 0x00000000
mem[X,0x800000EC] -> 0xD793
mem[X,0x800000EE] -> 0x0192
[64] [M]: 0x800000EC (0x0192D793) srli a5, t0, 0x19
x15 <- 0x00000000
mem[X,0x800000F0] -> 0x6333
mem[X,0x800000F2] -> 0x00F3
[65] [M]: 0x800000F0 (0x00F36333) or t1, t1, a5
x6 <- 0x00000000
mem[X,0x800000F4] -> 0x5393
mem[X,0x800000F6] -> 0x0073
[66] [M]: 0x800000F4 (0x00735393) srli t2, t1, 0x7
x7 <- 0x00000000
mem[X,0x800000F8] -> 0x5793
mem[X,0x800000FA] -> 0x0193
[67] [M]: 0x800000F8 (0x01935793) srli a5, t1, 0x19
x15 <- 0x00000000
mem[X,0x800000FC] -> 0xE3B3
mem[X,0x800000FE] -> 0x00F3
[68] [M]: 0x800000FC (0x00F3E3B3) or t2, t2, a5
x7 <- 0x00000000
mem[X,0x80000100] -> 0xD413
mem[X,0x80000102] -> 0x0073
[69] [M]: 0x80000100 (0x0073D413) srli fp, t2, 0x7
x8 <- 0x00000000
mem[X,0x80000104] -> 0xD793
mem[X,0x80000106] -> 0x0193
[70] [M]: 0x80000104 (0x0193D793) srli a5, t2, 0x19
x15 <- 0x00000000
mem[X,0x80000108] -> 0x6433
mem[X,0x8000010A] -> 0x00F4
[71] [M]: 0x80000108 (0x00F46433) or fp, fp, a5
x8 <- 0x00000000
mem[X,0x8000010C] -> 0x5493
mem[X,0x8000010E] -> 0x0074
[72] [M]: 0x8000010C (0x00745493) srli s1, fp, 0x7
x9 <- 0x00000000
mem[X,0x80000110] -> 0x5793
mem[X,0x80000112] -> 0x0194
[73] [M]: 0x80000110 (0x01945793) srli a5, fp, 0x19
x15 <- 0x00000000
mem[X,0x80000114] -> 0xE4B3
mem[X,0x80000116] -> 0x00F4
[74] [M]: 0x80000114 (0x00F4E4B3) or s1, s1, a5
x9 <- 0x00000000
mem[X,0x80000118] -> 0xD513
mem[X,0x8000011A] -> 0x0074
[75] [M]: 0x80000118 (0x0074D513) srli a0, s1, 0x7
x10 <- 0x00000000
mem[X,0x8000011C] -> 0xD793
mem[X,0x8000011E] -> 0x0194
[76] [M]: 0x8000011C (0x0194D793) srli a5, s1, 0x19
x15 <- 0x00000000
mem[X,0x80000120] -> 0x6533
mem[X,0x80000122] -> 0x00F5
[77] [M]: 0x80000120 (0x00F56533) or a0, a0, a5
x10 <- 0x00000000
mem[X,0x80000124] -> 0x5593
mem[X,0x80000126] -> 0x0075
[78] [M]: 0x80000124 (0x00755593) srli a1, a0, 0x7
x11 <- 0x00000000
mem[X,0x80000128] -> 0x5793
mem[X,0x8000012A] -> 0x0195
[79] [M]: 0x80000128 (0x01955793) srli a5, a0, 0x19
x15 <- 0x00000000
mem[X,0x8000012C] -> 0xE5B3
mem[X,0x8000012E] -> 0x00F5
[80] [M]: 0x8000012C (0x00F5E5B3) or a1, a1, a5
x11 <- 0x00000000
mem[X,0x80000130] -> 0xD613
mem[X,0x80000132] -> 0x0075
[81] [M]: 0x80000130 (0x0075D613) srli a2, a1, 0x7
x12 <- 0x00000000
mem[X,0x80000134] -> 0xD793
mem[X,0x80000136] -> 0x0195
[82] [M]: 0x80000134 (0x0195D793) srli a5, a1, 0x19
x15 <- 0x00000000
mem[X,0x80000138] -> 0x6633
mem[X,0x8000013A] -> 0x00F6
[83] [M]: 0x80000138 (0x00F66633) or a2, a2, a5
x12 <- 0x00000000
mem[X,0x8000013C] -> 0x5693
mem[X,0x8000013E] -> 0x0076
[84] [M]: 0x8000013C (0x00765693) srli a3, a2, 0x7
x13 <- 0x00000000
mem[X,0x80000140] -> 0x5793
mem[X,0x80000142] -> 0x0196
[85] [M]: 0x80000140 (0x01965793) srli a5, a2, 0x19
x15 <- 0x00000000
mem[X,0x80000144] -> 0xE6B3
mem[X,0x80000146] -> 0x00F6
[86] [M]: 0x80000144 (0x00F6E6B3) or a3, a3, a5
x13 <- 0x00000000
mem[X,0x80000148] -> 0x2537
mem[X,0x8000014A] -> 0x0000
[87] [M]: 0x80000148 (0x00002537) lui a0, 0x2
x10 <- 0x00002000
mem[X,0x8000014C] -> 0x2073
mem[X,0x8000014E] -> 0x3005
[88] [M]: 0x8000014C (0x30052073) csrrs zero, mstatus, a0
CSR mstatus -> 0x00000000
CSR mstatus <- 0x00002000 (input: 0x00002000)
mem[X,0x80000150] -> 0x5073
mem[X,0x80000152] -> 0x0030
[89] [M]: 0x80000150 (0x00305073) csrrwi zero, fcsr, 0x0
CSR fcsr -> 0x00000000
CSR fcsr <- 0x00000000 (input: 0x00000000)
mem[X,0x80000154] -> 0x0013
mem[X,0x80000156] -> 0x0000
[90] [M]: 0x80000154 (0x00000013) addi zero, zero, 0x0
mem[X,0x80000158] -> 0x0013
mem[X,0x8000015A] -> 0x0000
[91] [M]: 0x80000158 (0x00000013) addi zero, zero, 0x0
mem[X,0x8000015C] -> 0x0013
mem[X,0x8000015E] -> 0x0000
[92] [M]: 0x8000015C (0x00000013) addi zero, zero, 0x0
mem[X,0x80000160] -> 0x2197
mem[X,0x80000162] -> 0x0000
[93] [M]: 0x80000160 (0x00002197) auipc gp, 0x2
x3 <- 0x80002160
mem[X,0x80000164] -> 0x8193
mem[X,0x80000166] -> 0xEB01
[94] [M]: 0x80000164 (0xEB018193) addi gp, gp, 0xeb0
x3 <- 0x80002010
mem[X,0x80000168] -> 0x0013
mem[X,0x8000016A] -> 0x0000
[95] [M]: 0x80000168 (0x00000013) addi zero, zero, 0x0
mem[X,0x8000016C] -> 0x0013
mem[X,0x8000016E] -> 0x0000
[96] [M]: 0x8000016C (0x00000013) addi zero, zero, 0x0
mem[X,0x80000170] -> 0x0013
mem[X,0x80000172] -> 0x0000
[97] [M]: 0x80000170 (0x00000013) addi zero, zero, 0x0
mem[X,0x80000174] -> 0x0013
mem[X,0x80000176] -> 0x0000
[98] [M]: 0x80000174 (0x00000013) addi zero, zero, 0x0
mem[X,0x80000178] -> 0x0013
mem[X,0x8000017A] -> 0x0000
[99] [M]: 0x80000178 (0x00000013) addi zero, zero, 0x0
clint::tick mtime <- 0x0000000000000001
 clint timer pending at mtime 0x0000000000000001
htif::tick 0x0000000000000000
mem[X,0x8000017C] -> 0x0013
mem[X,0x8000017E] -> 0x0000
[100] [M]: 0x8000017C (0x00000013) addi zero, zero, 0x0
mem[X,0x80000180] -> 0x3097
mem[X,0x80000182] -> 0x0000
[101] [M]: 0x80000180 (0x00003097) auipc ra, 0x3
x1 <- 0x80003180
mem[X,0x80000184] -> 0x8093
mem[X,0x80000186] -> 0xF940
[102] [M]: 0x80000184 (0xF9408093) addi ra, ra, 0xf94
x1 <- 0x80003114
mem[X,0x80000188] -> 0x0013
mem[X,0x8000018A] -> 0x0000
[103] [M]: 0x80000188 (0x00000013) addi zero, zero, 0x0
mem[X,0x8000018C] -> 0x0013
mem[X,0x8000018E] -> 0x0000
[104] [M]: 0x8000018C (0x00000013) addi zero, zero, 0x0
mem[X,0x80000190] -> 0x0013
mem[X,0x80000192] -> 0x0000
[105] [M]: 0x80000190 (0x00000013) addi zero, zero, 0x0
mem[X,0x80000194] -> 0x0013
mem[X,0x80000196] -> 0x0000
[106] [M]: 0x80000194 (0x00000013) addi zero, zero, 0x0
mem[X,0x80000198] -> 0x0013
mem[X,0x8000019A] -> 0x0000
[107] [M]: 0x80000198 (0x00000013) addi zero, zero, 0x0
mem[X,0x8000019C] -> 0x0013
mem[X,0x8000019E] -> 0x0000
[108] [M]: 0x8000019C (0x00000013) addi zero, zero, 0x0
mem[X,0x800001A0] -> 0xAF07
mem[X,0x800001A2] -> 0x0001
[109] [M]: 0x800001A0 (0x0001AF07) flw ft10, 0x0(gp)
mem[R,0x80002010] -> 0x00000000
f30 <- 0xFFFFFFFF00000000
mem[X,0x800001A4] -> 0x0113
mem[X,0x800001A6] -> 0x0000
[110] [M]: 0x800001A4 (0x00000113) addi sp, zero, 0x0
x2 <- 0x00000000
mem[X,0x800001A8] -> 0x1073
mem[X,0x800001AA] -> 0x0031
[111] [M]: 0x800001A8 (0x00311073) csrrw zero, fcsr, sp
CSR fcsr -> 0x00000000
CSR fcsr <- 0x00000000 (input: 0x00000000)
mem[X,0x800001AC] -> 0x0FD3
mem[X,0x800001AE] -> 0x402F
[112] [M]: 0x800001AC (0x402F0FD3) fcvt.s.h ft11, ft10, rne
f31 <- 0xFFFFFFFF7FC00000
mem[X,0x800001B0] -> 0x2273
mem[X,0x800001B2] -> 0x0030
[113] [M]: 0x800001B0 (0x00302273) csrrs tp, fcsr, zero
CSR fcsr -> 0x00000000
x4 <- 0x00000000
mem[X,0x800001B4] -> 0xA027
mem[X,0x800001B6] -> 0x01F0
[114] [M]: 0x800001B4 (0x01F0A027) fsw ft11, 0x0(ra)
mem[0x80003114] <- 0x7FC00000
mem[X,0x800001B8] -> 0xA223
mem[X,0x800001BA] -> 0x0040
[115] [M]: 0x800001B8 (0x0040A223) sw tp, 0x4(ra)
mem[0x80003118] <- 0x00000000
mem[X,0x800001BC] -> 0xAF07
mem[X,0x800001BE] -> 0x0041
[116] [M]: 0x800001BC (0x0041AF07) flw ft10, 0x4(gp)
mem[R,0x80002014] -> 0x00000000
f30 <- 0xFFFFFFFF00000000
mem[X,0x800001C0] -> 0x0113
mem[X,0x800001C2] -> 0x0000
[117] [M]: 0x800001C0 (0x00000113) addi sp, zero, 0x0
x2 <- 0x00000000
mem[X,0x800001C4] -> 0x1073
mem[X,0x800001C6] -> 0x0031
[118] [M]: 0x800001C4 (0x00311073) csrrw zero, fcsr, sp
CSR fcsr -> 0x00000000
CSR fcsr <- 0x00000000 (input: 0x00000000)
mem[X,0x800001C8] -> 0x0FD3
mem[X,0x800001CA] -> 0x402F
[119] [M]: 0x800001C8 (0x402F0FD3) fcvt.s.h ft11, ft10, rne
f31 <- 0xFFFFFFFF7FC00000
mem[X,0x800001CC] -> 0x2273
mem[X,0x800001CE] -> 0x0030
[120] [M]: 0x800001CC (0x00302273) csrrs tp, fcsr, zero
CSR fcsr -> 0x00000000
x4 <- 0x00000000
mem[X,0x800001D0] -> 0xA427
mem[X,0x800001D2] -> 0x01F0
[121] [M]: 0x800001D0 (0x01F0A427) fsw ft11, 0x8(ra)
mem[0x8000311C] <- 0x7FC00000
mem[X,0x800001D4] -> 0xA623
mem[X,0x800001D6] -> 0x0040
[122] [M]: 0x800001D4 (0x0040A623) sw tp, 0xc(ra)
mem[0x80003120] <- 0x00000000
mem[X,0x800001D8] -> 0xAF07
mem[X,0x800001DA] -> 0x0081
[123] [M]: 0x800001D8 (0x0081AF07) flw ft10, 0x8(gp)
mem[R,0x80002018] -> 0xFFFF0000
f30 <- 0xFFFFFFFFFFFF0000
mem[X,0x800001DC] -> 0x0113
mem[X,0x800001DE] -> 0x0000
[124] [M]: 0x800001DC (0x00000113) addi sp, zero, 0x0
x2 <- 0x00000000
mem[X,0x800001E0] -> 0x1073
mem[X,0x800001E2] -> 0x0031
[125] [M]: 0x800001E0 (0x00311073) csrrw zero, fcsr, sp
CSR fcsr -> 0x00000000
CSR fcsr <- 0x00000000 (input: 0x00000000)
mem[X,0x800001E4] -> 0x0FD3
mem[X,0x800001E6] -> 0x402F
[126] [M]: 0x800001E4 (0x402F0FD3) fcvt.s.h ft11, ft10, rne
f31 <- 0xFFFFFFFF00000000
mem[X,0x800001E8] -> 0x2273
mem[X,0x800001EA] -> 0x0030
[127] [M]: 0x800001E8 (0x00302273) csrrs tp, fcsr, zero
CSR fcsr -> 0x00000000
x4 <- 0x00000000
mem[X,0x800001EC] -> 0xA827
mem[X,0x800001EE] -> 0x01F0
[128] [M]: 0x800001EC (0x01F0A827) fsw ft11, 0x10(ra)
mem[0x80003124] <- 0x00000000
mem[X,0x800001F0] -> 0xAA23
mem[X,0x800001F2] -> 0x0040
[129] [M]: 0x800001F0 (0x0040AA23) sw tp, 0x14(ra)
mem[0x80003128] <- 0x00000000
mem[X,0x800001F4] -> 0xAF07
mem[X,0x800001F6] -> 0x00C1
[130] [M]: 0x800001F4 (0x00C1AF07) flw ft10, 0xc(gp)
mem[R,0x8000201C] -> 0x80008000
f30 <- 0xFFFFFFFF80008000
mem[X,0x800001F8] -> 0x0113
mem[X,0x800001FA] -> 0x0000
[131] [M]: 0x800001F8 (0x00000113) addi sp, zero, 0x0
x2 <- 0x00000000
mem[X,0x800001FC] -> 0x1073
mem[X,0x800001FE] -> 0x0031
[132] [M]: 0x800001FC (0x00311073) csrrw zero, fcsr, sp
CSR fcsr -> 0x00000000
CSR fcsr <- 0x00000000 (input: 0x00000000)
mem[X,0x80000200] -> 0x0FD3
mem[X,0x80000202] -> 0x402F
[133] [M]: 0x80000200 (0x402F0FD3) fcvt.s.h ft11, ft10, rne
f31 <- 0xFFFFFFFF7FC00000
mem[X,0x80000204] -> 0x2273
mem[X,0x80000206] -> 0x0030
[134] [M]: 0x80000204 (0x00302273) csrrs tp, fcsr, zero
CSR fcsr -> 0x00000000
x4 <- 0x00000000
mem[X,0x80000208] -> 0xAC27
mem[X,0x8000020A] -> 0x01F0
[135] [M]: 0x80000208 (0x01F0AC27) fsw ft11, 0x18(ra)
mem[0x8000312C] <- 0x7FC00000
mem[X,0x8000020C] -> 0xAE23
mem[X,0x8000020E] -> 0x0040
[136] [M]: 0x8000020C (0x0040AE23) sw tp, 0x1c(ra)
mem[0x80003130] <- 0x00000000
mem[X,0x80000210] -> 0xAF07
mem[X,0x80000212] -> 0x0101
[137] [M]: 0x80000210 (0x0101AF07) flw ft10, 0x10(gp)
mem[R,0x80002020] -> 0x00000000
f30 <- 0xFFFFFFFF00000000
mem[X,0x80000214] -> 0x0113
mem[X,0x80000216] -> 0x0000
[138] [M]: 0x80000214 (0x00000113) addi sp, zero, 0x0
x2 <- 0x00000000
mem[X,0x80000218] -> 0x1073
mem[X,0x8000021A] -> 0x0031
[139] [M]: 0x80000218 (0x00311073) csrrw zero, fcsr, sp
CSR fcsr -> 0x00000000
CSR fcsr <- 0x00000000 (input: 0x00000000)
mem[X,0x8000021C] -> 0x0FD3
mem[X,0x8000021E] -> 0x402F
[140] [M]: 0x8000021C (0x402F0FD3) fcvt.s.h ft11, ft10, rne
f31 <- 0xFFFFFFFF7FC00000
mem[X,0x80000220] -> 0x2273
mem[X,0x80000222] -> 0x0030
[141] [M]: 0x80000220 (0x00302273) csrrs tp, fcsr, zero
CSR fcsr -> 0x00000000
x4 <- 0x00000000
mem[X,0x80000224] -> 0xA027
mem[X,0x80000226] -> 0x03F0
[142] [M]: 0x80000224 (0x03F0A027) fsw ft11, 0x20(ra)
mem[0x80003134] <- 0x7FC00000
mem[X,0x80000228] -> 0xA223
mem[X,0x8000022A] -> 0x0240
[143] [M]: 0x80000228 (0x0240A223) sw tp, 0x24(ra)
mem[0x80003138] <- 0x00000000
mem[X,0x8000022C] -> 0xAF07
mem[X,0x8000022E] -> 0x0141
[144] [M]: 0x8000022C (0x0141AF07) flw ft10, 0x14(gp)
mem[R,0x80002024] -> 0xFFFF0000
f30 <- 0xFFFFFFFFFFFF0000
mem[X,0x80000230] -> 0x0113
mem[X,0x80000232] -> 0x0000
[145] [M]: 0x80000230 (0x00000113) addi sp, zero, 0x0
x2 <- 0x00000000
mem[X,0x80000234] -> 0x1073
mem[X,0x80000236] -> 0x0031
[146] [M]: 0x80000234 (0x00311073) csrrw zero, fcsr, sp
CSR fcsr -> 0x00000000
CSR fcsr <- 0x00000000 (input: 0x00000000)
mem[X,0x80000238] -> 0x0FD3
mem[X,0x8000023A] -> 0x402F
[147] [M]: 0x80000238 (0x402F0FD3) fcvt.s.h ft11, ft10, rne
f31 <- 0xFFFFFFFF00000000
mem[X,0x8000023C] -> 0x2273
mem[X,0x8000023E] -> 0x0030
[148] [M]: 0x8000023C (0x00302273) csrrs tp, fcsr, zero
CSR fcsr -> 0x00000000
x4 <- 0x00000000
mem[X,0x80000240] -> 0xA427
mem[X,0x80000242] -> 0x03F0
[149] [M]: 0x80000240 (0x03F0A427) fsw ft11, 0x28(ra)
mem[0x8000313C] <- 0x00000000
mem[X,0x80000244] -> 0xA623
mem[X,0x80000246] -> 0x0240
[150] [M]: 0x80000244 (0x0240A623) sw tp, 0x2c(ra)
mem[0x80003140] <- 0x00000000
mem[X,0x80000248] -> 0xAF07
mem[X,0x8000024A] -> 0x0181
[151] [M]: 0x80000248 (0x0181AF07) flw ft10, 0x18(gp)
mem[R,0x80002028] -> 0x00010001
f30 <- 0xFFFFFFFF00010001
mem[X,0x8000024C] -> 0x0113
mem[X,0x8000024E] -> 0x0000
[152] [M]: 0x8000024C (0x00000113) addi sp, zero, 0x0
x2 <- 0x00000000
mem[X,0x80000250] -> 0x1073
mem[X,0x80000252] -> 0x0031
[153] [M]: 0x80000250 (0x00311073) csrrw zero, fcsr, sp
CSR fcsr -> 0x00000000
CSR fcsr <- 0x00000000 (input: 0x00000000)
mem[X,0x80000254] -> 0x0FD3
mem[X,0x80000256] -> 0x402F
[154] [M]: 0x80000254 (0x402F0FD3) fcvt.s.h ft11, ft10, rne
f31 <- 0xFFFFFFFF7FC00000
mem[X,0x80000258] -> 0x2273
mem[X,0x8000025A] -> 0x0030
[155] [M]: 0x80000258 (0x00302273) csrrs tp, fcsr, zero
CSR fcsr -> 0x00000000
x4 <- 0x00000000
mem[X,0x8000025C] -> 0xA827
mem[X,0x8000025E] -> 0x03F0
[156] [M]: 0x8000025C (0x03F0A827) fsw ft11, 0x30(ra)
mem[0x80003144] <- 0x7FC00000
mem[X,0x80000260] -> 0xAA23
mem[X,0x80000262] -> 0x0240
[157] [M]: 0x80000260 (0x0240AA23) sw tp, 0x34(ra)
mem[0x80003148] <- 0x00000000
mem[X,0x80000264] -> 0xAF07
mem[X,0x80000266] -> 0x01C1
[158] [M]: 0x80000264 (0x01C1AF07) flw ft10, 0x1c(gp)
mem[R,0x8000202C] -> 0x00000000
f30 <- 0xFFFFFFFF00000000
mem[X,0x80000268] -> 0x0113
mem[X,0x8000026A] -> 0x0000
[159] [M]: 0x80000268 (0x00000113) addi sp, zero, 0x0
x2 <- 0x00000000
mem[X,0x8000026C] -> 0x1073
mem[X,0x8000026E] -> 0x0031
[160] [M]: 0x8000026C (0x00311073) csrrw zero, fcsr, sp
CSR fcsr -> 0x00000000
CSR fcsr <- 0x00000000 (input: 0x00000000)
mem[X,0x80000270] -> 0x0FD3
mem[X,0x80000272] -> 0x402F
[161] [M]: 0x80000270 (0x402F0FD3) fcvt.s.h ft11, ft10, rne
f31 <- 0xFFFFFFFF7FC00000
mem[X,0x80000274] -> 0x2273
mem[X,0x80000276] -> 0x0030
[162] [M]: 0x80000274 (0x00302273) csrrs tp, fcsr, zero
CSR fcsr -> 0x00000000
x4 <- 0x00000000
mem[X,0x80000278] -> 0xAC27
mem[X,0x8000027A] -> 0x03F0
[163] [M]: 0x80000278 (0x03F0AC27) fsw ft11, 0x38(ra)
mem[0x8000314C] <- 0x7FC00000
mem[X,0x8000027C] -> 0xAE23
mem[X,0x8000027E] -> 0x0240
[164] [M]: 0x8000027C (0x0240AE23) sw tp, 0x3c(ra)
mem[0x80003150] <- 0x00000000
mem[X,0x80000280] -> 0xAF07
mem[X,0x80000282] -> 0x0201
[165] [M]: 0x80000280 (0x0201AF07) flw ft10, 0x20(gp)
mem[R,0x80002030] -> 0xFFFF0000
f30 <- 0xFFFFFFFFFFFF0000
mem[X,0x80000284] -> 0x0113
mem[X,0x80000286] -> 0x0000
[166] [M]: 0x80000284 (0x00000113) addi sp, zero, 0x0
x2 <- 0x00000000
mem[X,0x80000288] -> 0x1073
mem[X,0x8000028A] -> 0x0031
[167] [M]: 0x80000288 (0x00311073) csrrw zero, fcsr, sp
CSR fcsr -> 0x00000000
CSR fcsr <- 0x00000000 (input: 0x00000000)
mem[X,0x8000028C] -> 0x0FD3
mem[X,0x8000028E] -> 0x402F
[168] [M]: 0x8000028C (0x402F0FD3) fcvt.s.h ft11, ft10, rne
f31 <- 0xFFFFFFFF00000000
mem[X,0x80000290] -> 0x2273
mem[X,0x80000292] -> 0x0030
[169] [M]: 0x80000290 (0x00302273) csrrs tp, fcsr, zero
CSR fcsr -> 0x00000000
x4 <- 0x00000000
mem[X,0x80000294] -> 0xA027
mem[X,0x80000296] -> 0x05F0
[170] [M]: 0x80000294 (0x05F0A027) fsw ft11, 0x40(ra)
mem[0x80003154] <- 0x00000000
mem[X,0x80000298] -> 0xA223
mem[X,0x8000029A] -> 0x0440
[171] [M]: 0x80000298 (0x0440A223) sw tp, 0x44(ra)
mem[0x80003158] <- 0x00000000
mem[X,0x8000029C] -> 0xAF07
mem[X,0x8000029E] -> 0x0241
[172] [M]: 0x8000029C (0x0241AF07) flw ft10, 0x24(gp)
mem[R,0x80002034] -> 0x80018001
f30 <- 0xFFFFFFFF80018001
mem[X,0x800002A0] -> 0x0113
mem[X,0x800002A2] -> 0x0000
[173] [M]: 0x800002A0 (0x00000113) addi sp, zero, 0x0
x2 <- 0x00000000
mem[X,0x800002A4] -> 0x1073
mem[X,0x800002A6] -> 0x0031
[174] [M]: 0x800002A4 (0x00311073) csrrw zero, fcsr, sp
CSR fcsr -> 0x00000000
CSR fcsr <- 0x00000000 (input: 0x00000000)
mem[X,0x800002A8] -> 0x0FD3
mem[X,0x800002AA] -> 0x402F
[175] [M]: 0x800002A8 (0x402F0FD3) fcvt.s.h ft11, ft10, rne
f31 <- 0xFFFFFFFF7FC00000
mem[X,0x800002AC] -> 0x2273
mem[X,0x800002AE] -> 0x0030
[176] [M]: 0x800002AC (0x00302273) csrrs tp, fcsr, zero
CSR fcsr -> 0x00000000
x4 <- 0x00000000
mem[X,0x800002B0] -> 0xA427
mem[X,0x800002B2] -> 0x05F0
[177] [M]: 0x800002B0 (0x05F0A427) fsw ft11, 0x48(ra)
mem[0x8000315C] <- 0x7FC00000
mem[X,0x800002B4] -> 0xA623
mem[X,0x800002B6] -> 0x0440
[178] [M]: 0x800002B4 (0x0440A623) sw tp, 0x4c(ra)
mem[0x80003160] <- 0x00000000
mem[X,0x800002B8] -> 0xAF07
mem[X,0x800002BA] -> 0x0281
[179] [M]: 0x800002B8 (0x0281AF07) flw ft10, 0x28(gp)
mem[R,0x80002038] -> 0x00000000
f30 <- 0xFFFFFFFF00000000
mem[X,0x800002BC] -> 0x0113
mem[X,0x800002BE] -> 0x0000
[180] [M]: 0x800002BC (0x00000113) addi sp, zero, 0x0
x2 <- 0x00000000
mem[X,0x800002C0] -> 0x1073
mem[X,0x800002C2] -> 0x0031
[181] [M]: 0x800002C0 (0x00311073) csrrw zero, fcsr, sp
CSR fcsr -> 0x00000000
CSR fcsr <- 0x00000000 (input: 0x00000000)
mem[X,0x800002C4] -> 0x0FD3
mem[X,0x800002C6] -> 0x402F
[182] [M]: 0x800002C4 (0x402F0FD3) fcvt.s.h ft11, ft10, rne
f31 <- 0xFFFFFFFF7FC00000
mem[X,0x800002C8] -> 0x2273
mem[X,0x800002CA] -> 0x0030
[183] [M]: 0x800002C8 (0x00302273) csrrs tp, fcsr, zero
CSR fcsr -> 0x00000000
x4 <- 0x00000000
mem[X,0x800002CC] -> 0xA827
mem[X,0x800002CE] -> 0x05F0
[184] [M]: 0x800002CC (0x05F0A827) fsw ft11, 0x50(ra)
mem[0x80003164] <- 0x7FC00000
mem[X,0x800002D0] -> 0xAA23
mem[X,0x800002D2] -> 0x0440
[185] [M]: 0x800002D0 (0x0440AA23) sw tp, 0x54(ra)
mem[0x80003168] <- 0x00000000
mem[X,0x800002D4] -> 0xAF07
mem[X,0x800002D6] -> 0x02C1
[186] [M]: 0x800002D4 (0x02C1AF07) flw ft10, 0x2c(gp)
mem[R,0x8000203C] -> 0xFFFF0000
f30 <- 0xFFFFFFFFFFFF0000
mem[X,0x800002D8] -> 0x0113
mem[X,0x800002DA] -> 0x0000
[187] [M]: 0x800002D8 (0x00000113) addi sp, zero, 0x0
x2 <- 0x00000000
mem[X,0x800002DC] -> 0x1073
mem[X,0x800002DE] -> 0x0031
[188] [M]: 0x800002DC (0x00311073) csrrw zero, fcsr, sp
CSR fcsr -> 0x00000000
CSR fcsr <- 0x00000000 (input: 0x00000000)
mem[X,0x800002E0] -> 0x0FD3
mem[X,0x800002E2] -> 0x402F
[189] [M]: 0x800002E0 (0x402F0FD3) fcvt.s.h ft11, ft10, rne
f31 <- 0xFFFFFFFF00000000
mem[X,0x800002E4] -> 0x2273
mem[X,0x800002E6] -> 0x0030
[190] [M]: 0x800002E4 (0x00302273) csrrs tp, fcsr, zero
CSR fcsr -> 0x00000000
x4 <- 0x00000000
mem[X,0x800002E8] -> 0xAC27
mem[X,0x800002EA] -> 0x05F0
[191] [M]: 0x800002E8 (0x05F0AC27) fsw ft11, 0x58(ra)
mem[0x8000316C] <- 0x00000000
mem[X,0x800002EC] -> 0xAE23
mem[X,0x800002EE] -> 0x0440
[192] [M]: 0x800002EC (0x0440AE23) sw tp, 0x5c(ra)
mem[0x80003170] <- 0x00000000
mem[X,0x800002F0] -> 0xAF07
mem[X,0x800002F2] -> 0x0301
[193] [M]: 0x800002F0 (0x0301AF07) flw ft10, 0x30(gp)
mem[R,0x80002040] -> 0x00020002
f30 <- 0xFFFFFFFF00020002
mem[X,0x800002F4] -> 0x0113
mem[X,0x800002F6] -> 0x0000
[194] [M]: 0x800002F4 (0x00000113) addi sp, zero, 0x0
x2 <- 0x00000000
mem[X,0x800002F8] -> 0x1073
mem[X,0x800002FA] -> 0x0031
[195] [M]: 0x800002F8 (0x00311073) csrrw zero, fcsr, sp
CSR fcsr -> 0x00000000
CSR fcsr <- 0x00000000 (input: 0x00000000)
mem[X,0x800002FC] -> 0x0FD3
mem[X,0x800002FE] -> 0x402F
[196] [M]: 0x800002FC (0x402F0FD3) fcvt.s.h ft11, ft10, rne
f31 <- 0xFFFFFFFF7FC00000
mem[X,0x80000300] -> 0x2273
mem[X,0x80000302] -> 0x0030
[197] [M]: 0x80000300 (0x00302273) csrrs tp, fcsr, zero
CSR fcsr -> 0x00000000
x4 <- 0x00000000
mem[X,0x80000304] -> 0xA027
mem[X,0x80000306] -> 0x07F0
[198] [M]: 0x80000304 (0x07F0A027) fsw ft11, 0x60(ra)
mem[0x80003174] <- 0x7FC00000
mem[X,0x80000308] -> 0xA223
mem[X,0x8000030A] -> 0x0640
[199] [M]: 0x80000308 (0x0640A223) sw tp, 0x64(ra)
mem[0x80003178] <- 0x00000000
clint::tick mtime <- 0x0000000000000002
 clint timer pending at mtime 0x0000000000000002
htif::tick 0x0000000000000000
mem[X,0x8000030C] -> 0xAF07
mem[X,0x8000030E] -> 0x0341
[200] [M]: 0x8000030C (0x0341AF07) flw ft10, 0x34(gp)
mem[R,0x80002044] -> 0x00000000
f30 <- 0xFFFFFFFF00000000
mem[X,0x80000310] -> 0x0113
mem[X,0x80000312] -> 0x0000
[201] [M]: 0x80000310 (0x00000113) addi sp, zero, 0x0
x2 <- 0x00000000
mem[X,0x80000314] -> 0x1073
mem[X,0x80000316] -> 0x0031
[202] [M]: 0x80000314 (0x00311073) csrrw zero, fcsr, sp
CSR fcsr -> 0x00000000
CSR fcsr <- 0x00000000 (input: 0x00000000)
mem[X,0x80000318] -> 0x0FD3
mem[X,0x8000031A] -> 0x402F
[203] [M]: 0x80000318 (0x402F0FD3) fcvt.s.h ft11, ft10, rne
f31 <- 0xFFFFFFFF7FC00000
mem[X,0x8000031C] -> 0x2273
mem[X,0x8000031E] -> 0x0030
[204] [M]: 0x8000031C (0x00302273) csrrs tp, fcsr, zero
CSR fcsr -> 0x00000000
x4 <- 0x00000000
mem[X,0x80000320] -> 0xA427
mem[X,0x80000322] -> 0x07F0
[205] [M]: 0x80000320 (0x07F0A427) fsw ft11, 0x68(ra)
mem[0x8000317C] <- 0x7FC00000
mem[X,0x80000324] -> 0xA623
mem[X,0x80000326] -> 0x0640
[206] [M]: 0x80000324 (0x0640A623) sw tp, 0x6c(ra)
mem[0x80003180] <- 0x00000000
mem[X,0x80000328] -> 0xAF07
mem[X,0x8000032A] -> 0x0381
[207] [M]: 0x80000328 (0x0381AF07) flw ft10, 0x38(gp)
mem[R,0x80002048] -> 0xFFFF0000
f30 <- 0xFFFFFFFFFFFF0000
mem[X,0x8000032C] -> 0x0113
mem[X,0x8000032E] -> 0x0000
[208] [M]: 0x8000032C (0x00000113) addi sp, zero, 0x0
x2 <- 0x00000000
mem[X,0x80000330] -> 0x1073
mem[X,0x80000332] -> 0x0031
[209] [M]: 0x80000330 (0x00311073) csrrw zero, fcsr, sp
CSR fcsr -> 0x00000000
CSR fcsr <- 0x00000000 (input: 0x00000000)
mem[X,0x80000334] -> 0x0FD3
mem[X,0x80000336] -> 0x402F
[210] [M]: 0x80000334 (0x402F0FD3) fcvt.s.h ft11, ft10, rne
f31 <- 0xFFFFFFFF00000000
mem[X,0x80000338] -> 0x2273
mem[X,0x8000033A] -> 0x0030
[211] [M]: 0x80000338 (0x00302273) csrrs tp, fcsr, zero
CSR fcsr -> 0x00000000
x4 <- 0x00000000
mem[X,0x8000033C] -> 0xA827
mem[X,0x8000033E] -> 0x07F0
[212] [M]: 0x8000033C (0x07F0A827) fsw ft11, 0x70(ra)
mem[0x80003184] <- 0x00000000
mem[X,0x80000340] -> 0xAA23
mem[X,0x80000342] -> 0x0640
[213] [M]: 0x80000340 (0x0640AA23) sw tp, 0x74(ra)
mem[0x80003188] <- 0x00000000
mem[X,0x80000344] -> 0xAF07
mem[X,0x80000346] -> 0x03C1
[214] [M]: 0x80000344 (0x03C1AF07) flw ft10, 0x3c(gp)
mem[R,0x8000204C] -> 0xB47EB47E
f30 <- 0xFFFFFFFFB47EB47E
mem[X,0x80000348] -> 0x0113
mem[X,0x8000034A] -> 0x0000
[215] [M]: 0x80000348 (0x00000113) addi sp, zero, 0x0
x2 <- 0x00000000
mem[X,0x8000034C] -> 0x1073
mem[X,0x8000034E] -> 0x0031
[216] [M]: 0x8000034C (0x00311073) csrrw zero, fcsr, sp
CSR fcsr -> 0x00000000
CSR fcsr <- 0x00000000 (input: 0x00000000)
mem[X,0x80000350] -> 0x0FD3
mem[X,0x80000352] -> 0x402F
[217] [M]: 0x80000350 (0x402F0FD3) fcvt.s.h ft11, ft10, rne
f31 <- 0xFFFFFFFF7FC00000
mem[X,0x80000354] -> 0x2273
mem[X,0x80000356] -> 0x0030
[218] [M]: 0x80000354 (0x00302273) csrrs tp, fcsr, zero
CSR fcsr -> 0x00000000
x4 <- 0x00000000
mem[X,0x80000358] -> 0xAC27
mem[X,0x8000035A] -> 0x07F0
[219] [M]: 0x80000358 (0x07F0AC27) fsw ft11, 0x78(ra)
mem[0x8000318C] <- 0x7FC00000
mem[X,0x8000035C] -> 0xAE23
mem[X,0x8000035E] -> 0x0640
[220] [M]: 0x8000035C (0x0640AE23) sw tp, 0x7c(ra)
mem[0x80003190] <- 0x00000000
mem[X,0x80000360] -> 0xAF07
mem[X,0x80000362] -> 0x0401
[221] [M]: 0x80000360 (0x0401AF07) flw ft10, 0x40(gp)
mem[R,0x80002050] -> 0x00000000
f30 <- 0xFFFFFFFF00000000
mem[X,0x80000364] -> 0x0113
mem[X,0x80000366] -> 0x0000
[222] [M]: 0x80000364 (0x00000113) addi sp, zero, 0x0
x2 <- 0x00000000
mem[X,0x80000368] -> 0x1073
mem[X,0x8000036A] -> 0x0031
[223] [M]: 0x80000368 (0x00311073) csrrw zero, fcsr, sp
CSR fcsr -> 0x00000000
CSR fcsr <- 0x00000000 (input: 0x00000000)
mem[X,0x8000036C] -> 0x0FD3
mem[X,0x8000036E] -> 0x402F
[224] [M]: 0x8000036C (0x402F0FD3) fcvt.s.h ft11, ft10, rne
f31 <- 0xFFFFFFFF7FC00000
mem[X,0x80000370] -> 0x2273
mem[X,0x80000372] -> 0x0030
[225] [M]: 0x80000370 (0x00302273) csrrs tp, fcsr, zero
CSR fcsr -> 0x00000000
x4 <- 0x00000000
mem[X,0x80000374] -> 0xA027
mem[X,0x80000376] -> 0x09F0
[226] [M]: 0x80000374 (0x09F0A027) fsw ft11, 0x80(ra)
mem[0x80003194] <- 0x7FC00000
mem[X,0x80000378] -> 0xA223
mem[X,0x8000037A] -> 0x0840
[227] [M]: 0x80000378 (0x0840A223) sw tp, 0x84(ra)
mem[0x80003198] <- 0x00000000
mem[X,0x8000037C] -> 0xAF07
mem[X,0x8000037E] -> 0x0441
[228] [M]: 0x8000037C (0x0441AF07) flw ft10, 0x44(gp)
mem[R,0x80002054] -> 0xFFFF0000
f30 <- 0xFFFFFFFFFFFF0000
mem[X,0x80000380] -> 0x0113
mem[X,0x80000382] -> 0x0000
[229] [M]: 0x80000380 (0x00000113) addi sp, zero, 0x0
x2 <- 0x00000000
mem[X,0x80000384] -> 0x1073
mem[X,0x80000386] -> 0x0031
[230] [M]: 0x80000384 (0x00311073) csrrw zero, fcsr, sp
CSR fcsr -> 0x00000000
CSR fcsr <- 0x00000000 (input: 0x00000000)
mem[X,0x80000388] -> 0x0FD3
mem[X,0x8000038A] -> 0x402F
[231] [M]: 0x80000388 (0x402F0FD3) fcvt.s.h ft11, ft10, rne
f31 <- 0xFFFFFFFF00000000
mem[X,0x8000038C] -> 0x2273
mem[X,0x8000038E] -> 0x0030
[232] [M]: 0x8000038C (0x00302273) csrrs tp, fcsr, zero
CSR fcsr -> 0x00000000
x4 <- 0x00000000
mem[X,0x80000390] -> 0xA427
mem[X,0x80000392] -> 0x09F0
[233] [M]: 0x80000390 (0x09F0A427) fsw ft11, 0x88(ra)
mem[0x8000319C] <- 0x00000000
mem[X,0x80000394] -> 0xA623
mem[X,0x80000396] -> 0x0840
[234] [M]: 0x80000394 (0x0840A623) sw tp, 0x8c(ra)
mem[0x800031A0] <- 0x00000000
mem[X,0x80000398] -> 0xAF07
mem[X,0x8000039A] -> 0x0481
[235] [M]: 0x80000398 (0x0481AF07) flw ft10, 0x48(gp)
mem[R,0x80002058] -> 0x00FF00FF
f30 <- 0xFFFFFFFF00FF00FF
mem[X,0x8000039C] -> 0x0113
mem[X,0x8000039E] -> 0x0000
[236] [M]: 0x8000039C (0x00000113) addi sp, zero, 0x0
x2 <- 0x00000000
mem[X,0x800003A0] -> 0x1073
mem[X,0x800003A2] -> 0x0031
[237] [M]: 0x800003A0 (0x00311073) csrrw zero, fcsr, sp
CSR fcsr -> 0x00000000
CSR fcsr <- 0x00000000 (input: 0x00000000)
mem[X,0x800003A4] -> 0x0FD3
mem[X,0x800003A6] -> 0x402F
[238] [M]: 0x800003A4 (0x402F0FD3) fcvt.s.h ft11, ft10, rne
f31 <- 0xFFFFFFFF7FC00000
mem[X,0x800003A8] -> 0x2273
mem[X,0x800003AA] -> 0x0030
[239] [M]: 0x800003A8 (0x00302273) csrrs tp, fcsr, zero
CSR fcsr -> 0x00000000
x4 <- 0x00000000
mem[X,0x800003AC] -> 0xA827
mem[X,0x800003AE] -> 0x09F0
[240] [M]: 0x800003AC (0x09F0A827) fsw ft11, 0x90(ra)
mem[0x800031A4] <- 0x7FC00000
mem[X,0x800003B0] -> 0xAA23
mem[X,0x800003B2] -> 0x0840
[241] [M]: 0x800003B0 (0x0840AA23) sw tp, 0x94(ra)
mem[0x800031A8] <- 0x00000000
mem[X,0x800003B4] -> 0x006F
mem[X,0x800003B6] -> 0x0200
[242] [M]: 0x800003B4 (0x0200006F) jal zero, 0x20
mem[X,0x800003D4] -> 0x0093
mem[X,0x800003D6] -> 0x0010
[243] [M]: 0x800003D4 (0x00100093) addi ra, zero, 0x1
x1 <- 0x00000001
mem[X,0x800003D8] -> 0x1F17
mem[X,0x800003DA] -> 0x0000
[244] [M]: 0x800003D8 (0x00001F17) auipc t5, 0x1
x30 <- 0x800013D8
mem[X,0x800003DC] -> 0x2423
mem[X,0x800003DE] -> 0xC21F
[245] [M]: 0x800003DC (0xC21F2423) sw ra, 0xc28(t5)
htif[0x80001000] <- 0x00000001
mem[X,0x800003E0] -> 0xF06F
mem[X,0x800003E2] -> 0xFF9F
[246] [M]: 0x800003E0 (0xFF9FF06F) jal zero, 0x1ffff8
mem[X,0x800003D8] -> 0x1F17
mem[X,0x800003DA] -> 0x0000
[247] [M]: 0x800003D8 (0x00001F17) auipc t5, 0x1
x30 <- 0x800013D8
mem[X,0x800003DC] -> 0x2423
mem[X,0x800003DE] -> 0xC21F
[248] [M]: 0x800003DC (0xC21F2423) sw ra, 0xc28(t5)
htif[0x80001000] <- 0x00000001
mem[X,0x800003E0] -> 0xF06F
mem[X,0x800003E2] -> 0xFF9F
[249] [M]: 0x800003E0 (0xFF9FF06F) jal zero, 0x1ffff8
mem[X,0x800003D8] -> 0x1F17
mem[X,0x800003DA] -> 0x0000
[250] [M]: 0x800003D8 (0x00001F17) auipc t5, 0x1
x30 <- 0x800013D8
mem[X,0x800003DC] -> 0x2423
mem[X,0x800003DE] -> 0xC21F
[251] [M]: 0x800003DC (0xC21F2423) sw ra, 0xc28(t5)
htif[0x80001000] <- 0x00000001
htif-syscall-proxy cmd: 0x000000000001
SUCCESS
