using /home/pager/Desktop/work/ZfhTest/riscof_work/rv32i_m/Zfh/src/fcvt.h.s_b29-01.S/ref/Reference-sail_c_simulator.signature for test-signature output.
tohost located at 0x80001000
Running file ref.elf.
ELF Entry @ 0x80000000
begin_signature: 0x80003110
end_signature: 0x800033a0
CSR mstatus <- 0x00000000 (input: 0x00000000)
mem[X,0x00001000] -> 0x0297
mem[X,0x00001002] -> 0x0000
[0] [M]: 0x00001000 (0x00000297) auipc t0, 0x0
x5 <- 0x00001000
mem[X,0x00001004] -> 0x8593
mem[X,0x00001006] -> 0x0202
[1] [M]: 0x00001004 (0x02028593) addi a1, t0, 0x20
x11 <- 0x00001020
mem[X,0x00001008] -> 0x2573
mem[X,0x0000100A] -> 0xF140
[2] [M]: 0x00001008 (0xF1402573) csrrs a0, mhartid, zero
CSR mhartid -> 0x00000000
x10 <- 0x00000000
mem[X,0x0000100C] -> 0xA283
mem[X,0x0000100E] -> 0x0182
[3] [M]: 0x0000100C (0x0182A283) lw t0, 0x18(t0)
mem[R,0x00001018] -> 0x80000000
x5 <- 0x80000000
mem[X,0x00001010] -> 0x8067
mem[X,0x00001012] -> 0x0002
[4] [M]: 0x00001010 (0x00028067) jalr zero, 0x0(t0)
mem[X,0x80000000] -> 0x0837
mem[X,0x80000002] -> 0x7D5C
[5] [M]: 0x80000000 (0x7D5C0837) lui a6, 0x7d5c0
x16 <- 0x7D5C0000
mem[X,0x80000004] -> 0x0813
mem[X,0x80000006] -> 0xDDB8
[6] [M]: 0x80000004 (0xDDB80813) addi a6, a6, 0xddb
x16 <- 0x7D5BFDDB
mem[X,0x80000008] -> 0x5893
mem[X,0x8000000A] -> 0x0078
[7] [M]: 0x80000008 (0x00785893) srli a7, a6, 0x7
x17 <- 0x00FAB7FB
mem[X,0x8000000C] -> 0x5793
mem[X,0x8000000E] -> 0x0198
[8] [M]: 0x8000000C (0x01985793) srli a5, a6, 0x19
x15 <- 0x0000003E
mem[X,0x80000010] -> 0xE8B3
mem[X,0x80000012] -> 0x00F8
[9] [M]: 0x80000010 (0x00F8E8B3) or a7, a7, a5
x17 <- 0x00FAB7FF
mem[X,0x80000014] -> 0xD913
mem[X,0x80000016] -> 0x0078
[10] [M]: 0x80000014 (0x0078D913) srli s2, a7, 0x7
x18 <- 0x0001F56F
mem[X,0x80000018] -> 0xD793
mem[X,0x8000001A] -> 0x0198
[11] [M]: 0x80000018 (0x0198D793) srli a5, a7, 0x19
x15 <- 0x00000000
mem[X,0x8000001C] -> 0x6933
mem[X,0x8000001E] -> 0x00F9
[12] [M]: 0x8000001C (0x00F96933) or s2, s2, a5
x18 <- 0x0001F56F
mem[X,0x80000020] -> 0x5993
mem[X,0x80000022] -> 0x0079
[13] [M]: 0x80000020 (0x00795993) srli s3, s2, 0x7
x19 <- 0x000003EA
mem[X,0x80000024] -> 0x5793
mem[X,0x80000026] -> 0x0199
[14] [M]: 0x80000024 (0x01995793) srli a5, s2, 0x19
x15 <- 0x00000000
mem[X,0x80000028] -> 0xE9B3
mem[X,0x8000002A] -> 0x00F9
[15] [M]: 0x80000028 (0x00F9E9B3) or s3, s3, a5
x19 <- 0x000003EA
mem[X,0x8000002C] -> 0xDA13
mem[X,0x8000002E] -> 0x0079
[16] [M]: 0x8000002C (0x0079DA13) srli s4, s3, 0x7
x20 <- 0x00000007
mem[X,0x80000030] -> 0xD793
mem[X,0x80000032] -> 0x0199
[17] [M]: 0x80000030 (0x0199D793) srli a5, s3, 0x19
x15 <- 0x00000000
mem[X,0x80000034] -> 0x6A33
mem[X,0x80000036] -> 0x00FA
[18] [M]: 0x80000034 (0x00FA6A33) or s4, s4, a5
x20 <- 0x00000007
mem[X,0x80000038] -> 0x5A93
mem[X,0x8000003A] -> 0x007A
[19] [M]: 0x80000038 (0x007A5A93) srli s5, s4, 0x7
x21 <- 0x00000000
mem[X,0x8000003C] -> 0x5793
mem[X,0x8000003E] -> 0x019A
[20] [M]: 0x8000003C (0x019A5793) srli a5, s4, 0x19
x15 <- 0x00000000
mem[X,0x80000040] -> 0xEAB3
mem[X,0x80000042] -> 0x00FA
[21] [M]: 0x80000040 (0x00FAEAB3) or s5, s5, a5
x21 <- 0x00000000
mem[X,0x80000044] -> 0xDB13
mem[X,0x80000046] -> 0x007A
[22] [M]: 0x80000044 (0x007ADB13) srli s6, s5, 0x7
x22 <- 0x00000000
mem[X,0x80000048] -> 0xD793
mem[X,0x8000004A] -> 0x019A
[23] [M]: 0x80000048 (0x019AD793) srli a5, s5, 0x19
x15 <- 0x00000000
mem[X,0x8000004C] -> 0x6B33
mem[X,0x8000004E] -> 0x00FB
[24] [M]: 0x8000004C (0x00FB6B33) or s6, s6, a5
x22 <- 0x00000000
mem[X,0x80000050] -> 0x5B93
mem[X,0x80000052] -> 0x007B
[25] [M]: 0x80000050 (0x007B5B93) srli s7, s6, 0x7
x23 <- 0x00000000
mem[X,0x80000054] -> 0x5793
mem[X,0x80000056] -> 0x019B
[26] [M]: 0x80000054 (0x019B5793) srli a5, s6, 0x19
x15 <- 0x00000000
mem[X,0x80000058] -> 0xEBB3
mem[X,0x8000005A] -> 0x00FB
[27] [M]: 0x80000058 (0x00FBEBB3) or s7, s7, a5
x23 <- 0x00000000
mem[X,0x8000005C] -> 0xDC13
mem[X,0x8000005E] -> 0x007B
[28] [M]: 0x8000005C (0x007BDC13) srli s8, s7, 0x7
x24 <- 0x00000000
mem[X,0x80000060] -> 0xD793
mem[X,0x80000062] -> 0x019B
[29] [M]: 0x80000060 (0x019BD793) srli a5, s7, 0x19
x15 <- 0x00000000
mem[X,0x80000064] -> 0x6C33
mem[X,0x80000066] -> 0x00FC
[30] [M]: 0x80000064 (0x00FC6C33) or s8, s8, a5
x24 <- 0x00000000
mem[X,0x80000068] -> 0x5C93
mem[X,0x8000006A] -> 0x007C
[31] [M]: 0x80000068 (0x007C5C93) srli s9, s8, 0x7
x25 <- 0x00000000
mem[X,0x8000006C] -> 0x5793
mem[X,0x8000006E] -> 0x019C
[32] [M]: 0x8000006C (0x019C5793) srli a5, s8, 0x19
x15 <- 0x00000000
mem[X,0x80000070] -> 0xECB3
mem[X,0x80000072] -> 0x00FC
[33] [M]: 0x80000070 (0x00FCECB3) or s9, s9, a5
x25 <- 0x00000000
mem[X,0x80000074] -> 0xDD13
mem[X,0x80000076] -> 0x007C
[34] [M]: 0x80000074 (0x007CDD13) srli s10, s9, 0x7
x26 <- 0x00000000
mem[X,0x80000078] -> 0xD793
mem[X,0x8000007A] -> 0x019C
[35] [M]: 0x80000078 (0x019CD793) srli a5, s9, 0x19
x15 <- 0x00000000
mem[X,0x8000007C] -> 0x6D33
mem[X,0x8000007E] -> 0x00FD
[36] [M]: 0x8000007C (0x00FD6D33) or s10, s10, a5
x26 <- 0x00000000
mem[X,0x80000080] -> 0x5D93
mem[X,0x80000082] -> 0x007D
[37] [M]: 0x80000080 (0x007D5D93) srli s11, s10, 0x7
x27 <- 0x00000000
mem[X,0x80000084] -> 0x5793
mem[X,0x80000086] -> 0x019D
[38] [M]: 0x80000084 (0x019D5793) srli a5, s10, 0x19
x15 <- 0x00000000
mem[X,0x80000088] -> 0xEDB3
mem[X,0x8000008A] -> 0x00FD
[39] [M]: 0x80000088 (0x00FDEDB3) or s11, s11, a5
x27 <- 0x00000000
mem[X,0x8000008C] -> 0xDE13
mem[X,0x8000008E] -> 0x007D
[40] [M]: 0x8000008C (0x007DDE13) srli t3, s11, 0x7
x28 <- 0x00000000
mem[X,0x80000090] -> 0xD793
mem[X,0x80000092] -> 0x019D
[41] [M]: 0x80000090 (0x019DD793) srli a5, s11, 0x19
x15 <- 0x00000000
mem[X,0x80000094] -> 0x6E33
mem[X,0x80000096] -> 0x00FE
[42] [M]: 0x80000094 (0x00FE6E33) or t3, t3, a5
x28 <- 0x00000000
mem[X,0x80000098] -> 0x5E93
mem[X,0x8000009A] -> 0x007E
[43] [M]: 0x80000098 (0x007E5E93) srli t4, t3, 0x7
x29 <- 0x00000000
mem[X,0x8000009C] -> 0x5793
mem[X,0x8000009E] -> 0x019E
[44] [M]: 0x8000009C (0x019E5793) srli a5, t3, 0x19
x15 <- 0x00000000
mem[X,0x800000A0] -> 0xEEB3
mem[X,0x800000A2] -> 0x00FE
[45] [M]: 0x800000A0 (0x00FEEEB3) or t4, t4, a5
x29 <- 0x00000000
mem[X,0x800000A4] -> 0xDF13
mem[X,0x800000A6] -> 0x007E
[46] [M]: 0x800000A4 (0x007EDF13) srli t5, t4, 0x7
x30 <- 0x00000000
mem[X,0x800000A8] -> 0xD793
mem[X,0x800000AA] -> 0x019E
[47] [M]: 0x800000A8 (0x019ED793) srli a5, t4, 0x19
x15 <- 0x00000000
mem[X,0x800000AC] -> 0x6F33
mem[X,0x800000AE] -> 0x00FF
[48] [M]: 0x800000AC (0x00FF6F33) or t5, t5, a5
x30 <- 0x00000000
mem[X,0x800000B0] -> 0xC0B7
mem[X,0x800000B2] -> 0xFEED
[49] [M]: 0x800000B0 (0xFEEDC0B7) lui ra, 0xfeedc
x1 <- 0xFEEDC000
mem[X,0x800000B4] -> 0x8093
mem[X,0x800000B6] -> 0xEAD0
[50] [M]: 0x800000B4 (0xEAD08093) addi ra, ra, 0xead
x1 <- 0xFEEDBEAD
mem[X,0x800000B8] -> 0xD113
mem[X,0x800000BA] -> 0x0070
[51] [M]: 0x800000B8 (0x0070D113) srli sp, ra, 0x7
x2 <- 0x01FDDB7D
mem[X,0x800000BC] -> 0xD793
mem[X,0x800000BE] -> 0x0190
[52] [M]: 0x800000BC (0x0190D793) srli a5, ra, 0x19
x15 <- 0x0000007F
mem[X,0x800000C0] -> 0x6133
mem[X,0x800000C2] -> 0x00F1
[53] [M]: 0x800000C0 (0x00F16133) or sp, sp, a5
x2 <- 0x01FDDB7F
mem[X,0x800000C4] -> 0x5193
mem[X,0x800000C6] -> 0x0071
[54] [M]: 0x800000C4 (0x00715193) srli gp, sp, 0x7
x3 <- 0x0003FBB6
mem[X,0x800000C8] -> 0x5793
mem[X,0x800000CA] -> 0x0191
[55] [M]: 0x800000C8 (0x01915793) srli a5, sp, 0x19
x15 <- 0x00000000
mem[X,0x800000CC] -> 0xE1B3
mem[X,0x800000CE] -> 0x00F1
[56] [M]: 0x800000CC (0x00F1E1B3) or gp, gp, a5
x3 <- 0x0003FBB6
mem[X,0x800000D0] -> 0xD213
mem[X,0x800000D2] -> 0x0071
[57] [M]: 0x800000D0 (0x0071D213) srli tp, gp, 0x7
x4 <- 0x000007F7
mem[X,0x800000D4] -> 0xD793
mem[X,0x800000D6] -> 0x0191
[58] [M]: 0x800000D4 (0x0191D793) srli a5, gp, 0x19
x15 <- 0x00000000
mem[X,0x800000D8] -> 0x6233
mem[X,0x800000DA] -> 0x00F2
[59] [M]: 0x800000D8 (0x00F26233) or tp, tp, a5
x4 <- 0x000007F7
mem[X,0x800000DC] -> 0x5293
mem[X,0x800000DE] -> 0x0072
[60] [M]: 0x800000DC (0x00725293) srli t0, tp, 0x7
x5 <- 0x0000000F
mem[X,0x800000E0] -> 0x5793
mem[X,0x800000E2] -> 0x0192
[61] [M]: 0x800000E0 (0x01925793) srli a5, tp, 0x19
x15 <- 0x00000000
mem[X,0x800000E4] -> 0xE2B3
mem[X,0x800000E6] -> 0x00F2
[62] [M]: 0x800000E4 (0x00F2E2B3) or t0, t0, a5
x5 <- 0x0000000F
mem[X,0x800000E8] -> 0xD313
mem[X,0x800000EA] -> 0x0072
[63] [M]: 0x800000E8 (0x0072D313) srli t1, t0, 0x7
x6 <- 0x00000000
mem[X,0x800000EC] -> 0xD793
mem[X,0x800000EE] -> 0x0192
[64] [M]: 0x800000EC (0x0192D793) srli a5, t0, 0x19
x15 <- 0x00000000
mem[X,0x800000F0] -> 0x6333
mem[X,0x800000F2] -> 0x00F3
[65] [M]: 0x800000F0 (0x00F36333) or t1, t1, a5
x6 <- 0x00000000
mem[X,0x800000F4] -> 0x5393
mem[X,0x800000F6] -> 0x0073
[66] [M]: 0x800000F4 (0x00735393) srli t2, t1, 0x7
x7 <- 0x00000000
mem[X,0x800000F8] -> 0x5793
mem[X,0x800000FA] -> 0x0193
[67] [M]: 0x800000F8 (0x01935793) srli a5, t1, 0x19
x15 <- 0x00000000
mem[X,0x800000FC] -> 0xE3B3
mem[X,0x800000FE] -> 0x00F3
[68] [M]: 0x800000FC (0x00F3E3B3) or t2, t2, a5
x7 <- 0x00000000
mem[X,0x80000100] -> 0xD413
mem[X,0x80000102] -> 0x0073
[69] [M]: 0x80000100 (0x0073D413) srli fp, t2, 0x7
x8 <- 0x00000000
mem[X,0x80000104] -> 0xD793
mem[X,0x80000106] -> 0x0193
[70] [M]: 0x80000104 (0x0193D793) srli a5, t2, 0x19
x15 <- 0x00000000
mem[X,0x80000108] -> 0x6433
mem[X,0x8000010A] -> 0x00F4
[71] [M]: 0x80000108 (0x00F46433) or fp, fp, a5
x8 <- 0x00000000
mem[X,0x8000010C] -> 0x5493
mem[X,0x8000010E] -> 0x0074
[72] [M]: 0x8000010C (0x00745493) srli s1, fp, 0x7
x9 <- 0x00000000
mem[X,0x80000110] -> 0x5793
mem[X,0x80000112] -> 0x0194
[73] [M]: 0x80000110 (0x01945793) srli a5, fp, 0x19
x15 <- 0x00000000
mem[X,0x80000114] -> 0xE4B3
mem[X,0x80000116] -> 0x00F4
[74] [M]: 0x80000114 (0x00F4E4B3) or s1, s1, a5
x9 <- 0x00000000
mem[X,0x80000118] -> 0xD513
mem[X,0x8000011A] -> 0x0074
[75] [M]: 0x80000118 (0x0074D513) srli a0, s1, 0x7
x10 <- 0x00000000
mem[X,0x8000011C] -> 0xD793
mem[X,0x8000011E] -> 0x0194
[76] [M]: 0x8000011C (0x0194D793) srli a5, s1, 0x19
x15 <- 0x00000000
mem[X,0x80000120] -> 0x6533
mem[X,0x80000122] -> 0x00F5
[77] [M]: 0x80000120 (0x00F56533) or a0, a0, a5
x10 <- 0x00000000
mem[X,0x80000124] -> 0x5593
mem[X,0x80000126] -> 0x0075
[78] [M]: 0x80000124 (0x00755593) srli a1, a0, 0x7
x11 <- 0x00000000
mem[X,0x80000128] -> 0x5793
mem[X,0x8000012A] -> 0x0195
[79] [M]: 0x80000128 (0x01955793) srli a5, a0, 0x19
x15 <- 0x00000000
mem[X,0x8000012C] -> 0xE5B3
mem[X,0x8000012E] -> 0x00F5
[80] [M]: 0x8000012C (0x00F5E5B3) or a1, a1, a5
x11 <- 0x00000000
mem[X,0x80000130] -> 0xD613
mem[X,0x80000132] -> 0x0075
[81] [M]: 0x80000130 (0x0075D613) srli a2, a1, 0x7
x12 <- 0x00000000
mem[X,0x80000134] -> 0xD793
mem[X,0x80000136] -> 0x0195
[82] [M]: 0x80000134 (0x0195D793) srli a5, a1, 0x19
x15 <- 0x00000000
mem[X,0x80000138] -> 0x6633
mem[X,0x8000013A] -> 0x00F6
[83] [M]: 0x80000138 (0x00F66633) or a2, a2, a5
x12 <- 0x00000000
mem[X,0x8000013C] -> 0x5693
mem[X,0x8000013E] -> 0x0076
[84] [M]: 0x8000013C (0x00765693) srli a3, a2, 0x7
x13 <- 0x00000000
mem[X,0x80000140] -> 0x5793
mem[X,0x80000142] -> 0x0196
[85] [M]: 0x80000140 (0x01965793) srli a5, a2, 0x19
x15 <- 0x00000000
mem[X,0x80000144] -> 0xE6B3
mem[X,0x80000146] -> 0x00F6
[86] [M]: 0x80000144 (0x00F6E6B3) or a3, a3, a5
x13 <- 0x00000000
mem[X,0x80000148] -> 0x2537
mem[X,0x8000014A] -> 0x0000
[87] [M]: 0x80000148 (0x00002537) lui a0, 0x2
x10 <- 0x00002000
mem[X,0x8000014C] -> 0x2073
mem[X,0x8000014E] -> 0x3005
[88] [M]: 0x8000014C (0x30052073) csrrs zero, mstatus, a0
CSR mstatus -> 0x00000000
CSR mstatus <- 0x00002000 (input: 0x00002000)
mem[X,0x80000150] -> 0x5073
mem[X,0x80000152] -> 0x0030
[89] [M]: 0x80000150 (0x00305073) csrrwi zero, fcsr, 0x0
CSR fcsr -> 0x00000000
CSR fcsr <- 0x00000000 (input: 0x00000000)
mem[X,0x80000154] -> 0x0013
mem[X,0x80000156] -> 0x0000
[90] [M]: 0x80000154 (0x00000013) addi zero, zero, 0x0
mem[X,0x80000158] -> 0x0013
mem[X,0x8000015A] -> 0x0000
[91] [M]: 0x80000158 (0x00000013) addi zero, zero, 0x0
mem[X,0x8000015C] -> 0x0013
mem[X,0x8000015E] -> 0x0000
[92] [M]: 0x8000015C (0x00000013) addi zero, zero, 0x0
mem[X,0x80000160] -> 0x2197
mem[X,0x80000162] -> 0x0000
[93] [M]: 0x80000160 (0x00002197) auipc gp, 0x2
x3 <- 0x80002160
mem[X,0x80000164] -> 0x8193
mem[X,0x80000166] -> 0xEB01
[94] [M]: 0x80000164 (0xEB018193) addi gp, gp, 0xeb0
x3 <- 0x80002010
mem[X,0x80000168] -> 0x0013
mem[X,0x8000016A] -> 0x0000
[95] [M]: 0x80000168 (0x00000013) addi zero, zero, 0x0
mem[X,0x8000016C] -> 0x0013
mem[X,0x8000016E] -> 0x0000
[96] [M]: 0x8000016C (0x00000013) addi zero, zero, 0x0
mem[X,0x80000170] -> 0x0013
mem[X,0x80000172] -> 0x0000
[97] [M]: 0x80000170 (0x00000013) addi zero, zero, 0x0
mem[X,0x80000174] -> 0x0013
mem[X,0x80000176] -> 0x0000
[98] [M]: 0x80000174 (0x00000013) addi zero, zero, 0x0
mem[X,0x80000178] -> 0x0013
mem[X,0x8000017A] -> 0x0000
[99] [M]: 0x80000178 (0x00000013) addi zero, zero, 0x0
clint::tick mtime <- 0x0000000000000001
 clint timer pending at mtime 0x0000000000000001
htif::tick 0x0000000000000000
mem[X,0x8000017C] -> 0x0013
mem[X,0x8000017E] -> 0x0000
[100] [M]: 0x8000017C (0x00000013) addi zero, zero, 0x0
mem[X,0x80000180] -> 0x3097
mem[X,0x80000182] -> 0x0000
[101] [M]: 0x80000180 (0x00003097) auipc ra, 0x3
x1 <- 0x80003180
mem[X,0x80000184] -> 0x8093
mem[X,0x80000186] -> 0xF940
[102] [M]: 0x80000184 (0xF9408093) addi ra, ra, 0xf94
x1 <- 0x80003114
mem[X,0x80000188] -> 0x0013
mem[X,0x8000018A] -> 0x0000
[103] [M]: 0x80000188 (0x00000013) addi zero, zero, 0x0
mem[X,0x8000018C] -> 0x0013
mem[X,0x8000018E] -> 0x0000
[104] [M]: 0x8000018C (0x00000013) addi zero, zero, 0x0
mem[X,0x80000190] -> 0x0013
mem[X,0x80000192] -> 0x0000
[105] [M]: 0x80000190 (0x00000013) addi zero, zero, 0x0
mem[X,0x80000194] -> 0x0013
mem[X,0x80000196] -> 0x0000
[106] [M]: 0x80000194 (0x00000013) addi zero, zero, 0x0
mem[X,0x80000198] -> 0x0013
mem[X,0x8000019A] -> 0x0000
[107] [M]: 0x80000198 (0x00000013) addi zero, zero, 0x0
mem[X,0x8000019C] -> 0x0013
mem[X,0x8000019E] -> 0x0000
[108] [M]: 0x8000019C (0x00000013) addi zero, zero, 0x0
mem[X,0x800001A0] -> 0xAF07
mem[X,0x800001A2] -> 0x0001
[109] [M]: 0x800001A0 (0x0001AF07) flw ft10, 0x0(gp)
mem[R,0x80002010] -> 0x3E4923B8
f30 <- 0xFFFFFFFF3E4923B8
mem[X,0x800001A4] -> 0x0113
mem[X,0x800001A6] -> 0x0000
[110] [M]: 0x800001A4 (0x00000113) addi sp, zero, 0x0
x2 <- 0x00000000
mem[X,0x800001A8] -> 0x1073
mem[X,0x800001AA] -> 0x0031
[111] [M]: 0x800001A8 (0x00311073) csrrw zero, fcsr, sp
CSR fcsr -> 0x00000000
CSR fcsr <- 0x00000000 (input: 0x00000000)
mem[X,0x800001AC] -> 0x7FD3
mem[X,0x800001AE] -> 0x440F
[112] [M]: 0x800001AC (0x440F7FD3) fcvt.h.s ft11, ft10, dyn
f31 <- 0xFFFFFFFFFFFF3249
mem[X,0x800001B0] -> 0x2273
mem[X,0x800001B2] -> 0x0030
[113] [M]: 0x800001B0 (0x00302273) csrrs tp, fcsr, zero
CSR fcsr -> 0x00000001
x4 <- 0x00000001
mem[X,0x800001B4] -> 0xA027
mem[X,0x800001B6] -> 0x01F0
[114] [M]: 0x800001B4 (0x01F0A027) fsw ft11, 0x0(ra)
mem[0x80003114] <- 0xFFFF3249
mem[X,0x800001B8] -> 0xA223
mem[X,0x800001BA] -> 0x0040
[115] [M]: 0x800001B8 (0x0040A223) sw tp, 0x4(ra)
mem[0x80003118] <- 0x00000001
mem[X,0x800001BC] -> 0xAE87
mem[X,0x800001BE] -> 0x0041
[116] [M]: 0x800001BC (0x0041AE87) flw ft9, 0x4(gp)
mem[R,0x80002014] -> 0x3E4923B8
f29 <- 0xFFFFFFFF3E4923B8
mem[X,0x800001C0] -> 0x0113
mem[X,0x800001C2] -> 0x0200
[117] [M]: 0x800001C0 (0x02000113) addi sp, zero, 0x20
x2 <- 0x00000020
mem[X,0x800001C4] -> 0x1073
mem[X,0x800001C6] -> 0x0031
[118] [M]: 0x800001C4 (0x00311073) csrrw zero, fcsr, sp
CSR fcsr -> 0x00000001
CSR fcsr <- 0x00000020 (input: 0x00000020)
mem[X,0x800001C8] -> 0xFED3
mem[X,0x800001CA] -> 0x440E
[119] [M]: 0x800001C8 (0x440EFED3) fcvt.h.s ft9, ft9, dyn
f29 <- 0xFFFFFFFFFFFF3249
mem[X,0x800001CC] -> 0x2273
mem[X,0x800001CE] -> 0x0030
[120] [M]: 0x800001CC (0x00302273) csrrs tp, fcsr, zero
CSR fcsr -> 0x00000021
x4 <- 0x00000021
mem[X,0x800001D0] -> 0xA427
mem[X,0x800001D2] -> 0x01D0
[121] [M]: 0x800001D0 (0x01D0A427) fsw ft9, 0x8(ra)
mem[0x8000311C] <- 0xFFFF3249
mem[X,0x800001D4] -> 0xA623
mem[X,0x800001D6] -> 0x0040
[122] [M]: 0x800001D4 (0x0040A623) sw tp, 0xc(ra)
mem[0x80003120] <- 0x00000021
mem[X,0x800001D8] -> 0xAF87
mem[X,0x800001DA] -> 0x0081
[123] [M]: 0x800001D8 (0x0081AF87) flw ft11, 0x8(gp)
mem[R,0x80002018] -> 0x3E4923B8
f31 <- 0xFFFFFFFF3E4923B8
mem[X,0x800001DC] -> 0x0113
mem[X,0x800001DE] -> 0x0400
[124] [M]: 0x800001DC (0x04000113) addi sp, zero, 0x40
x2 <- 0x00000040
mem[X,0x800001E0] -> 0x1073
mem[X,0x800001E2] -> 0x0031
[125] [M]: 0x800001E0 (0x00311073) csrrw zero, fcsr, sp
CSR fcsr -> 0x00000021
CSR fcsr <- 0x00000040 (input: 0x00000040)
mem[X,0x800001E4] -> 0xFF53
mem[X,0x800001E6] -> 0x440F
[126] [M]: 0x800001E4 (0x440FFF53) fcvt.h.s ft10, ft11, dyn
f30 <- 0xFFFFFFFFFFFF3249
mem[X,0x800001E8] -> 0x2273
mem[X,0x800001EA] -> 0x0030
[127] [M]: 0x800001E8 (0x00302273) csrrs tp, fcsr, zero
CSR fcsr -> 0x00000041
x4 <- 0x00000041
mem[X,0x800001EC] -> 0xA827
mem[X,0x800001EE] -> 0x01E0
[128] [M]: 0x800001EC (0x01E0A827) fsw ft10, 0x10(ra)
mem[0x80003124] <- 0xFFFF3249
mem[X,0x800001F0] -> 0xAA23
mem[X,0x800001F2] -> 0x0040
[129] [M]: 0x800001F0 (0x0040AA23) sw tp, 0x14(ra)
mem[0x80003128] <- 0x00000041
mem[X,0x800001F4] -> 0xAD87
mem[X,0x800001F6] -> 0x00C1
[130] [M]: 0x800001F4 (0x00C1AD87) flw fs11, 0xc(gp)
mem[R,0x8000201C] -> 0x3E4923B8
f27 <- 0xFFFFFFFF3E4923B8
mem[X,0x800001F8] -> 0x0113
mem[X,0x800001FA] -> 0x0600
[131] [M]: 0x800001F8 (0x06000113) addi sp, zero, 0x60
x2 <- 0x00000060
mem[X,0x800001FC] -> 0x1073
mem[X,0x800001FE] -> 0x0031
[132] [M]: 0x800001FC (0x00311073) csrrw zero, fcsr, sp
CSR fcsr -> 0x00000041
CSR fcsr <- 0x00000060 (input: 0x00000060)
mem[X,0x80000200] -> 0xFE53
mem[X,0x80000202] -> 0x440D
[133] [M]: 0x80000200 (0x440DFE53) fcvt.h.s ft8, fs11, dyn
f28 <- 0xFFFFFFFFFFFF324A
mem[X,0x80000204] -> 0x2273
mem[X,0x80000206] -> 0x0030
[134] [M]: 0x80000204 (0x00302273) csrrs tp, fcsr, zero
CSR fcsr -> 0x00000061
x4 <- 0x00000061
mem[X,0x80000208] -> 0xAC27
mem[X,0x8000020A] -> 0x01C0
[135] [M]: 0x80000208 (0x01C0AC27) fsw ft8, 0x18(ra)
mem[0x8000312C] <- 0xFFFF324A
mem[X,0x8000020C] -> 0xAE23
mem[X,0x8000020E] -> 0x0040
[136] [M]: 0x8000020C (0x0040AE23) sw tp, 0x1c(ra)
mem[0x80003130] <- 0x00000061
mem[X,0x80000210] -> 0xAE07
mem[X,0x80000212] -> 0x0101
[137] [M]: 0x80000210 (0x0101AE07) flw ft8, 0x10(gp)
mem[R,0x80002020] -> 0x3E4923B8
f28 <- 0xFFFFFFFF3E4923B8
mem[X,0x80000214] -> 0x0113
mem[X,0x80000216] -> 0x0800
[138] [M]: 0x80000214 (0x08000113) addi sp, zero, 0x80
x2 <- 0x00000080
mem[X,0x80000218] -> 0x1073
mem[X,0x8000021A] -> 0x0031
[139] [M]: 0x80000218 (0x00311073) csrrw zero, fcsr, sp
CSR fcsr -> 0x00000061
CSR fcsr <- 0x00000080 (input: 0x00000080)
mem[X,0x8000021C] -> 0x7DD3
mem[X,0x8000021E] -> 0x440E
[140] [M]: 0x8000021C (0x440E7DD3) fcvt.h.s fs11, ft8, dyn
f27 <- 0xFFFFFFFFFFFF3249
mem[X,0x80000220] -> 0x2273
mem[X,0x80000222] -> 0x0030
[141] [M]: 0x80000220 (0x00302273) csrrs tp, fcsr, zero
CSR fcsr -> 0x00000081
x4 <- 0x00000081
mem[X,0x80000224] -> 0xA027
mem[X,0x80000226] -> 0x03B0
[142] [M]: 0x80000224 (0x03B0A027) fsw fs11, 0x20(ra)
mem[0x80003134] <- 0xFFFF3249
mem[X,0x80000228] -> 0xA223
mem[X,0x8000022A] -> 0x0240
[143] [M]: 0x80000228 (0x0240A223) sw tp, 0x24(ra)
mem[0x80003138] <- 0x00000081
mem[X,0x8000022C] -> 0xAC87
mem[X,0x8000022E] -> 0x0141
[144] [M]: 0x8000022C (0x0141AC87) flw fs9, 0x14(gp)
mem[R,0x80002024] -> 0x3E4923B9
f25 <- 0xFFFFFFFF3E4923B9
mem[X,0x80000230] -> 0x0113
mem[X,0x80000232] -> 0x0000
[145] [M]: 0x80000230 (0x00000113) addi sp, zero, 0x0
x2 <- 0x00000000
mem[X,0x80000234] -> 0x1073
mem[X,0x80000236] -> 0x0031
[146] [M]: 0x80000234 (0x00311073) csrrw zero, fcsr, sp
CSR fcsr -> 0x00000081
CSR fcsr <- 0x00000000 (input: 0x00000000)
mem[X,0x80000238] -> 0xFD53
mem[X,0x8000023A] -> 0x440C
[147] [M]: 0x80000238 (0x440CFD53) fcvt.h.s fs10, fs9, dyn
f26 <- 0xFFFFFFFFFFFF3249
mem[X,0x8000023C] -> 0x2273
mem[X,0x8000023E] -> 0x0030
[148] [M]: 0x8000023C (0x00302273) csrrs tp, fcsr, zero
CSR fcsr -> 0x00000001
x4 <- 0x00000001
mem[X,0x80000240] -> 0xA427
mem[X,0x80000242] -> 0x03A0
[149] [M]: 0x80000240 (0x03A0A427) fsw fs10, 0x28(ra)
mem[0x8000313C] <- 0xFFFF3249
mem[X,0x80000244] -> 0xA623
mem[X,0x80000246] -> 0x0240
[150] [M]: 0x80000244 (0x0240A623) sw tp, 0x2c(ra)
mem[0x80003140] <- 0x00000001
mem[X,0x80000248] -> 0xAD07
mem[X,0x8000024A] -> 0x0181
[151] [M]: 0x80000248 (0x0181AD07) flw fs10, 0x18(gp)
mem[R,0x80002028] -> 0x3E4923B9
f26 <- 0xFFFFFFFF3E4923B9
mem[X,0x8000024C] -> 0x0113
mem[X,0x8000024E] -> 0x0200
[152] [M]: 0x8000024C (0x02000113) addi sp, zero, 0x20
x2 <- 0x00000020
mem[X,0x80000250] -> 0x1073
mem[X,0x80000252] -> 0x0031
[153] [M]: 0x80000250 (0x00311073) csrrw zero, fcsr, sp
CSR fcsr -> 0x00000001
CSR fcsr <- 0x00000020 (input: 0x00000020)
mem[X,0x80000254] -> 0x7CD3
mem[X,0x80000256] -> 0x440D
[154] [M]: 0x80000254 (0x440D7CD3) fcvt.h.s fs9, fs10, dyn
f25 <- 0xFFFFFFFFFFFF3249
mem[X,0x80000258] -> 0x2273
mem[X,0x8000025A] -> 0x0030
[155] [M]: 0x80000258 (0x00302273) csrrs tp, fcsr, zero
CSR fcsr -> 0x00000021
x4 <- 0x00000021
mem[X,0x8000025C] -> 0xA827
mem[X,0x8000025E] -> 0x0390
[156] [M]: 0x8000025C (0x0390A827) fsw fs9, 0x30(ra)
mem[0x80003144] <- 0xFFFF3249
mem[X,0x80000260] -> 0xAA23
mem[X,0x80000262] -> 0x0240
[157] [M]: 0x80000260 (0x0240AA23) sw tp, 0x34(ra)
mem[0x80003148] <- 0x00000021
mem[X,0x80000264] -> 0xAB87
mem[X,0x80000266] -> 0x01C1
[158] [M]: 0x80000264 (0x01C1AB87) flw fs7, 0x1c(gp)
mem[R,0x8000202C] -> 0x3E4923B9
f23 <- 0xFFFFFFFF3E4923B9
mem[X,0x80000268] -> 0x0113
mem[X,0x8000026A] -> 0x0400
[159] [M]: 0x80000268 (0x04000113) addi sp, zero, 0x40
x2 <- 0x00000040
mem[X,0x8000026C] -> 0x1073
mem[X,0x8000026E] -> 0x0031
[160] [M]: 0x8000026C (0x00311073) csrrw zero, fcsr, sp
CSR fcsr -> 0x00000021
CSR fcsr <- 0x00000040 (input: 0x00000040)
mem[X,0x80000270] -> 0xFC53
mem[X,0x80000272] -> 0x440B
[161] [M]: 0x80000270 (0x440BFC53) fcvt.h.s fs8, fs7, dyn
f24 <- 0xFFFFFFFFFFFF3249
mem[X,0x80000274] -> 0x2273
mem[X,0x80000276] -> 0x0030
[162] [M]: 0x80000274 (0x00302273) csrrs tp, fcsr, zero
CSR fcsr -> 0x00000041
x4 <- 0x00000041
mem[X,0x80000278] -> 0xAC27
mem[X,0x8000027A] -> 0x0380
[163] [M]: 0x80000278 (0x0380AC27) fsw fs8, 0x38(ra)
mem[0x8000314C] <- 0xFFFF3249
mem[X,0x8000027C] -> 0xAE23
mem[X,0x8000027E] -> 0x0240
[164] [M]: 0x8000027C (0x0240AE23) sw tp, 0x3c(ra)
mem[0x80003150] <- 0x00000041
mem[X,0x80000280] -> 0xAC07
mem[X,0x80000282] -> 0x0201
[165] [M]: 0x80000280 (0x0201AC07) flw fs8, 0x20(gp)
mem[R,0x80002030] -> 0x3E4923B9
f24 <- 0xFFFFFFFF3E4923B9
mem[X,0x80000284] -> 0x0113
mem[X,0x80000286] -> 0x0600
[166] [M]: 0x80000284 (0x06000113) addi sp, zero, 0x60
x2 <- 0x00000060
mem[X,0x80000288] -> 0x1073
mem[X,0x8000028A] -> 0x0031
[167] [M]: 0x80000288 (0x00311073) csrrw zero, fcsr, sp
CSR fcsr -> 0x00000041
CSR fcsr <- 0x00000060 (input: 0x00000060)
mem[X,0x8000028C] -> 0x7BD3
mem[X,0x8000028E] -> 0x440C
[168] [M]: 0x8000028C (0x440C7BD3) fcvt.h.s fs7, fs8, dyn
f23 <- 0xFFFFFFFFFFFF324A
mem[X,0x80000290] -> 0x2273
mem[X,0x80000292] -> 0x0030
[169] [M]: 0x80000290 (0x00302273) csrrs tp, fcsr, zero
CSR fcsr -> 0x00000061
x4 <- 0x00000061
mem[X,0x80000294] -> 0xA027
mem[X,0x80000296] -> 0x0570
[170] [M]: 0x80000294 (0x0570A027) fsw fs7, 0x40(ra)
mem[0x80003154] <- 0xFFFF324A
mem[X,0x80000298] -> 0xA223
mem[X,0x8000029A] -> 0x0440
[171] [M]: 0x80000298 (0x0440A223) sw tp, 0x44(ra)
mem[0x80003158] <- 0x00000061
mem[X,0x8000029C] -> 0xAA87
mem[X,0x8000029E] -> 0x0241
[172] [M]: 0x8000029C (0x0241AA87) flw fs5, 0x24(gp)
mem[R,0x80002034] -> 0x3E4923B9
f21 <- 0xFFFFFFFF3E4923B9
mem[X,0x800002A0] -> 0x0113
mem[X,0x800002A2] -> 0x0800
[173] [M]: 0x800002A0 (0x08000113) addi sp, zero, 0x80
x2 <- 0x00000080
mem[X,0x800002A4] -> 0x1073
mem[X,0x800002A6] -> 0x0031
[174] [M]: 0x800002A4 (0x00311073) csrrw zero, fcsr, sp
CSR fcsr -> 0x00000061
CSR fcsr <- 0x00000080 (input: 0x00000080)
mem[X,0x800002A8] -> 0xFB53
mem[X,0x800002AA] -> 0x440A
[175] [M]: 0x800002A8 (0x440AFB53) fcvt.h.s fs6, fs5, dyn
f22 <- 0xFFFFFFFFFFFF3249
mem[X,0x800002AC] -> 0x2273
mem[X,0x800002AE] -> 0x0030
[176] [M]: 0x800002AC (0x00302273) csrrs tp, fcsr, zero
CSR fcsr -> 0x00000081
x4 <- 0x00000081
mem[X,0x800002B0] -> 0xA427
mem[X,0x800002B2] -> 0x0560
[177] [M]: 0x800002B0 (0x0560A427) fsw fs6, 0x48(ra)
mem[0x8000315C] <- 0xFFFF3249
mem[X,0x800002B4] -> 0xA623
mem[X,0x800002B6] -> 0x0440
[178] [M]: 0x800002B4 (0x0440A623) sw tp, 0x4c(ra)
mem[0x80003160] <- 0x00000081
mem[X,0x800002B8] -> 0xAB07
mem[X,0x800002BA] -> 0x0281
[179] [M]: 0x800002B8 (0x0281AB07) flw fs6, 0x28(gp)
mem[R,0x80002038] -> 0x3E4923BA
f22 <- 0xFFFFFFFF3E4923BA
mem[X,0x800002BC] -> 0x0113
mem[X,0x800002BE] -> 0x0000
[180] [M]: 0x800002BC (0x00000113) addi sp, zero, 0x0
x2 <- 0x00000000
mem[X,0x800002C0] -> 0x1073
mem[X,0x800002C2] -> 0x0031
[181] [M]: 0x800002C0 (0x00311073) csrrw zero, fcsr, sp
CSR fcsr -> 0x00000081
CSR fcsr <- 0x00000000 (input: 0x00000000)
mem[X,0x800002C4] -> 0x7AD3
mem[X,0x800002C6] -> 0x440B
[182] [M]: 0x800002C4 (0x440B7AD3) fcvt.h.s fs5, fs6, dyn
f21 <- 0xFFFFFFFFFFFF3249
mem[X,0x800002C8] -> 0x2273
mem[X,0x800002CA] -> 0x0030
[183] [M]: 0x800002C8 (0x00302273) csrrs tp, fcsr, zero
CSR fcsr -> 0x00000001
x4 <- 0x00000001
mem[X,0x800002CC] -> 0xA827
mem[X,0x800002CE] -> 0x0550
[184] [M]: 0x800002CC (0x0550A827) fsw fs5, 0x50(ra)
mem[0x80003164] <- 0xFFFF3249
mem[X,0x800002D0] -> 0xAA23
mem[X,0x800002D2] -> 0x0440
[185] [M]: 0x800002D0 (0x0440AA23) sw tp, 0x54(ra)
mem[0x80003168] <- 0x00000001
mem[X,0x800002D4] -> 0xA987
mem[X,0x800002D6] -> 0x02C1
[186] [M]: 0x800002D4 (0x02C1A987) flw fs3, 0x2c(gp)
mem[R,0x8000203C] -> 0x3E4923BA
f19 <- 0xFFFFFFFF3E4923BA
mem[X,0x800002D8] -> 0x0113
mem[X,0x800002DA] -> 0x0200
[187] [M]: 0x800002D8 (0x02000113) addi sp, zero, 0x20
x2 <- 0x00000020
mem[X,0x800002DC] -> 0x1073
mem[X,0x800002DE] -> 0x0031
[188] [M]: 0x800002DC (0x00311073) csrrw zero, fcsr, sp
CSR fcsr -> 0x00000001
CSR fcsr <- 0x00000020 (input: 0x00000020)
mem[X,0x800002E0] -> 0xFA53
mem[X,0x800002E2] -> 0x4409
[189] [M]: 0x800002E0 (0x4409FA53) fcvt.h.s fs4, fs3, dyn
f20 <- 0xFFFFFFFFFFFF3249
mem[X,0x800002E4] -> 0x2273
mem[X,0x800002E6] -> 0x0030
[190] [M]: 0x800002E4 (0x00302273) csrrs tp, fcsr, zero
CSR fcsr -> 0x00000021
x4 <- 0x00000021
mem[X,0x800002E8] -> 0xAC27
mem[X,0x800002EA] -> 0x0540
[191] [M]: 0x800002E8 (0x0540AC27) fsw fs4, 0x58(ra)
mem[0x8000316C] <- 0xFFFF3249
mem[X,0x800002EC] -> 0xAE23
mem[X,0x800002EE] -> 0x0440
[192] [M]: 0x800002EC (0x0440AE23) sw tp, 0x5c(ra)
mem[0x80003170] <- 0x00000021
mem[X,0x800002F0] -> 0xAA07
mem[X,0x800002F2] -> 0x0301
[193] [M]: 0x800002F0 (0x0301AA07) flw fs4, 0x30(gp)
mem[R,0x80002040] -> 0x3E4923BA
f20 <- 0xFFFFFFFF3E4923BA
mem[X,0x800002F4] -> 0x0113
mem[X,0x800002F6] -> 0x0400
[194] [M]: 0x800002F4 (0x04000113) addi sp, zero, 0x40
x2 <- 0x00000040
mem[X,0x800002F8] -> 0x1073
mem[X,0x800002FA] -> 0x0031
[195] [M]: 0x800002F8 (0x00311073) csrrw zero, fcsr, sp
CSR fcsr -> 0x00000021
CSR fcsr <- 0x00000040 (input: 0x00000040)
mem[X,0x800002FC] -> 0x79D3
mem[X,0x800002FE] -> 0x440A
[196] [M]: 0x800002FC (0x440A79D3) fcvt.h.s fs3, fs4, dyn
f19 <- 0xFFFFFFFFFFFF3249
mem[X,0x80000300] -> 0x2273
mem[X,0x80000302] -> 0x0030
[197] [M]: 0x80000300 (0x00302273) csrrs tp, fcsr, zero
CSR fcsr -> 0x00000041
x4 <- 0x00000041
mem[X,0x80000304] -> 0xA027
mem[X,0x80000306] -> 0x0730
[198] [M]: 0x80000304 (0x0730A027) fsw fs3, 0x60(ra)
mem[0x80003174] <- 0xFFFF3249
mem[X,0x80000308] -> 0xA223
mem[X,0x8000030A] -> 0x0640
[199] [M]: 0x80000308 (0x0640A223) sw tp, 0x64(ra)
mem[0x80003178] <- 0x00000041
clint::tick mtime <- 0x0000000000000002
 clint timer pending at mtime 0x0000000000000002
htif::tick 0x0000000000000000
mem[X,0x8000030C] -> 0xA887
mem[X,0x8000030E] -> 0x0341
[200] [M]: 0x8000030C (0x0341A887) flw fa7, 0x34(gp)
mem[R,0x80002044] -> 0x3E4923BA
f17 <- 0xFFFFFFFF3E4923BA
mem[X,0x80000310] -> 0x0113
mem[X,0x80000312] -> 0x0600
[201] [M]: 0x80000310 (0x06000113) addi sp, zero, 0x60
x2 <- 0x00000060
mem[X,0x80000314] -> 0x1073
mem[X,0x80000316] -> 0x0031
[202] [M]: 0x80000314 (0x00311073) csrrw zero, fcsr, sp
CSR fcsr -> 0x00000041
CSR fcsr <- 0x00000060 (input: 0x00000060)
mem[X,0x80000318] -> 0xF953
mem[X,0x8000031A] -> 0x4408
[203] [M]: 0x80000318 (0x4408F953) fcvt.h.s fs2, fa7, dyn
f18 <- 0xFFFFFFFFFFFF324A
mem[X,0x8000031C] -> 0x2273
mem[X,0x8000031E] -> 0x0030
[204] [M]: 0x8000031C (0x00302273) csrrs tp, fcsr, zero
CSR fcsr -> 0x00000061
x4 <- 0x00000061
mem[X,0x80000320] -> 0xA427
mem[X,0x80000322] -> 0x0720
[205] [M]: 0x80000320 (0x0720A427) fsw fs2, 0x68(ra)
mem[0x8000317C] <- 0xFFFF324A
mem[X,0x80000324] -> 0xA623
mem[X,0x80000326] -> 0x0640
[206] [M]: 0x80000324 (0x0640A623) sw tp, 0x6c(ra)
mem[0x80003180] <- 0x00000061
mem[X,0x80000328] -> 0xA907
mem[X,0x8000032A] -> 0x0381
[207] [M]: 0x80000328 (0x0381A907) flw fs2, 0x38(gp)
mem[R,0x80002048] -> 0x3E4923BA
f18 <- 0xFFFFFFFF3E4923BA
mem[X,0x8000032C] -> 0x0113
mem[X,0x8000032E] -> 0x0800
[208] [M]: 0x8000032C (0x08000113) addi sp, zero, 0x80
x2 <- 0x00000080
mem[X,0x80000330] -> 0x1073
mem[X,0x80000332] -> 0x0031
[209] [M]: 0x80000330 (0x00311073) csrrw zero, fcsr, sp
CSR fcsr -> 0x00000061
CSR fcsr <- 0x00000080 (input: 0x00000080)
mem[X,0x80000334] -> 0x78D3
mem[X,0x80000336] -> 0x4409
[210] [M]: 0x80000334 (0x440978D3) fcvt.h.s fa7, fs2, dyn
f17 <- 0xFFFFFFFFFFFF3249
mem[X,0x80000338] -> 0x2273
mem[X,0x8000033A] -> 0x0030
[211] [M]: 0x80000338 (0x00302273) csrrs tp, fcsr, zero
CSR fcsr -> 0x00000081
x4 <- 0x00000081
mem[X,0x8000033C] -> 0xA827
mem[X,0x8000033E] -> 0x0710
[212] [M]: 0x8000033C (0x0710A827) fsw fa7, 0x70(ra)
mem[0x80003184] <- 0xFFFF3249
mem[X,0x80000340] -> 0xAA23
mem[X,0x80000342] -> 0x0640
[213] [M]: 0x80000340 (0x0640AA23) sw tp, 0x74(ra)
mem[0x80003188] <- 0x00000081
mem[X,0x80000344] -> 0xA787
mem[X,0x80000346] -> 0x03C1
[214] [M]: 0x80000344 (0x03C1A787) flw fa5, 0x3c(gp)
mem[R,0x8000204C] -> 0x3E4923BB
f15 <- 0xFFFFFFFF3E4923BB
mem[X,0x80000348] -> 0x0113
mem[X,0x8000034A] -> 0x0000
[215] [M]: 0x80000348 (0x00000113) addi sp, zero, 0x0
x2 <- 0x00000000
mem[X,0x8000034C] -> 0x1073
mem[X,0x8000034E] -> 0x0031
[216] [M]: 0x8000034C (0x00311073) csrrw zero, fcsr, sp
CSR fcsr -> 0x00000081
CSR fcsr <- 0x00000000 (input: 0x00000000)
mem[X,0x80000350] -> 0xF853
mem[X,0x80000352] -> 0x4407
[217] [M]: 0x80000350 (0x4407F853) fcvt.h.s fa6, fa5, dyn
f16 <- 0xFFFFFFFFFFFF3249
mem[X,0x80000354] -> 0x2273
mem[X,0x80000356] -> 0x0030
[218] [M]: 0x80000354 (0x00302273) csrrs tp, fcsr, zero
CSR fcsr -> 0x00000001
x4 <- 0x00000001
mem[X,0x80000358] -> 0xAC27
mem[X,0x8000035A] -> 0x0700
[219] [M]: 0x80000358 (0x0700AC27) fsw fa6, 0x78(ra)
mem[0x8000318C] <- 0xFFFF3249
mem[X,0x8000035C] -> 0xAE23
mem[X,0x8000035E] -> 0x0640
[220] [M]: 0x8000035C (0x0640AE23) sw tp, 0x7c(ra)
mem[0x80003190] <- 0x00000001
mem[X,0x80000360] -> 0xA807
mem[X,0x80000362] -> 0x0401
[221] [M]: 0x80000360 (0x0401A807) flw fa6, 0x40(gp)
mem[R,0x80002050] -> 0x3E4923BB
f16 <- 0xFFFFFFFF3E4923BB
mem[X,0x80000364] -> 0x0113
mem[X,0x80000366] -> 0x0200
[222] [M]: 0x80000364 (0x02000113) addi sp, zero, 0x20
x2 <- 0x00000020
mem[X,0x80000368] -> 0x1073
mem[X,0x8000036A] -> 0x0031
[223] [M]: 0x80000368 (0x00311073) csrrw zero, fcsr, sp
CSR fcsr -> 0x00000001
CSR fcsr <- 0x00000020 (input: 0x00000020)
mem[X,0x8000036C] -> 0x77D3
mem[X,0x8000036E] -> 0x4408
[224] [M]: 0x8000036C (0x440877D3) fcvt.h.s fa5, fa6, dyn
f15 <- 0xFFFFFFFFFFFF3249
mem[X,0x80000370] -> 0x2273
mem[X,0x80000372] -> 0x0030
[225] [M]: 0x80000370 (0x00302273) csrrs tp, fcsr, zero
CSR fcsr -> 0x00000021
x4 <- 0x00000021
mem[X,0x80000374] -> 0xA027
mem[X,0x80000376] -> 0x08F0
[226] [M]: 0x80000374 (0x08F0A027) fsw fa5, 0x80(ra)
mem[0x80003194] <- 0xFFFF3249
mem[X,0x80000378] -> 0xA223
mem[X,0x8000037A] -> 0x0840
[227] [M]: 0x80000378 (0x0840A223) sw tp, 0x84(ra)
mem[0x80003198] <- 0x00000021
mem[X,0x8000037C] -> 0xA687
mem[X,0x8000037E] -> 0x0441
[228] [M]: 0x8000037C (0x0441A687) flw fa3, 0x44(gp)
mem[R,0x80002054] -> 0x3E4923BB
f13 <- 0xFFFFFFFF3E4923BB
mem[X,0x80000380] -> 0x0113
mem[X,0x80000382] -> 0x0400
[229] [M]: 0x80000380 (0x04000113) addi sp, zero, 0x40
x2 <- 0x00000040
mem[X,0x80000384] -> 0x1073
mem[X,0x80000386] -> 0x0031
[230] [M]: 0x80000384 (0x00311073) csrrw zero, fcsr, sp
CSR fcsr -> 0x00000021
CSR fcsr <- 0x00000040 (input: 0x00000040)
mem[X,0x80000388] -> 0xF753
mem[X,0x8000038A] -> 0x4406
[231] [M]: 0x80000388 (0x4406F753) fcvt.h.s fa4, fa3, dyn
f14 <- 0xFFFFFFFFFFFF3249
mem[X,0x8000038C] -> 0x2273
mem[X,0x8000038E] -> 0x0030
[232] [M]: 0x8000038C (0x00302273) csrrs tp, fcsr, zero
CSR fcsr -> 0x00000041
x4 <- 0x00000041
mem[X,0x80000390] -> 0xA427
mem[X,0x80000392] -> 0x08E0
[233] [M]: 0x80000390 (0x08E0A427) fsw fa4, 0x88(ra)
mem[0x8000319C] <- 0xFFFF3249
mem[X,0x80000394] -> 0xA623
mem[X,0x80000396] -> 0x0840
[234] [M]: 0x80000394 (0x0840A623) sw tp, 0x8c(ra)
mem[0x800031A0] <- 0x00000041
mem[X,0x80000398] -> 0xA707
mem[X,0x8000039A] -> 0x0481
[235] [M]: 0x80000398 (0x0481A707) flw fa4, 0x48(gp)
mem[R,0x80002058] -> 0x3E4923BB
f14 <- 0xFFFFFFFF3E4923BB
mem[X,0x8000039C] -> 0x0113
mem[X,0x8000039E] -> 0x0600
[236] [M]: 0x8000039C (0x06000113) addi sp, zero, 0x60
x2 <- 0x00000060
mem[X,0x800003A0] -> 0x1073
mem[X,0x800003A2] -> 0x0031
[237] [M]: 0x800003A0 (0x00311073) csrrw zero, fcsr, sp
CSR fcsr -> 0x00000041
CSR fcsr <- 0x00000060 (input: 0x00000060)
mem[X,0x800003A4] -> 0x76D3
mem[X,0x800003A6] -> 0x4407
[238] [M]: 0x800003A4 (0x440776D3) fcvt.h.s fa3, fa4, dyn
f13 <- 0xFFFFFFFFFFFF324A
mem[X,0x800003A8] -> 0x2273
mem[X,0x800003AA] -> 0x0030
[239] [M]: 0x800003A8 (0x00302273) csrrs tp, fcsr, zero
CSR fcsr -> 0x00000061
x4 <- 0x00000061
mem[X,0x800003AC] -> 0xA827
mem[X,0x800003AE] -> 0x08D0
[240] [M]: 0x800003AC (0x08D0A827) fsw fa3, 0x90(ra)
mem[0x800031A4] <- 0xFFFF324A
mem[X,0x800003B0] -> 0xAA23
mem[X,0x800003B2] -> 0x0840
[241] [M]: 0x800003B0 (0x0840AA23) sw tp, 0x94(ra)
mem[0x800031A8] <- 0x00000061
mem[X,0x800003B4] -> 0xA587
mem[X,0x800003B6] -> 0x04C1
[242] [M]: 0x800003B4 (0x04C1A587) flw fa1, 0x4c(gp)
mem[R,0x8000205C] -> 0x3E4923BB
f11 <- 0xFFFFFFFF3E4923BB
mem[X,0x800003B8] -> 0x0113
mem[X,0x800003BA] -> 0x0800
[243] [M]: 0x800003B8 (0x08000113) addi sp, zero, 0x80
x2 <- 0x00000080
mem[X,0x800003BC] -> 0x1073
mem[X,0x800003BE] -> 0x0031
[244] [M]: 0x800003BC (0x00311073) csrrw zero, fcsr, sp
CSR fcsr -> 0x00000061
CSR fcsr <- 0x00000080 (input: 0x00000080)
mem[X,0x800003C0] -> 0xF653
mem[X,0x800003C2] -> 0x4405
[245] [M]: 0x800003C0 (0x4405F653) fcvt.h.s fa2, fa1, dyn
f12 <- 0xFFFFFFFFFFFF3249
mem[X,0x800003C4] -> 0x2273
mem[X,0x800003C6] -> 0x0030
[246] [M]: 0x800003C4 (0x00302273) csrrs tp, fcsr, zero
CSR fcsr -> 0x00000081
x4 <- 0x00000081
mem[X,0x800003C8] -> 0xAC27
mem[X,0x800003CA] -> 0x08C0
[247] [M]: 0x800003C8 (0x08C0AC27) fsw fa2, 0x98(ra)
mem[0x800031AC] <- 0xFFFF3249
mem[X,0x800003CC] -> 0xAE23
mem[X,0x800003CE] -> 0x0840
[248] [M]: 0x800003CC (0x0840AE23) sw tp, 0x9c(ra)
mem[0x800031B0] <- 0x00000081
mem[X,0x800003D0] -> 0xA607
mem[X,0x800003D2] -> 0x0501
[249] [M]: 0x800003D0 (0x0501A607) flw fa2, 0x50(gp)
mem[R,0x80002060] -> 0x3E4923BC
f12 <- 0xFFFFFFFF3E4923BC
mem[X,0x800003D4] -> 0x0113
mem[X,0x800003D6] -> 0x0000
[250] [M]: 0x800003D4 (0x00000113) addi sp, zero, 0x0
x2 <- 0x00000000
mem[X,0x800003D8] -> 0x1073
mem[X,0x800003DA] -> 0x0031
[251] [M]: 0x800003D8 (0x00311073) csrrw zero, fcsr, sp
CSR fcsr -> 0x00000081
CSR fcsr <- 0x00000000 (input: 0x00000000)
mem[X,0x800003DC] -> 0x75D3
mem[X,0x800003DE] -> 0x4406
[252] [M]: 0x800003DC (0x440675D3) fcvt.h.s fa1, fa2, dyn
f11 <- 0xFFFFFFFFFFFF3249
mem[X,0x800003E0] -> 0x2273
mem[X,0x800003E2] -> 0x0030
[253] [M]: 0x800003E0 (0x00302273) csrrs tp, fcsr, zero
CSR fcsr -> 0x00000001
x4 <- 0x00000001
mem[X,0x800003E4] -> 0xA027
mem[X,0x800003E6] -> 0x0AB0
[254] [M]: 0x800003E4 (0x0AB0A027) fsw fa1, 0xa0(ra)
mem[0x800031B4] <- 0xFFFF3249
mem[X,0x800003E8] -> 0xA223
mem[X,0x800003EA] -> 0x0A40
[255] [M]: 0x800003E8 (0x0A40A223) sw tp, 0xa4(ra)
mem[0x800031B8] <- 0x00000001
mem[X,0x800003EC] -> 0xA487
mem[X,0x800003EE] -> 0x0541
[256] [M]: 0x800003EC (0x0541A487) flw fs1, 0x54(gp)
mem[R,0x80002064] -> 0x3E4923BC
f9 <- 0xFFFFFFFF3E4923BC
mem[X,0x800003F0] -> 0x0113
mem[X,0x800003F2] -> 0x0200
[257] [M]: 0x800003F0 (0x02000113) addi sp, zero, 0x20
x2 <- 0x00000020
mem[X,0x800003F4] -> 0x1073
mem[X,0x800003F6] -> 0x0031
[258] [M]: 0x800003F4 (0x00311073) csrrw zero, fcsr, sp
CSR fcsr -> 0x00000001
CSR fcsr <- 0x00000020 (input: 0x00000020)
mem[X,0x800003F8] -> 0xF553
mem[X,0x800003FA] -> 0x4404
[259] [M]: 0x800003F8 (0x4404F553) fcvt.h.s fa0, fs1, dyn
f10 <- 0xFFFFFFFFFFFF3249
mem[X,0x800003FC] -> 0x2273
mem[X,0x800003FE] -> 0x0030
[260] [M]: 0x800003FC (0x00302273) csrrs tp, fcsr, zero
CSR fcsr -> 0x00000021
x4 <- 0x00000021
mem[X,0x80000400] -> 0xA427
mem[X,0x80000402] -> 0x0AA0
[261] [M]: 0x80000400 (0x0AA0A427) fsw fa0, 0xa8(ra)
mem[0x800031BC] <- 0xFFFF3249
mem[X,0x80000404] -> 0xA623
mem[X,0x80000406] -> 0x0A40
[262] [M]: 0x80000404 (0x0A40A623) sw tp, 0xac(ra)
mem[0x800031C0] <- 0x00000021
mem[X,0x80000408] -> 0xA507
mem[X,0x8000040A] -> 0x0581
[263] [M]: 0x80000408 (0x0581A507) flw fa0, 0x58(gp)
mem[R,0x80002068] -> 0x3E4923BC
f10 <- 0xFFFFFFFF3E4923BC
mem[X,0x8000040C] -> 0x0113
mem[X,0x8000040E] -> 0x0400
[264] [M]: 0x8000040C (0x04000113) addi sp, zero, 0x40
x2 <- 0x00000040
mem[X,0x80000410] -> 0x1073
mem[X,0x80000412] -> 0x0031
[265] [M]: 0x80000410 (0x00311073) csrrw zero, fcsr, sp
CSR fcsr -> 0x00000021
CSR fcsr <- 0x00000040 (input: 0x00000040)
mem[X,0x80000414] -> 0x74D3
mem[X,0x80000416] -> 0x4405
[266] [M]: 0x80000414 (0x440574D3) fcvt.h.s fs1, fa0, dyn
f9 <- 0xFFFFFFFFFFFF3249
mem[X,0x80000418] -> 0x2273
mem[X,0x8000041A] -> 0x0030
[267] [M]: 0x80000418 (0x00302273) csrrs tp, fcsr, zero
CSR fcsr -> 0x00000041
x4 <- 0x00000041
mem[X,0x8000041C] -> 0xA827
mem[X,0x8000041E] -> 0x0A90
[268] [M]: 0x8000041C (0x0A90A827) fsw fs1, 0xb0(ra)
mem[0x800031C4] <- 0xFFFF3249
mem[X,0x80000420] -> 0xAA23
mem[X,0x80000422] -> 0x0A40
[269] [M]: 0x80000420 (0x0A40AA23) sw tp, 0xb4(ra)
mem[0x800031C8] <- 0x00000041
mem[X,0x80000424] -> 0xA387
mem[X,0x80000426] -> 0x05C1
[270] [M]: 0x80000424 (0x05C1A387) flw ft7, 0x5c(gp)
mem[R,0x8000206C] -> 0x3E4923BC
f7 <- 0xFFFFFFFF3E4923BC
mem[X,0x80000428] -> 0x0113
mem[X,0x8000042A] -> 0x0600
[271] [M]: 0x80000428 (0x06000113) addi sp, zero, 0x60
x2 <- 0x00000060
mem[X,0x8000042C] -> 0x1073
mem[X,0x8000042E] -> 0x0031
[272] [M]: 0x8000042C (0x00311073) csrrw zero, fcsr, sp
CSR fcsr -> 0x00000041
CSR fcsr <- 0x00000060 (input: 0x00000060)
mem[X,0x80000430] -> 0xF453
mem[X,0x80000432] -> 0x4403
[273] [M]: 0x80000430 (0x4403F453) fcvt.h.s fs0, ft7, dyn
f8 <- 0xFFFFFFFFFFFF324A
mem[X,0x80000434] -> 0x2273
mem[X,0x80000436] -> 0x0030
[274] [M]: 0x80000434 (0x00302273) csrrs tp, fcsr, zero
CSR fcsr -> 0x00000061
x4 <- 0x00000061
mem[X,0x80000438] -> 0xAC27
mem[X,0x8000043A] -> 0x0A80
[275] [M]: 0x80000438 (0x0A80AC27) fsw fs0, 0xb8(ra)
mem[0x800031CC] <- 0xFFFF324A
mem[X,0x8000043C] -> 0xAE23
mem[X,0x8000043E] -> 0x0A40
[276] [M]: 0x8000043C (0x0A40AE23) sw tp, 0xbc(ra)
mem[0x800031D0] <- 0x00000061
mem[X,0x80000440] -> 0xA407
mem[X,0x80000442] -> 0x0601
[277] [M]: 0x80000440 (0x0601A407) flw fs0, 0x60(gp)
mem[R,0x80002070] -> 0x3E4923BC
f8 <- 0xFFFFFFFF3E4923BC
mem[X,0x80000444] -> 0x0113
mem[X,0x80000446] -> 0x0800
[278] [M]: 0x80000444 (0x08000113) addi sp, zero, 0x80
x2 <- 0x00000080
mem[X,0x80000448] -> 0x1073
mem[X,0x8000044A] -> 0x0031
[279] [M]: 0x80000448 (0x00311073) csrrw zero, fcsr, sp
CSR fcsr -> 0x00000061
CSR fcsr <- 0x00000080 (input: 0x00000080)
mem[X,0x8000044C] -> 0x73D3
mem[X,0x8000044E] -> 0x4404
[280] [M]: 0x8000044C (0x440473D3) fcvt.h.s ft7, fs0, dyn
f7 <- 0xFFFFFFFFFFFF3249
mem[X,0x80000450] -> 0x2273
mem[X,0x80000452] -> 0x0030
[281] [M]: 0x80000450 (0x00302273) csrrs tp, fcsr, zero
CSR fcsr -> 0x00000081
x4 <- 0x00000081
mem[X,0x80000454] -> 0xA027
mem[X,0x80000456] -> 0x0C70
[282] [M]: 0x80000454 (0x0C70A027) fsw ft7, 0xc0(ra)
mem[0x800031D4] <- 0xFFFF3249
mem[X,0x80000458] -> 0xA223
mem[X,0x8000045A] -> 0x0C40
[283] [M]: 0x80000458 (0x0C40A223) sw tp, 0xc4(ra)
mem[0x800031D8] <- 0x00000081
mem[X,0x8000045C] -> 0xA287
mem[X,0x8000045E] -> 0x0641
[284] [M]: 0x8000045C (0x0641A287) flw ft5, 0x64(gp)
mem[R,0x80002074] -> 0x3E4923BD
f5 <- 0xFFFFFFFF3E4923BD
mem[X,0x80000460] -> 0x0113
mem[X,0x80000462] -> 0x0000
[285] [M]: 0x80000460 (0x00000113) addi sp, zero, 0x0
x2 <- 0x00000000
mem[X,0x80000464] -> 0x1073
mem[X,0x80000466] -> 0x0031
[286] [M]: 0x80000464 (0x00311073) csrrw zero, fcsr, sp
CSR fcsr -> 0x00000081
CSR fcsr <- 0x00000000 (input: 0x00000000)
mem[X,0x80000468] -> 0xF353
mem[X,0x8000046A] -> 0x4402
[287] [M]: 0x80000468 (0x4402F353) fcvt.h.s ft6, ft5, dyn
f6 <- 0xFFFFFFFFFFFF3249
mem[X,0x8000046C] -> 0x2273
mem[X,0x8000046E] -> 0x0030
[288] [M]: 0x8000046C (0x00302273) csrrs tp, fcsr, zero
CSR fcsr -> 0x00000001
x4 <- 0x00000001
mem[X,0x80000470] -> 0xA427
mem[X,0x80000472] -> 0x0C60
[289] [M]: 0x80000470 (0x0C60A427) fsw ft6, 0xc8(ra)
mem[0x800031DC] <- 0xFFFF3249
mem[X,0x80000474] -> 0xA623
mem[X,0x80000476] -> 0x0C40
[290] [M]: 0x80000474 (0x0C40A623) sw tp, 0xcc(ra)
mem[0x800031E0] <- 0x00000001
mem[X,0x80000478] -> 0xA307
mem[X,0x8000047A] -> 0x0681
[291] [M]: 0x80000478 (0x0681A307) flw ft6, 0x68(gp)
mem[R,0x80002078] -> 0x3E4923BD
f6 <- 0xFFFFFFFF3E4923BD
mem[X,0x8000047C] -> 0x0113
mem[X,0x8000047E] -> 0x0200
[292] [M]: 0x8000047C (0x02000113) addi sp, zero, 0x20
x2 <- 0x00000020
mem[X,0x80000480] -> 0x1073
mem[X,0x80000482] -> 0x0031
[293] [M]: 0x80000480 (0x00311073) csrrw zero, fcsr, sp
CSR fcsr -> 0x00000001
CSR fcsr <- 0x00000020 (input: 0x00000020)
mem[X,0x80000484] -> 0x72D3
mem[X,0x80000486] -> 0x4403
[294] [M]: 0x80000484 (0x440372D3) fcvt.h.s ft5, ft6, dyn
f5 <- 0xFFFFFFFFFFFF3249
mem[X,0x80000488] -> 0x2273
mem[X,0x8000048A] -> 0x0030
[295] [M]: 0x80000488 (0x00302273) csrrs tp, fcsr, zero
CSR fcsr -> 0x00000021
x4 <- 0x00000021
mem[X,0x8000048C] -> 0xA827
mem[X,0x8000048E] -> 0x0C50
[296] [M]: 0x8000048C (0x0C50A827) fsw ft5, 0xd0(ra)
mem[0x800031E4] <- 0xFFFF3249
mem[X,0x80000490] -> 0xAA23
mem[X,0x80000492] -> 0x0C40
[297] [M]: 0x80000490 (0x0C40AA23) sw tp, 0xd4(ra)
mem[0x800031E8] <- 0x00000021
mem[X,0x80000494] -> 0xA187
mem[X,0x80000496] -> 0x06C1
[298] [M]: 0x80000494 (0x06C1A187) flw ft3, 0x6c(gp)
mem[R,0x8000207C] -> 0x3E4923BD
f3 <- 0xFFFFFFFF3E4923BD
mem[X,0x80000498] -> 0x0113
mem[X,0x8000049A] -> 0x0400
[299] [M]: 0x80000498 (0x04000113) addi sp, zero, 0x40
x2 <- 0x00000040
clint::tick mtime <- 0x0000000000000003
 clint timer pending at mtime 0x0000000000000003
htif::tick 0x0000000000000000
mem[X,0x8000049C] -> 0x1073
mem[X,0x8000049E] -> 0x0031
[300] [M]: 0x8000049C (0x00311073) csrrw zero, fcsr, sp
CSR fcsr -> 0x00000021
CSR fcsr <- 0x00000040 (input: 0x00000040)
mem[X,0x800004A0] -> 0xF253
mem[X,0x800004A2] -> 0x4401
[301] [M]: 0x800004A0 (0x4401F253) fcvt.h.s ft4, ft3, dyn
f4 <- 0xFFFFFFFFFFFF3249
mem[X,0x800004A4] -> 0x2273
mem[X,0x800004A6] -> 0x0030
[302] [M]: 0x800004A4 (0x00302273) csrrs tp, fcsr, zero
CSR fcsr -> 0x00000041
x4 <- 0x00000041
mem[X,0x800004A8] -> 0xAC27
mem[X,0x800004AA] -> 0x0C40
[303] [M]: 0x800004A8 (0x0C40AC27) fsw ft4, 0xd8(ra)
mem[0x800031EC] <- 0xFFFF3249
mem[X,0x800004AC] -> 0xAE23
mem[X,0x800004AE] -> 0x0C40
[304] [M]: 0x800004AC (0x0C40AE23) sw tp, 0xdc(ra)
mem[0x800031F0] <- 0x00000041
mem[X,0x800004B0] -> 0xA207
mem[X,0x800004B2] -> 0x0701
[305] [M]: 0x800004B0 (0x0701A207) flw ft4, 0x70(gp)
mem[R,0x80002080] -> 0x3E4923BD
f4 <- 0xFFFFFFFF3E4923BD
mem[X,0x800004B4] -> 0x0113
mem[X,0x800004B6] -> 0x0600
[306] [M]: 0x800004B4 (0x06000113) addi sp, zero, 0x60
x2 <- 0x00000060
mem[X,0x800004B8] -> 0x1073
mem[X,0x800004BA] -> 0x0031
[307] [M]: 0x800004B8 (0x00311073) csrrw zero, fcsr, sp
CSR fcsr -> 0x00000041
CSR fcsr <- 0x00000060 (input: 0x00000060)
mem[X,0x800004BC] -> 0x71D3
mem[X,0x800004BE] -> 0x4402
[308] [M]: 0x800004BC (0x440271D3) fcvt.h.s ft3, ft4, dyn
f3 <- 0xFFFFFFFFFFFF324A
mem[X,0x800004C0] -> 0x2273
mem[X,0x800004C2] -> 0x0030
[309] [M]: 0x800004C0 (0x00302273) csrrs tp, fcsr, zero
CSR fcsr -> 0x00000061
x4 <- 0x00000061
mem[X,0x800004C4] -> 0xA027
mem[X,0x800004C6] -> 0x0E30
[310] [M]: 0x800004C4 (0x0E30A027) fsw ft3, 0xe0(ra)
mem[0x800031F4] <- 0xFFFF324A
mem[X,0x800004C8] -> 0xA223
mem[X,0x800004CA] -> 0x0E40
[311] [M]: 0x800004C8 (0x0E40A223) sw tp, 0xe4(ra)
mem[0x800031F8] <- 0x00000061
mem[X,0x800004CC] -> 0xA087
mem[X,0x800004CE] -> 0x0741
[312] [M]: 0x800004CC (0x0741A087) flw ft1, 0x74(gp)
mem[R,0x80002084] -> 0x3E4923BD
f1 <- 0xFFFFFFFF3E4923BD
mem[X,0x800004D0] -> 0x0113
mem[X,0x800004D2] -> 0x0800
[313] [M]: 0x800004D0 (0x08000113) addi sp, zero, 0x80
x2 <- 0x00000080
mem[X,0x800004D4] -> 0x1073
mem[X,0x800004D6] -> 0x0031
[314] [M]: 0x800004D4 (0x00311073) csrrw zero, fcsr, sp
CSR fcsr -> 0x00000061
CSR fcsr <- 0x00000080 (input: 0x00000080)
mem[X,0x800004D8] -> 0xF153
mem[X,0x800004DA] -> 0x4400
[315] [M]: 0x800004D8 (0x4400F153) fcvt.h.s ft2, ft1, dyn
f2 <- 0xFFFFFFFFFFFF3249
mem[X,0x800004DC] -> 0x2273
mem[X,0x800004DE] -> 0x0030
[316] [M]: 0x800004DC (0x00302273) csrrs tp, fcsr, zero
CSR fcsr -> 0x00000081
x4 <- 0x00000081
mem[X,0x800004E0] -> 0xA427
mem[X,0x800004E2] -> 0x0E20
[317] [M]: 0x800004E0 (0x0E20A427) fsw ft2, 0xe8(ra)
mem[0x800031FC] <- 0xFFFF3249
mem[X,0x800004E4] -> 0xA623
mem[X,0x800004E6] -> 0x0E40
[318] [M]: 0x800004E4 (0x0E40A623) sw tp, 0xec(ra)
mem[0x80003200] <- 0x00000081
mem[X,0x800004E8] -> 0xA107
mem[X,0x800004EA] -> 0x0781
[319] [M]: 0x800004E8 (0x0781A107) flw ft2, 0x78(gp)
mem[R,0x80002088] -> 0x3E4923BE
f2 <- 0xFFFFFFFF3E4923BE
mem[X,0x800004EC] -> 0x0113
mem[X,0x800004EE] -> 0x0000
[320] [M]: 0x800004EC (0x00000113) addi sp, zero, 0x0
x2 <- 0x00000000
mem[X,0x800004F0] -> 0x1073
mem[X,0x800004F2] -> 0x0031
[321] [M]: 0x800004F0 (0x00311073) csrrw zero, fcsr, sp
CSR fcsr -> 0x00000081
CSR fcsr <- 0x00000000 (input: 0x00000000)
mem[X,0x800004F4] -> 0x70D3
mem[X,0x800004F6] -> 0x4401
[322] [M]: 0x800004F4 (0x440170D3) fcvt.h.s ft1, ft2, dyn
f1 <- 0xFFFFFFFFFFFF3249
mem[X,0x800004F8] -> 0x2273
mem[X,0x800004FA] -> 0x0030
[323] [M]: 0x800004F8 (0x00302273) csrrs tp, fcsr, zero
CSR fcsr -> 0x00000001
x4 <- 0x00000001
mem[X,0x800004FC] -> 0xA827
mem[X,0x800004FE] -> 0x0E10
[324] [M]: 0x800004FC (0x0E10A827) fsw ft1, 0xf0(ra)
mem[0x80003204] <- 0xFFFF3249
mem[X,0x80000500] -> 0xAA23
mem[X,0x80000502] -> 0x0E40
[325] [M]: 0x80000500 (0x0E40AA23) sw tp, 0xf4(ra)
mem[0x80003208] <- 0x00000001
mem[X,0x80000504] -> 0xA007
mem[X,0x80000506] -> 0x07C1
[326] [M]: 0x80000504 (0x07C1A007) flw ft0, 0x7c(gp)
mem[R,0x8000208C] -> 0x3E4923BE
f0 <- 0xFFFFFFFF3E4923BE
mem[X,0x80000508] -> 0x0113
mem[X,0x8000050A] -> 0x0200
[327] [M]: 0x80000508 (0x02000113) addi sp, zero, 0x20
x2 <- 0x00000020
mem[X,0x8000050C] -> 0x1073
mem[X,0x8000050E] -> 0x0031
[328] [M]: 0x8000050C (0x00311073) csrrw zero, fcsr, sp
CSR fcsr -> 0x00000001
CSR fcsr <- 0x00000020 (input: 0x00000020)
mem[X,0x80000510] -> 0x7FD3
mem[X,0x80000512] -> 0x4400
[329] [M]: 0x80000510 (0x44007FD3) fcvt.h.s ft11, ft0, dyn
f31 <- 0xFFFFFFFFFFFF3249
mem[X,0x80000514] -> 0x2273
mem[X,0x80000516] -> 0x0030
[330] [M]: 0x80000514 (0x00302273) csrrs tp, fcsr, zero
CSR fcsr -> 0x00000021
x4 <- 0x00000021
mem[X,0x80000518] -> 0xAC27
mem[X,0x8000051A] -> 0x0FF0
[331] [M]: 0x80000518 (0x0FF0AC27) fsw ft11, 0xf8(ra)
mem[0x8000320C] <- 0xFFFF3249
mem[X,0x8000051C] -> 0xAE23
mem[X,0x8000051E] -> 0x0E40
[332] [M]: 0x8000051C (0x0E40AE23) sw tp, 0xfc(ra)
mem[0x80003210] <- 0x00000021
mem[X,0x80000520] -> 0xAF87
mem[X,0x80000522] -> 0x0801
[333] [M]: 0x80000520 (0x0801AF87) flw ft11, 0x80(gp)
mem[R,0x80002090] -> 0x3E4923BE
f31 <- 0xFFFFFFFF3E4923BE
mem[X,0x80000524] -> 0x0113
mem[X,0x80000526] -> 0x0400
[334] [M]: 0x80000524 (0x04000113) addi sp, zero, 0x40
x2 <- 0x00000040
mem[X,0x80000528] -> 0x1073
mem[X,0x8000052A] -> 0x0031
[335] [M]: 0x80000528 (0x00311073) csrrw zero, fcsr, sp
CSR fcsr -> 0x00000021
CSR fcsr <- 0x00000040 (input: 0x00000040)
mem[X,0x8000052C] -> 0xF053
mem[X,0x8000052E] -> 0x440F
[336] [M]: 0x8000052C (0x440FF053) fcvt.h.s ft0, ft11, dyn
f0 <- 0xFFFFFFFFFFFF3249
mem[X,0x80000530] -> 0x2273
mem[X,0x80000532] -> 0x0030
[337] [M]: 0x80000530 (0x00302273) csrrs tp, fcsr, zero
CSR fcsr -> 0x00000041
x4 <- 0x00000041
mem[X,0x80000534] -> 0xA027
mem[X,0x80000536] -> 0x1000
[338] [M]: 0x80000534 (0x1000A027) fsw ft0, 0x100(ra)
mem[0x80003214] <- 0xFFFF3249
mem[X,0x80000538] -> 0xA223
mem[X,0x8000053A] -> 0x1040
[339] [M]: 0x80000538 (0x1040A223) sw tp, 0x104(ra)
mem[0x80003218] <- 0x00000041
mem[X,0x8000053C] -> 0xAF07
mem[X,0x8000053E] -> 0x0841
[340] [M]: 0x8000053C (0x0841AF07) flw ft10, 0x84(gp)
mem[R,0x80002094] -> 0x3E4923BE
f30 <- 0xFFFFFFFF3E4923BE
mem[X,0x80000540] -> 0x0113
mem[X,0x80000542] -> 0x0600
[341] [M]: 0x80000540 (0x06000113) addi sp, zero, 0x60
x2 <- 0x00000060
mem[X,0x80000544] -> 0x1073
mem[X,0x80000546] -> 0x0031
[342] [M]: 0x80000544 (0x00311073) csrrw zero, fcsr, sp
CSR fcsr -> 0x00000041
CSR fcsr <- 0x00000060 (input: 0x00000060)
mem[X,0x80000548] -> 0x7FD3
mem[X,0x8000054A] -> 0x440F
[343] [M]: 0x80000548 (0x440F7FD3) fcvt.h.s ft11, ft10, dyn
f31 <- 0xFFFFFFFFFFFF324A
mem[X,0x8000054C] -> 0x2273
mem[X,0x8000054E] -> 0x0030
[344] [M]: 0x8000054C (0x00302273) csrrs tp, fcsr, zero
CSR fcsr -> 0x00000061
x4 <- 0x00000061
mem[X,0x80000550] -> 0xA427
mem[X,0x80000552] -> 0x11F0
[345] [M]: 0x80000550 (0x11F0A427) fsw ft11, 0x108(ra)
mem[0x8000321C] <- 0xFFFF324A
mem[X,0x80000554] -> 0xA623
mem[X,0x80000556] -> 0x1040
[346] [M]: 0x80000554 (0x1040A623) sw tp, 0x10c(ra)
mem[0x80003220] <- 0x00000061
mem[X,0x80000558] -> 0xAF07
mem[X,0x8000055A] -> 0x0881
[347] [M]: 0x80000558 (0x0881AF07) flw ft10, 0x88(gp)
mem[R,0x80002098] -> 0x3E4923BE
f30 <- 0xFFFFFFFF3E4923BE
mem[X,0x8000055C] -> 0x0113
mem[X,0x8000055E] -> 0x0800
[348] [M]: 0x8000055C (0x08000113) addi sp, zero, 0x80
x2 <- 0x00000080
mem[X,0x80000560] -> 0x1073
mem[X,0x80000562] -> 0x0031
[349] [M]: 0x80000560 (0x00311073) csrrw zero, fcsr, sp
CSR fcsr -> 0x00000061
CSR fcsr <- 0x00000080 (input: 0x00000080)
mem[X,0x80000564] -> 0x7FD3
mem[X,0x80000566] -> 0x440F
[350] [M]: 0x80000564 (0x440F7FD3) fcvt.h.s ft11, ft10, dyn
f31 <- 0xFFFFFFFFFFFF3249
mem[X,0x80000568] -> 0x2273
mem[X,0x8000056A] -> 0x0030
[351] [M]: 0x80000568 (0x00302273) csrrs tp, fcsr, zero
CSR fcsr -> 0x00000081
x4 <- 0x00000081
mem[X,0x8000056C] -> 0xA827
mem[X,0x8000056E] -> 0x11F0
[352] [M]: 0x8000056C (0x11F0A827) fsw ft11, 0x110(ra)
mem[0x80003224] <- 0xFFFF3249
mem[X,0x80000570] -> 0xAA23
mem[X,0x80000572] -> 0x1040
[353] [M]: 0x80000570 (0x1040AA23) sw tp, 0x114(ra)
mem[0x80003228] <- 0x00000081
mem[X,0x80000574] -> 0xAF07
mem[X,0x80000576] -> 0x08C1
[354] [M]: 0x80000574 (0x08C1AF07) flw ft10, 0x8c(gp)
mem[R,0x8000209C] -> 0x3E4923BF
f30 <- 0xFFFFFFFF3E4923BF
mem[X,0x80000578] -> 0x0113
mem[X,0x8000057A] -> 0x0000
[355] [M]: 0x80000578 (0x00000113) addi sp, zero, 0x0
x2 <- 0x00000000
mem[X,0x8000057C] -> 0x1073
mem[X,0x8000057E] -> 0x0031
[356] [M]: 0x8000057C (0x00311073) csrrw zero, fcsr, sp
CSR fcsr -> 0x00000081
CSR fcsr <- 0x00000000 (input: 0x00000000)
mem[X,0x80000580] -> 0x7FD3
mem[X,0x80000582] -> 0x440F
[357] [M]: 0x80000580 (0x440F7FD3) fcvt.h.s ft11, ft10, dyn
f31 <- 0xFFFFFFFFFFFF3249
mem[X,0x80000584] -> 0x2273
mem[X,0x80000586] -> 0x0030
[358] [M]: 0x80000584 (0x00302273) csrrs tp, fcsr, zero
CSR fcsr -> 0x00000001
x4 <- 0x00000001
mem[X,0x80000588] -> 0xAC27
mem[X,0x8000058A] -> 0x11F0
[359] [M]: 0x80000588 (0x11F0AC27) fsw ft11, 0x118(ra)
mem[0x8000322C] <- 0xFFFF3249
mem[X,0x8000058C] -> 0xAE23
mem[X,0x8000058E] -> 0x1040
[360] [M]: 0x8000058C (0x1040AE23) sw tp, 0x11c(ra)
mem[0x80003230] <- 0x00000001
mem[X,0x80000590] -> 0xAF07
mem[X,0x80000592] -> 0x0901
[361] [M]: 0x80000590 (0x0901AF07) flw ft10, 0x90(gp)
mem[R,0x800020A0] -> 0x3E4923BF
f30 <- 0xFFFFFFFF3E4923BF
mem[X,0x80000594] -> 0x0113
mem[X,0x80000596] -> 0x0200
[362] [M]: 0x80000594 (0x02000113) addi sp, zero, 0x20
x2 <- 0x00000020
mem[X,0x80000598] -> 0x1073
mem[X,0x8000059A] -> 0x0031
[363] [M]: 0x80000598 (0x00311073) csrrw zero, fcsr, sp
CSR fcsr -> 0x00000001
CSR fcsr <- 0x00000020 (input: 0x00000020)
mem[X,0x8000059C] -> 0x7FD3
mem[X,0x8000059E] -> 0x440F
[364] [M]: 0x8000059C (0x440F7FD3) fcvt.h.s ft11, ft10, dyn
f31 <- 0xFFFFFFFFFFFF3249
mem[X,0x800005A0] -> 0x2273
mem[X,0x800005A2] -> 0x0030
[365] [M]: 0x800005A0 (0x00302273) csrrs tp, fcsr, zero
CSR fcsr -> 0x00000021
x4 <- 0x00000021
mem[X,0x800005A4] -> 0xA027
mem[X,0x800005A6] -> 0x13F0
[366] [M]: 0x800005A4 (0x13F0A027) fsw ft11, 0x120(ra)
mem[0x80003234] <- 0xFFFF3249
mem[X,0x800005A8] -> 0xA223
mem[X,0x800005AA] -> 0x1240
[367] [M]: 0x800005A8 (0x1240A223) sw tp, 0x124(ra)
mem[0x80003238] <- 0x00000021
mem[X,0x800005AC] -> 0xAF07
mem[X,0x800005AE] -> 0x0941
[368] [M]: 0x800005AC (0x0941AF07) flw ft10, 0x94(gp)
mem[R,0x800020A4] -> 0x3E4923BF
f30 <- 0xFFFFFFFF3E4923BF
mem[X,0x800005B0] -> 0x0113
mem[X,0x800005B2] -> 0x0400
[369] [M]: 0x800005B0 (0x04000113) addi sp, zero, 0x40
x2 <- 0x00000040
mem[X,0x800005B4] -> 0x1073
mem[X,0x800005B6] -> 0x0031
[370] [M]: 0x800005B4 (0x00311073) csrrw zero, fcsr, sp
CSR fcsr -> 0x00000021
CSR fcsr <- 0x00000040 (input: 0x00000040)
mem[X,0x800005B8] -> 0x7FD3
mem[X,0x800005BA] -> 0x440F
[371] [M]: 0x800005B8 (0x440F7FD3) fcvt.h.s ft11, ft10, dyn
f31 <- 0xFFFFFFFFFFFF3249
mem[X,0x800005BC] -> 0x2273
mem[X,0x800005BE] -> 0x0030
[372] [M]: 0x800005BC (0x00302273) csrrs tp, fcsr, zero
CSR fcsr -> 0x00000041
x4 <- 0x00000041
mem[X,0x800005C0] -> 0xA427
mem[X,0x800005C2] -> 0x13F0
[373] [M]: 0x800005C0 (0x13F0A427) fsw ft11, 0x128(ra)
mem[0x8000323C] <- 0xFFFF3249
mem[X,0x800005C4] -> 0xA623
mem[X,0x800005C6] -> 0x1240
[374] [M]: 0x800005C4 (0x1240A623) sw tp, 0x12c(ra)
mem[0x80003240] <- 0x00000041
mem[X,0x800005C8] -> 0xAF07
mem[X,0x800005CA] -> 0x0981
[375] [M]: 0x800005C8 (0x0981AF07) flw ft10, 0x98(gp)
mem[R,0x800020A8] -> 0x3E4923BF
f30 <- 0xFFFFFFFF3E4923BF
mem[X,0x800005CC] -> 0x0113
mem[X,0x800005CE] -> 0x0600
[376] [M]: 0x800005CC (0x06000113) addi sp, zero, 0x60
x2 <- 0x00000060
mem[X,0x800005D0] -> 0x1073
mem[X,0x800005D2] -> 0x0031
[377] [M]: 0x800005D0 (0x00311073) csrrw zero, fcsr, sp
CSR fcsr -> 0x00000041
CSR fcsr <- 0x00000060 (input: 0x00000060)
mem[X,0x800005D4] -> 0x7FD3
mem[X,0x800005D6] -> 0x440F
[378] [M]: 0x800005D4 (0x440F7FD3) fcvt.h.s ft11, ft10, dyn
f31 <- 0xFFFFFFFFFFFF324A
mem[X,0x800005D8] -> 0x2273
mem[X,0x800005DA] -> 0x0030
[379] [M]: 0x800005D8 (0x00302273) csrrs tp, fcsr, zero
CSR fcsr -> 0x00000061
x4 <- 0x00000061
mem[X,0x800005DC] -> 0xA827
mem[X,0x800005DE] -> 0x13F0
[380] [M]: 0x800005DC (0x13F0A827) fsw ft11, 0x130(ra)
mem[0x80003244] <- 0xFFFF324A
mem[X,0x800005E0] -> 0xAA23
mem[X,0x800005E2] -> 0x1240
[381] [M]: 0x800005E0 (0x1240AA23) sw tp, 0x134(ra)
mem[0x80003248] <- 0x00000061
mem[X,0x800005E4] -> 0xAF07
mem[X,0x800005E6] -> 0x09C1
[382] [M]: 0x800005E4 (0x09C1AF07) flw ft10, 0x9c(gp)
mem[R,0x800020AC] -> 0x3E4923BF
f30 <- 0xFFFFFFFF3E4923BF
mem[X,0x800005E8] -> 0x0113
mem[X,0x800005EA] -> 0x0800
[383] [M]: 0x800005E8 (0x08000113) addi sp, zero, 0x80
x2 <- 0x00000080
mem[X,0x800005EC] -> 0x1073
mem[X,0x800005EE] -> 0x0031
[384] [M]: 0x800005EC (0x00311073) csrrw zero, fcsr, sp
CSR fcsr -> 0x00000061
CSR fcsr <- 0x00000080 (input: 0x00000080)
mem[X,0x800005F0] -> 0x7FD3
mem[X,0x800005F2] -> 0x440F
[385] [M]: 0x800005F0 (0x440F7FD3) fcvt.h.s ft11, ft10, dyn
f31 <- 0xFFFFFFFFFFFF3249
mem[X,0x800005F4] -> 0x2273
mem[X,0x800005F6] -> 0x0030
[386] [M]: 0x800005F4 (0x00302273) csrrs tp, fcsr, zero
CSR fcsr -> 0x00000081
x4 <- 0x00000081
mem[X,0x800005F8] -> 0xAC27
mem[X,0x800005FA] -> 0x13F0
[387] [M]: 0x800005F8 (0x13F0AC27) fsw ft11, 0x138(ra)
mem[0x8000324C] <- 0xFFFF3249
mem[X,0x800005FC] -> 0xAE23
mem[X,0x800005FE] -> 0x1240
[388] [M]: 0x800005FC (0x1240AE23) sw tp, 0x13c(ra)
mem[0x80003250] <- 0x00000081
mem[X,0x80000600] -> 0xAF07
mem[X,0x80000602] -> 0x0A01
[389] [M]: 0x80000600 (0x0A01AF07) flw ft10, 0xa0(gp)
mem[R,0x800020B0] -> 0xBE4923B8
f30 <- 0xFFFFFFFFBE4923B8
mem[X,0x80000604] -> 0x0113
mem[X,0x80000606] -> 0x0000
[390] [M]: 0x80000604 (0x00000113) addi sp, zero, 0x0
x2 <- 0x00000000
mem[X,0x80000608] -> 0x1073
mem[X,0x8000060A] -> 0x0031
[391] [M]: 0x80000608 (0x00311073) csrrw zero, fcsr, sp
CSR fcsr -> 0x00000081
CSR fcsr <- 0x00000000 (input: 0x00000000)
mem[X,0x8000060C] -> 0x7FD3
mem[X,0x8000060E] -> 0x440F
[392] [M]: 0x8000060C (0x440F7FD3) fcvt.h.s ft11, ft10, dyn
f31 <- 0xFFFFFFFFFFFFB249
mem[X,0x80000610] -> 0x2273
mem[X,0x80000612] -> 0x0030
[393] [M]: 0x80000610 (0x00302273) csrrs tp, fcsr, zero
CSR fcsr -> 0x00000001
x4 <- 0x00000001
mem[X,0x80000614] -> 0xA027
mem[X,0x80000616] -> 0x15F0
[394] [M]: 0x80000614 (0x15F0A027) fsw ft11, 0x140(ra)
mem[0x80003254] <- 0xFFFFB249
mem[X,0x80000618] -> 0xA223
mem[X,0x8000061A] -> 0x1440
[395] [M]: 0x80000618 (0x1440A223) sw tp, 0x144(ra)
mem[0x80003258] <- 0x00000001
mem[X,0x8000061C] -> 0xAF07
mem[X,0x8000061E] -> 0x0A41
[396] [M]: 0x8000061C (0x0A41AF07) flw ft10, 0xa4(gp)
mem[R,0x800020B4] -> 0xBE4923B8
f30 <- 0xFFFFFFFFBE4923B8
mem[X,0x80000620] -> 0x0113
mem[X,0x80000622] -> 0x0200
[397] [M]: 0x80000620 (0x02000113) addi sp, zero, 0x20
x2 <- 0x00000020
mem[X,0x80000624] -> 0x1073
mem[X,0x80000626] -> 0x0031
[398] [M]: 0x80000624 (0x00311073) csrrw zero, fcsr, sp
CSR fcsr -> 0x00000001
CSR fcsr <- 0x00000020 (input: 0x00000020)
mem[X,0x80000628] -> 0x7FD3
mem[X,0x8000062A] -> 0x440F
[399] [M]: 0x80000628 (0x440F7FD3) fcvt.h.s ft11, ft10, dyn
f31 <- 0xFFFFFFFFFFFFB249
clint::tick mtime <- 0x0000000000000004
 clint timer pending at mtime 0x0000000000000004
htif::tick 0x0000000000000000
mem[X,0x8000062C] -> 0x2273
mem[X,0x8000062E] -> 0x0030
[400] [M]: 0x8000062C (0x00302273) csrrs tp, fcsr, zero
CSR fcsr -> 0x00000021
x4 <- 0x00000021
mem[X,0x80000630] -> 0xA427
mem[X,0x80000632] -> 0x15F0
[401] [M]: 0x80000630 (0x15F0A427) fsw ft11, 0x148(ra)
mem[0x8000325C] <- 0xFFFFB249
mem[X,0x80000634] -> 0xA623
mem[X,0x80000636] -> 0x1440
[402] [M]: 0x80000634 (0x1440A623) sw tp, 0x14c(ra)
mem[0x80003260] <- 0x00000021
mem[X,0x80000638] -> 0xAF07
mem[X,0x8000063A] -> 0x0A81
[403] [M]: 0x80000638 (0x0A81AF07) flw ft10, 0xa8(gp)
mem[R,0x800020B8] -> 0xBE4923B8
f30 <- 0xFFFFFFFFBE4923B8
mem[X,0x8000063C] -> 0x0113
mem[X,0x8000063E] -> 0x0400
[404] [M]: 0x8000063C (0x04000113) addi sp, zero, 0x40
x2 <- 0x00000040
mem[X,0x80000640] -> 0x1073
mem[X,0x80000642] -> 0x0031
[405] [M]: 0x80000640 (0x00311073) csrrw zero, fcsr, sp
CSR fcsr -> 0x00000021
CSR fcsr <- 0x00000040 (input: 0x00000040)
mem[X,0x80000644] -> 0x7FD3
mem[X,0x80000646] -> 0x440F
[406] [M]: 0x80000644 (0x440F7FD3) fcvt.h.s ft11, ft10, dyn
f31 <- 0xFFFFFFFFFFFFB24A
mem[X,0x80000648] -> 0x2273
mem[X,0x8000064A] -> 0x0030
[407] [M]: 0x80000648 (0x00302273) csrrs tp, fcsr, zero
CSR fcsr -> 0x00000041
x4 <- 0x00000041
mem[X,0x8000064C] -> 0xA827
mem[X,0x8000064E] -> 0x15F0
[408] [M]: 0x8000064C (0x15F0A827) fsw ft11, 0x150(ra)
mem[0x80003264] <- 0xFFFFB24A
mem[X,0x80000650] -> 0xAA23
mem[X,0x80000652] -> 0x1440
[409] [M]: 0x80000650 (0x1440AA23) sw tp, 0x154(ra)
mem[0x80003268] <- 0x00000041
mem[X,0x80000654] -> 0xAF07
mem[X,0x80000656] -> 0x0AC1
[410] [M]: 0x80000654 (0x0AC1AF07) flw ft10, 0xac(gp)
mem[R,0x800020BC] -> 0xBE4923B8
f30 <- 0xFFFFFFFFBE4923B8
mem[X,0x80000658] -> 0x0113
mem[X,0x8000065A] -> 0x0600
[411] [M]: 0x80000658 (0x06000113) addi sp, zero, 0x60
x2 <- 0x00000060
mem[X,0x8000065C] -> 0x1073
mem[X,0x8000065E] -> 0x0031
[412] [M]: 0x8000065C (0x00311073) csrrw zero, fcsr, sp
CSR fcsr -> 0x00000041
CSR fcsr <- 0x00000060 (input: 0x00000060)
mem[X,0x80000660] -> 0x7FD3
mem[X,0x80000662] -> 0x440F
[413] [M]: 0x80000660 (0x440F7FD3) fcvt.h.s ft11, ft10, dyn
f31 <- 0xFFFFFFFFFFFFB249
mem[X,0x80000664] -> 0x2273
mem[X,0x80000666] -> 0x0030
[414] [M]: 0x80000664 (0x00302273) csrrs tp, fcsr, zero
CSR fcsr -> 0x00000061
x4 <- 0x00000061
mem[X,0x80000668] -> 0xAC27
mem[X,0x8000066A] -> 0x15F0
[415] [M]: 0x80000668 (0x15F0AC27) fsw ft11, 0x158(ra)
mem[0x8000326C] <- 0xFFFFB249
mem[X,0x8000066C] -> 0xAE23
mem[X,0x8000066E] -> 0x1440
[416] [M]: 0x8000066C (0x1440AE23) sw tp, 0x15c(ra)
mem[0x80003270] <- 0x00000061
mem[X,0x80000670] -> 0xAF07
mem[X,0x80000672] -> 0x0B01
[417] [M]: 0x80000670 (0x0B01AF07) flw ft10, 0xb0(gp)
mem[R,0x800020C0] -> 0xBE4923B8
f30 <- 0xFFFFFFFFBE4923B8
mem[X,0x80000674] -> 0x0113
mem[X,0x80000676] -> 0x0800
[418] [M]: 0x80000674 (0x08000113) addi sp, zero, 0x80
x2 <- 0x00000080
mem[X,0x80000678] -> 0x1073
mem[X,0x8000067A] -> 0x0031
[419] [M]: 0x80000678 (0x00311073) csrrw zero, fcsr, sp
CSR fcsr -> 0x00000061
CSR fcsr <- 0x00000080 (input: 0x00000080)
mem[X,0x8000067C] -> 0x7FD3
mem[X,0x8000067E] -> 0x440F
[420] [M]: 0x8000067C (0x440F7FD3) fcvt.h.s ft11, ft10, dyn
f31 <- 0xFFFFFFFFFFFFB249
mem[X,0x80000680] -> 0x2273
mem[X,0x80000682] -> 0x0030
[421] [M]: 0x80000680 (0x00302273) csrrs tp, fcsr, zero
CSR fcsr -> 0x00000081
x4 <- 0x00000081
mem[X,0x80000684] -> 0xA027
mem[X,0x80000686] -> 0x17F0
[422] [M]: 0x80000684 (0x17F0A027) fsw ft11, 0x160(ra)
mem[0x80003274] <- 0xFFFFB249
mem[X,0x80000688] -> 0xA223
mem[X,0x8000068A] -> 0x1640
[423] [M]: 0x80000688 (0x1640A223) sw tp, 0x164(ra)
mem[0x80003278] <- 0x00000081
mem[X,0x8000068C] -> 0xAF07
mem[X,0x8000068E] -> 0x0B41
[424] [M]: 0x8000068C (0x0B41AF07) flw ft10, 0xb4(gp)
mem[R,0x800020C4] -> 0xBE4923B9
f30 <- 0xFFFFFFFFBE4923B9
mem[X,0x80000690] -> 0x0113
mem[X,0x80000692] -> 0x0000
[425] [M]: 0x80000690 (0x00000113) addi sp, zero, 0x0
x2 <- 0x00000000
mem[X,0x80000694] -> 0x1073
mem[X,0x80000696] -> 0x0031
[426] [M]: 0x80000694 (0x00311073) csrrw zero, fcsr, sp
CSR fcsr -> 0x00000081
CSR fcsr <- 0x00000000 (input: 0x00000000)
mem[X,0x80000698] -> 0x7FD3
mem[X,0x8000069A] -> 0x440F
[427] [M]: 0x80000698 (0x440F7FD3) fcvt.h.s ft11, ft10, dyn
f31 <- 0xFFFFFFFFFFFFB249
mem[X,0x8000069C] -> 0x2273
mem[X,0x8000069E] -> 0x0030
[428] [M]: 0x8000069C (0x00302273) csrrs tp, fcsr, zero
CSR fcsr -> 0x00000001
x4 <- 0x00000001
mem[X,0x800006A0] -> 0xA427
mem[X,0x800006A2] -> 0x17F0
[429] [M]: 0x800006A0 (0x17F0A427) fsw ft11, 0x168(ra)
mem[0x8000327C] <- 0xFFFFB249
mem[X,0x800006A4] -> 0xA623
mem[X,0x800006A6] -> 0x1640
[430] [M]: 0x800006A4 (0x1640A623) sw tp, 0x16c(ra)
mem[0x80003280] <- 0x00000001
mem[X,0x800006A8] -> 0xAF07
mem[X,0x800006AA] -> 0x0B81
[431] [M]: 0x800006A8 (0x0B81AF07) flw ft10, 0xb8(gp)
mem[R,0x800020C8] -> 0xBE4923B9
f30 <- 0xFFFFFFFFBE4923B9
mem[X,0x800006AC] -> 0x0113
mem[X,0x800006AE] -> 0x0200
[432] [M]: 0x800006AC (0x02000113) addi sp, zero, 0x20
x2 <- 0x00000020
mem[X,0x800006B0] -> 0x1073
mem[X,0x800006B2] -> 0x0031
[433] [M]: 0x800006B0 (0x00311073) csrrw zero, fcsr, sp
CSR fcsr -> 0x00000001
CSR fcsr <- 0x00000020 (input: 0x00000020)
mem[X,0x800006B4] -> 0x7FD3
mem[X,0x800006B6] -> 0x440F
[434] [M]: 0x800006B4 (0x440F7FD3) fcvt.h.s ft11, ft10, dyn
f31 <- 0xFFFFFFFFFFFFB249
mem[X,0x800006B8] -> 0x2273
mem[X,0x800006BA] -> 0x0030
[435] [M]: 0x800006B8 (0x00302273) csrrs tp, fcsr, zero
CSR fcsr -> 0x00000021
x4 <- 0x00000021
mem[X,0x800006BC] -> 0xA827
mem[X,0x800006BE] -> 0x17F0
[436] [M]: 0x800006BC (0x17F0A827) fsw ft11, 0x170(ra)
mem[0x80003284] <- 0xFFFFB249
mem[X,0x800006C0] -> 0xAA23
mem[X,0x800006C2] -> 0x1640
[437] [M]: 0x800006C0 (0x1640AA23) sw tp, 0x174(ra)
mem[0x80003288] <- 0x00000021
mem[X,0x800006C4] -> 0xAF07
mem[X,0x800006C6] -> 0x0BC1
[438] [M]: 0x800006C4 (0x0BC1AF07) flw ft10, 0xbc(gp)
mem[R,0x800020CC] -> 0xBE4923B9
f30 <- 0xFFFFFFFFBE4923B9
mem[X,0x800006C8] -> 0x0113
mem[X,0x800006CA] -> 0x0400
[439] [M]: 0x800006C8 (0x04000113) addi sp, zero, 0x40
x2 <- 0x00000040
mem[X,0x800006CC] -> 0x1073
mem[X,0x800006CE] -> 0x0031
[440] [M]: 0x800006CC (0x00311073) csrrw zero, fcsr, sp
CSR fcsr -> 0x00000021
CSR fcsr <- 0x00000040 (input: 0x00000040)
mem[X,0x800006D0] -> 0x7FD3
mem[X,0x800006D2] -> 0x440F
[441] [M]: 0x800006D0 (0x440F7FD3) fcvt.h.s ft11, ft10, dyn
f31 <- 0xFFFFFFFFFFFFB24A
mem[X,0x800006D4] -> 0x2273
mem[X,0x800006D6] -> 0x0030
[442] [M]: 0x800006D4 (0x00302273) csrrs tp, fcsr, zero
CSR fcsr -> 0x00000041
x4 <- 0x00000041
mem[X,0x800006D8] -> 0xAC27
mem[X,0x800006DA] -> 0x17F0
[443] [M]: 0x800006D8 (0x17F0AC27) fsw ft11, 0x178(ra)
mem[0x8000328C] <- 0xFFFFB24A
mem[X,0x800006DC] -> 0xAE23
mem[X,0x800006DE] -> 0x1640
[444] [M]: 0x800006DC (0x1640AE23) sw tp, 0x17c(ra)
mem[0x80003290] <- 0x00000041
mem[X,0x800006E0] -> 0xAF07
mem[X,0x800006E2] -> 0x0C01
[445] [M]: 0x800006E0 (0x0C01AF07) flw ft10, 0xc0(gp)
mem[R,0x800020D0] -> 0xBE4923B9
f30 <- 0xFFFFFFFFBE4923B9
mem[X,0x800006E4] -> 0x0113
mem[X,0x800006E6] -> 0x0600
[446] [M]: 0x800006E4 (0x06000113) addi sp, zero, 0x60
x2 <- 0x00000060
mem[X,0x800006E8] -> 0x1073
mem[X,0x800006EA] -> 0x0031
[447] [M]: 0x800006E8 (0x00311073) csrrw zero, fcsr, sp
CSR fcsr -> 0x00000041
CSR fcsr <- 0x00000060 (input: 0x00000060)
mem[X,0x800006EC] -> 0x7FD3
mem[X,0x800006EE] -> 0x440F
[448] [M]: 0x800006EC (0x440F7FD3) fcvt.h.s ft11, ft10, dyn
f31 <- 0xFFFFFFFFFFFFB249
mem[X,0x800006F0] -> 0x2273
mem[X,0x800006F2] -> 0x0030
[449] [M]: 0x800006F0 (0x00302273) csrrs tp, fcsr, zero
CSR fcsr -> 0x00000061
x4 <- 0x00000061
mem[X,0x800006F4] -> 0xA027
mem[X,0x800006F6] -> 0x19F0
[450] [M]: 0x800006F4 (0x19F0A027) fsw ft11, 0x180(ra)
mem[0x80003294] <- 0xFFFFB249
mem[X,0x800006F8] -> 0xA223
mem[X,0x800006FA] -> 0x1840
[451] [M]: 0x800006F8 (0x1840A223) sw tp, 0x184(ra)
mem[0x80003298] <- 0x00000061
mem[X,0x800006FC] -> 0xAF07
mem[X,0x800006FE] -> 0x0C41
[452] [M]: 0x800006FC (0x0C41AF07) flw ft10, 0xc4(gp)
mem[R,0x800020D4] -> 0xBE4923B9
f30 <- 0xFFFFFFFFBE4923B9
mem[X,0x80000700] -> 0x0113
mem[X,0x80000702] -> 0x0800
[453] [M]: 0x80000700 (0x08000113) addi sp, zero, 0x80
x2 <- 0x00000080
mem[X,0x80000704] -> 0x1073
mem[X,0x80000706] -> 0x0031
[454] [M]: 0x80000704 (0x00311073) csrrw zero, fcsr, sp
CSR fcsr -> 0x00000061
CSR fcsr <- 0x00000080 (input: 0x00000080)
mem[X,0x80000708] -> 0x7FD3
mem[X,0x8000070A] -> 0x440F
[455] [M]: 0x80000708 (0x440F7FD3) fcvt.h.s ft11, ft10, dyn
f31 <- 0xFFFFFFFFFFFFB249
mem[X,0x8000070C] -> 0x2273
mem[X,0x8000070E] -> 0x0030
[456] [M]: 0x8000070C (0x00302273) csrrs tp, fcsr, zero
CSR fcsr -> 0x00000081
x4 <- 0x00000081
mem[X,0x80000710] -> 0xA427
mem[X,0x80000712] -> 0x19F0
[457] [M]: 0x80000710 (0x19F0A427) fsw ft11, 0x188(ra)
mem[0x8000329C] <- 0xFFFFB249
mem[X,0x80000714] -> 0xA623
mem[X,0x80000716] -> 0x1840
[458] [M]: 0x80000714 (0x1840A623) sw tp, 0x18c(ra)
mem[0x800032A0] <- 0x00000081
mem[X,0x80000718] -> 0xAF07
mem[X,0x8000071A] -> 0x0C81
[459] [M]: 0x80000718 (0x0C81AF07) flw ft10, 0xc8(gp)
mem[R,0x800020D8] -> 0xBE4923BA
f30 <- 0xFFFFFFFFBE4923BA
mem[X,0x8000071C] -> 0x0113
mem[X,0x8000071E] -> 0x0000
[460] [M]: 0x8000071C (0x00000113) addi sp, zero, 0x0
x2 <- 0x00000000
mem[X,0x80000720] -> 0x1073
mem[X,0x80000722] -> 0x0031
[461] [M]: 0x80000720 (0x00311073) csrrw zero, fcsr, sp
CSR fcsr -> 0x00000081
CSR fcsr <- 0x00000000 (input: 0x00000000)
mem[X,0x80000724] -> 0x7FD3
mem[X,0x80000726] -> 0x440F
[462] [M]: 0x80000724 (0x440F7FD3) fcvt.h.s ft11, ft10, dyn
f31 <- 0xFFFFFFFFFFFFB249
mem[X,0x80000728] -> 0x2273
mem[X,0x8000072A] -> 0x0030
[463] [M]: 0x80000728 (0x00302273) csrrs tp, fcsr, zero
CSR fcsr -> 0x00000001
x4 <- 0x00000001
mem[X,0x8000072C] -> 0xA827
mem[X,0x8000072E] -> 0x19F0
[464] [M]: 0x8000072C (0x19F0A827) fsw ft11, 0x190(ra)
mem[0x800032A4] <- 0xFFFFB249
mem[X,0x80000730] -> 0xAA23
mem[X,0x80000732] -> 0x1840
[465] [M]: 0x80000730 (0x1840AA23) sw tp, 0x194(ra)
mem[0x800032A8] <- 0x00000001
mem[X,0x80000734] -> 0xAF07
mem[X,0x80000736] -> 0x0CC1
[466] [M]: 0x80000734 (0x0CC1AF07) flw ft10, 0xcc(gp)
mem[R,0x800020DC] -> 0xBE4923BA
f30 <- 0xFFFFFFFFBE4923BA
mem[X,0x80000738] -> 0x0113
mem[X,0x8000073A] -> 0x0200
[467] [M]: 0x80000738 (0x02000113) addi sp, zero, 0x20
x2 <- 0x00000020
mem[X,0x8000073C] -> 0x1073
mem[X,0x8000073E] -> 0x0031
[468] [M]: 0x8000073C (0x00311073) csrrw zero, fcsr, sp
CSR fcsr -> 0x00000001
CSR fcsr <- 0x00000020 (input: 0x00000020)
mem[X,0x80000740] -> 0x7FD3
mem[X,0x80000742] -> 0x440F
[469] [M]: 0x80000740 (0x440F7FD3) fcvt.h.s ft11, ft10, dyn
f31 <- 0xFFFFFFFFFFFFB249
mem[X,0x80000744] -> 0x2273
mem[X,0x80000746] -> 0x0030
[470] [M]: 0x80000744 (0x00302273) csrrs tp, fcsr, zero
CSR fcsr -> 0x00000021
x4 <- 0x00000021
mem[X,0x80000748] -> 0xAC27
mem[X,0x8000074A] -> 0x19F0
[471] [M]: 0x80000748 (0x19F0AC27) fsw ft11, 0x198(ra)
mem[0x800032AC] <- 0xFFFFB249
mem[X,0x8000074C] -> 0xAE23
mem[X,0x8000074E] -> 0x1840
[472] [M]: 0x8000074C (0x1840AE23) sw tp, 0x19c(ra)
mem[0x800032B0] <- 0x00000021
mem[X,0x80000750] -> 0xAF07
mem[X,0x80000752] -> 0x0D01
[473] [M]: 0x80000750 (0x0D01AF07) flw ft10, 0xd0(gp)
mem[R,0x800020E0] -> 0xBE4923BA
f30 <- 0xFFFFFFFFBE4923BA
mem[X,0x80000754] -> 0x0113
mem[X,0x80000756] -> 0x0400
[474] [M]: 0x80000754 (0x04000113) addi sp, zero, 0x40
x2 <- 0x00000040
mem[X,0x80000758] -> 0x1073
mem[X,0x8000075A] -> 0x0031
[475] [M]: 0x80000758 (0x00311073) csrrw zero, fcsr, sp
CSR fcsr -> 0x00000021
CSR fcsr <- 0x00000040 (input: 0x00000040)
mem[X,0x8000075C] -> 0x7FD3
mem[X,0x8000075E] -> 0x440F
[476] [M]: 0x8000075C (0x440F7FD3) fcvt.h.s ft11, ft10, dyn
f31 <- 0xFFFFFFFFFFFFB24A
mem[X,0x80000760] -> 0x2273
mem[X,0x80000762] -> 0x0030
[477] [M]: 0x80000760 (0x00302273) csrrs tp, fcsr, zero
CSR fcsr -> 0x00000041
x4 <- 0x00000041
mem[X,0x80000764] -> 0xA027
mem[X,0x80000766] -> 0x1BF0
[478] [M]: 0x80000764 (0x1BF0A027) fsw ft11, 0x1a0(ra)
mem[0x800032B4] <- 0xFFFFB24A
mem[X,0x80000768] -> 0xA223
mem[X,0x8000076A] -> 0x1A40
[479] [M]: 0x80000768 (0x1A40A223) sw tp, 0x1a4(ra)
mem[0x800032B8] <- 0x00000041
mem[X,0x8000076C] -> 0xAF07
mem[X,0x8000076E] -> 0x0D41
[480] [M]: 0x8000076C (0x0D41AF07) flw ft10, 0xd4(gp)
mem[R,0x800020E4] -> 0xBE4923BA
f30 <- 0xFFFFFFFFBE4923BA
mem[X,0x80000770] -> 0x0113
mem[X,0x80000772] -> 0x0600
[481] [M]: 0x80000770 (0x06000113) addi sp, zero, 0x60
x2 <- 0x00000060
mem[X,0x80000774] -> 0x1073
mem[X,0x80000776] -> 0x0031
[482] [M]: 0x80000774 (0x00311073) csrrw zero, fcsr, sp
CSR fcsr -> 0x00000041
CSR fcsr <- 0x00000060 (input: 0x00000060)
mem[X,0x80000778] -> 0x7FD3
mem[X,0x8000077A] -> 0x440F
[483] [M]: 0x80000778 (0x440F7FD3) fcvt.h.s ft11, ft10, dyn
f31 <- 0xFFFFFFFFFFFFB249
mem[X,0x8000077C] -> 0x2273
mem[X,0x8000077E] -> 0x0030
[484] [M]: 0x8000077C (0x00302273) csrrs tp, fcsr, zero
CSR fcsr -> 0x00000061
x4 <- 0x00000061
mem[X,0x80000780] -> 0xA427
mem[X,0x80000782] -> 0x1BF0
[485] [M]: 0x80000780 (0x1BF0A427) fsw ft11, 0x1a8(ra)
mem[0x800032BC] <- 0xFFFFB249
mem[X,0x80000784] -> 0xA623
mem[X,0x80000786] -> 0x1A40
[486] [M]: 0x80000784 (0x1A40A623) sw tp, 0x1ac(ra)
mem[0x800032C0] <- 0x00000061
mem[X,0x80000788] -> 0xAF07
mem[X,0x8000078A] -> 0x0D81
[487] [M]: 0x80000788 (0x0D81AF07) flw ft10, 0xd8(gp)
mem[R,0x800020E8] -> 0xBE4923BA
f30 <- 0xFFFFFFFFBE4923BA
mem[X,0x8000078C] -> 0x0113
mem[X,0x8000078E] -> 0x0800
[488] [M]: 0x8000078C (0x08000113) addi sp, zero, 0x80
x2 <- 0x00000080
mem[X,0x80000790] -> 0x1073
mem[X,0x80000792] -> 0x0031
[489] [M]: 0x80000790 (0x00311073) csrrw zero, fcsr, sp
CSR fcsr -> 0x00000061
CSR fcsr <- 0x00000080 (input: 0x00000080)
mem[X,0x80000794] -> 0x7FD3
mem[X,0x80000796] -> 0x440F
[490] [M]: 0x80000794 (0x440F7FD3) fcvt.h.s ft11, ft10, dyn
f31 <- 0xFFFFFFFFFFFFB249
mem[X,0x80000798] -> 0x2273
mem[X,0x8000079A] -> 0x0030
[491] [M]: 0x80000798 (0x00302273) csrrs tp, fcsr, zero
CSR fcsr -> 0x00000081
x4 <- 0x00000081
mem[X,0x8000079C] -> 0xA827
mem[X,0x8000079E] -> 0x1BF0
[492] [M]: 0x8000079C (0x1BF0A827) fsw ft11, 0x1b0(ra)
mem[0x800032C4] <- 0xFFFFB249
mem[X,0x800007A0] -> 0xAA23
mem[X,0x800007A2] -> 0x1A40
[493] [M]: 0x800007A0 (0x1A40AA23) sw tp, 0x1b4(ra)
mem[0x800032C8] <- 0x00000081
mem[X,0x800007A4] -> 0xAF07
mem[X,0x800007A6] -> 0x0DC1
[494] [M]: 0x800007A4 (0x0DC1AF07) flw ft10, 0xdc(gp)
mem[R,0x800020EC] -> 0xBE4923BB
f30 <- 0xFFFFFFFFBE4923BB
mem[X,0x800007A8] -> 0x0113
mem[X,0x800007AA] -> 0x0000
[495] [M]: 0x800007A8 (0x00000113) addi sp, zero, 0x0
x2 <- 0x00000000
mem[X,0x800007AC] -> 0x1073
mem[X,0x800007AE] -> 0x0031
[496] [M]: 0x800007AC (0x00311073) csrrw zero, fcsr, sp
CSR fcsr -> 0x00000081
CSR fcsr <- 0x00000000 (input: 0x00000000)
mem[X,0x800007B0] -> 0x7FD3
mem[X,0x800007B2] -> 0x440F
[497] [M]: 0x800007B0 (0x440F7FD3) fcvt.h.s ft11, ft10, dyn
f31 <- 0xFFFFFFFFFFFFB249
mem[X,0x800007B4] -> 0x2273
mem[X,0x800007B6] -> 0x0030
[498] [M]: 0x800007B4 (0x00302273) csrrs tp, fcsr, zero
CSR fcsr -> 0x00000001
x4 <- 0x00000001
mem[X,0x800007B8] -> 0xAC27
mem[X,0x800007BA] -> 0x1BF0
[499] [M]: 0x800007B8 (0x1BF0AC27) fsw ft11, 0x1b8(ra)
mem[0x800032CC] <- 0xFFFFB249
clint::tick mtime <- 0x0000000000000005
 clint timer pending at mtime 0x0000000000000005
htif::tick 0x0000000000000000
mem[X,0x800007BC] -> 0xAE23
mem[X,0x800007BE] -> 0x1A40
[500] [M]: 0x800007BC (0x1A40AE23) sw tp, 0x1bc(ra)
mem[0x800032D0] <- 0x00000001
mem[X,0x800007C0] -> 0xAF07
mem[X,0x800007C2] -> 0x0E01
[501] [M]: 0x800007C0 (0x0E01AF07) flw ft10, 0xe0(gp)
mem[R,0x800020F0] -> 0xBE4923BB
f30 <- 0xFFFFFFFFBE4923BB
mem[X,0x800007C4] -> 0x0113
mem[X,0x800007C6] -> 0x0200
[502] [M]: 0x800007C4 (0x02000113) addi sp, zero, 0x20
x2 <- 0x00000020
mem[X,0x800007C8] -> 0x1073
mem[X,0x800007CA] -> 0x0031
[503] [M]: 0x800007C8 (0x00311073) csrrw zero, fcsr, sp
CSR fcsr -> 0x00000001
CSR fcsr <- 0x00000020 (input: 0x00000020)
mem[X,0x800007CC] -> 0x7FD3
mem[X,0x800007CE] -> 0x440F
[504] [M]: 0x800007CC (0x440F7FD3) fcvt.h.s ft11, ft10, dyn
f31 <- 0xFFFFFFFFFFFFB249
mem[X,0x800007D0] -> 0x2273
mem[X,0x800007D2] -> 0x0030
[505] [M]: 0x800007D0 (0x00302273) csrrs tp, fcsr, zero
CSR fcsr -> 0x00000021
x4 <- 0x00000021
mem[X,0x800007D4] -> 0xA027
mem[X,0x800007D6] -> 0x1DF0
[506] [M]: 0x800007D4 (0x1DF0A027) fsw ft11, 0x1c0(ra)
mem[0x800032D4] <- 0xFFFFB249
mem[X,0x800007D8] -> 0xA223
mem[X,0x800007DA] -> 0x1C40
[507] [M]: 0x800007D8 (0x1C40A223) sw tp, 0x1c4(ra)
mem[0x800032D8] <- 0x00000021
mem[X,0x800007DC] -> 0xAF07
mem[X,0x800007DE] -> 0x0E41
[508] [M]: 0x800007DC (0x0E41AF07) flw ft10, 0xe4(gp)
mem[R,0x800020F4] -> 0xBE4923BB
f30 <- 0xFFFFFFFFBE4923BB
mem[X,0x800007E0] -> 0x0113
mem[X,0x800007E2] -> 0x0400
[509] [M]: 0x800007E0 (0x04000113) addi sp, zero, 0x40
x2 <- 0x00000040
mem[X,0x800007E4] -> 0x1073
mem[X,0x800007E6] -> 0x0031
[510] [M]: 0x800007E4 (0x00311073) csrrw zero, fcsr, sp
CSR fcsr -> 0x00000021
CSR fcsr <- 0x00000040 (input: 0x00000040)
mem[X,0x800007E8] -> 0x7FD3
mem[X,0x800007EA] -> 0x440F
[511] [M]: 0x800007E8 (0x440F7FD3) fcvt.h.s ft11, ft10, dyn
f31 <- 0xFFFFFFFFFFFFB24A
mem[X,0x800007EC] -> 0x2273
mem[X,0x800007EE] -> 0x0030
[512] [M]: 0x800007EC (0x00302273) csrrs tp, fcsr, zero
CSR fcsr -> 0x00000041
x4 <- 0x00000041
mem[X,0x800007F0] -> 0xA427
mem[X,0x800007F2] -> 0x1DF0
[513] [M]: 0x800007F0 (0x1DF0A427) fsw ft11, 0x1c8(ra)
mem[0x800032DC] <- 0xFFFFB24A
mem[X,0x800007F4] -> 0xA623
mem[X,0x800007F6] -> 0x1C40
[514] [M]: 0x800007F4 (0x1C40A623) sw tp, 0x1cc(ra)
mem[0x800032E0] <- 0x00000041
mem[X,0x800007F8] -> 0xAF07
mem[X,0x800007FA] -> 0x0E81
[515] [M]: 0x800007F8 (0x0E81AF07) flw ft10, 0xe8(gp)
mem[R,0x800020F8] -> 0xBE4923BB
f30 <- 0xFFFFFFFFBE4923BB
mem[X,0x800007FC] -> 0x0113
mem[X,0x800007FE] -> 0x0600
[516] [M]: 0x800007FC (0x06000113) addi sp, zero, 0x60
x2 <- 0x00000060
mem[X,0x80000800] -> 0x1073
mem[X,0x80000802] -> 0x0031
[517] [M]: 0x80000800 (0x00311073) csrrw zero, fcsr, sp
CSR fcsr -> 0x00000041
CSR fcsr <- 0x00000060 (input: 0x00000060)
mem[X,0x80000804] -> 0x7FD3
mem[X,0x80000806] -> 0x440F
[518] [M]: 0x80000804 (0x440F7FD3) fcvt.h.s ft11, ft10, dyn
f31 <- 0xFFFFFFFFFFFFB249
mem[X,0x80000808] -> 0x2273
mem[X,0x8000080A] -> 0x0030
[519] [M]: 0x80000808 (0x00302273) csrrs tp, fcsr, zero
CSR fcsr -> 0x00000061
x4 <- 0x00000061
mem[X,0x8000080C] -> 0xA827
mem[X,0x8000080E] -> 0x1DF0
[520] [M]: 0x8000080C (0x1DF0A827) fsw ft11, 0x1d0(ra)
mem[0x800032E4] <- 0xFFFFB249
mem[X,0x80000810] -> 0xAA23
mem[X,0x80000812] -> 0x1C40
[521] [M]: 0x80000810 (0x1C40AA23) sw tp, 0x1d4(ra)
mem[0x800032E8] <- 0x00000061
mem[X,0x80000814] -> 0xAF07
mem[X,0x80000816] -> 0x0EC1
[522] [M]: 0x80000814 (0x0EC1AF07) flw ft10, 0xec(gp)
mem[R,0x800020FC] -> 0xBE4923BB
f30 <- 0xFFFFFFFFBE4923BB
mem[X,0x80000818] -> 0x0113
mem[X,0x8000081A] -> 0x0800
[523] [M]: 0x80000818 (0x08000113) addi sp, zero, 0x80
x2 <- 0x00000080
mem[X,0x8000081C] -> 0x1073
mem[X,0x8000081E] -> 0x0031
[524] [M]: 0x8000081C (0x00311073) csrrw zero, fcsr, sp
CSR fcsr -> 0x00000061
CSR fcsr <- 0x00000080 (input: 0x00000080)
mem[X,0x80000820] -> 0x7FD3
mem[X,0x80000822] -> 0x440F
[525] [M]: 0x80000820 (0x440F7FD3) fcvt.h.s ft11, ft10, dyn
f31 <- 0xFFFFFFFFFFFFB249
mem[X,0x80000824] -> 0x2273
mem[X,0x80000826] -> 0x0030
[526] [M]: 0x80000824 (0x00302273) csrrs tp, fcsr, zero
CSR fcsr -> 0x00000081
x4 <- 0x00000081
mem[X,0x80000828] -> 0xAC27
mem[X,0x8000082A] -> 0x1DF0
[527] [M]: 0x80000828 (0x1DF0AC27) fsw ft11, 0x1d8(ra)
mem[0x800032EC] <- 0xFFFFB249
mem[X,0x8000082C] -> 0xAE23
mem[X,0x8000082E] -> 0x1C40
[528] [M]: 0x8000082C (0x1C40AE23) sw tp, 0x1dc(ra)
mem[0x800032F0] <- 0x00000081
mem[X,0x80000830] -> 0xAF07
mem[X,0x80000832] -> 0x0F01
[529] [M]: 0x80000830 (0x0F01AF07) flw ft10, 0xf0(gp)
mem[R,0x80002100] -> 0xBE4923BC
f30 <- 0xFFFFFFFFBE4923BC
mem[X,0x80000834] -> 0x0113
mem[X,0x80000836] -> 0x0000
[530] [M]: 0x80000834 (0x00000113) addi sp, zero, 0x0
x2 <- 0x00000000
mem[X,0x80000838] -> 0x1073
mem[X,0x8000083A] -> 0x0031
[531] [M]: 0x80000838 (0x00311073) csrrw zero, fcsr, sp
CSR fcsr -> 0x00000081
CSR fcsr <- 0x00000000 (input: 0x00000000)
mem[X,0x8000083C] -> 0x7FD3
mem[X,0x8000083E] -> 0x440F
[532] [M]: 0x8000083C (0x440F7FD3) fcvt.h.s ft11, ft10, dyn
f31 <- 0xFFFFFFFFFFFFB249
mem[X,0x80000840] -> 0x2273
mem[X,0x80000842] -> 0x0030
[533] [M]: 0x80000840 (0x00302273) csrrs tp, fcsr, zero
CSR fcsr -> 0x00000001
x4 <- 0x00000001
mem[X,0x80000844] -> 0xA027
mem[X,0x80000846] -> 0x1FF0
[534] [M]: 0x80000844 (0x1FF0A027) fsw ft11, 0x1e0(ra)
mem[0x800032F4] <- 0xFFFFB249
mem[X,0x80000848] -> 0xA223
mem[X,0x8000084A] -> 0x1E40
[535] [M]: 0x80000848 (0x1E40A223) sw tp, 0x1e4(ra)
mem[0x800032F8] <- 0x00000001
mem[X,0x8000084C] -> 0xAF07
mem[X,0x8000084E] -> 0x0F41
[536] [M]: 0x8000084C (0x0F41AF07) flw ft10, 0xf4(gp)
mem[R,0x80002104] -> 0xBE4923BC
f30 <- 0xFFFFFFFFBE4923BC
mem[X,0x80000850] -> 0x0113
mem[X,0x80000852] -> 0x0200
[537] [M]: 0x80000850 (0x02000113) addi sp, zero, 0x20
x2 <- 0x00000020
mem[X,0x80000854] -> 0x1073
mem[X,0x80000856] -> 0x0031
[538] [M]: 0x80000854 (0x00311073) csrrw zero, fcsr, sp
CSR fcsr -> 0x00000001
CSR fcsr <- 0x00000020 (input: 0x00000020)
mem[X,0x80000858] -> 0x7FD3
mem[X,0x8000085A] -> 0x440F
[539] [M]: 0x80000858 (0x440F7FD3) fcvt.h.s ft11, ft10, dyn
f31 <- 0xFFFFFFFFFFFFB249
mem[X,0x8000085C] -> 0x2273
mem[X,0x8000085E] -> 0x0030
[540] [M]: 0x8000085C (0x00302273) csrrs tp, fcsr, zero
CSR fcsr -> 0x00000021
x4 <- 0x00000021
mem[X,0x80000860] -> 0xA427
mem[X,0x80000862] -> 0x1FF0
[541] [M]: 0x80000860 (0x1FF0A427) fsw ft11, 0x1e8(ra)
mem[0x800032FC] <- 0xFFFFB249
mem[X,0x80000864] -> 0xA623
mem[X,0x80000866] -> 0x1E40
[542] [M]: 0x80000864 (0x1E40A623) sw tp, 0x1ec(ra)
mem[0x80003300] <- 0x00000021
mem[X,0x80000868] -> 0xAF07
mem[X,0x8000086A] -> 0x0F81
[543] [M]: 0x80000868 (0x0F81AF07) flw ft10, 0xf8(gp)
mem[R,0x80002108] -> 0xBE4923BC
f30 <- 0xFFFFFFFFBE4923BC
mem[X,0x8000086C] -> 0x0113
mem[X,0x8000086E] -> 0x0400
[544] [M]: 0x8000086C (0x04000113) addi sp, zero, 0x40
x2 <- 0x00000040
mem[X,0x80000870] -> 0x1073
mem[X,0x80000872] -> 0x0031
[545] [M]: 0x80000870 (0x00311073) csrrw zero, fcsr, sp
CSR fcsr -> 0x00000021
CSR fcsr <- 0x00000040 (input: 0x00000040)
mem[X,0x80000874] -> 0x7FD3
mem[X,0x80000876] -> 0x440F
[546] [M]: 0x80000874 (0x440F7FD3) fcvt.h.s ft11, ft10, dyn
f31 <- 0xFFFFFFFFFFFFB24A
mem[X,0x80000878] -> 0x2273
mem[X,0x8000087A] -> 0x0030
[547] [M]: 0x80000878 (0x00302273) csrrs tp, fcsr, zero
CSR fcsr -> 0x00000041
x4 <- 0x00000041
mem[X,0x8000087C] -> 0xA827
mem[X,0x8000087E] -> 0x1FF0
[548] [M]: 0x8000087C (0x1FF0A827) fsw ft11, 0x1f0(ra)
mem[0x80003304] <- 0xFFFFB24A
mem[X,0x80000880] -> 0xAA23
mem[X,0x80000882] -> 0x1E40
[549] [M]: 0x80000880 (0x1E40AA23) sw tp, 0x1f4(ra)
mem[0x80003308] <- 0x00000041
mem[X,0x80000884] -> 0xAF07
mem[X,0x80000886] -> 0x0FC1
[550] [M]: 0x80000884 (0x0FC1AF07) flw ft10, 0xfc(gp)
mem[R,0x8000210C] -> 0xBE4923BC
f30 <- 0xFFFFFFFFBE4923BC
mem[X,0x80000888] -> 0x0113
mem[X,0x8000088A] -> 0x0600
[551] [M]: 0x80000888 (0x06000113) addi sp, zero, 0x60
x2 <- 0x00000060
mem[X,0x8000088C] -> 0x1073
mem[X,0x8000088E] -> 0x0031
[552] [M]: 0x8000088C (0x00311073) csrrw zero, fcsr, sp
CSR fcsr -> 0x00000041
CSR fcsr <- 0x00000060 (input: 0x00000060)
mem[X,0x80000890] -> 0x7FD3
mem[X,0x80000892] -> 0x440F
[553] [M]: 0x80000890 (0x440F7FD3) fcvt.h.s ft11, ft10, dyn
f31 <- 0xFFFFFFFFFFFFB249
mem[X,0x80000894] -> 0x2273
mem[X,0x80000896] -> 0x0030
[554] [M]: 0x80000894 (0x00302273) csrrs tp, fcsr, zero
CSR fcsr -> 0x00000061
x4 <- 0x00000061
mem[X,0x80000898] -> 0xAC27
mem[X,0x8000089A] -> 0x1FF0
[555] [M]: 0x80000898 (0x1FF0AC27) fsw ft11, 0x1f8(ra)
mem[0x8000330C] <- 0xFFFFB249
mem[X,0x8000089C] -> 0xAE23
mem[X,0x8000089E] -> 0x1E40
[556] [M]: 0x8000089C (0x1E40AE23) sw tp, 0x1fc(ra)
mem[0x80003310] <- 0x00000061
mem[X,0x800008A0] -> 0xAF07
mem[X,0x800008A2] -> 0x1001
[557] [M]: 0x800008A0 (0x1001AF07) flw ft10, 0x100(gp)
mem[R,0x80002110] -> 0xBE4923BC
f30 <- 0xFFFFFFFFBE4923BC
mem[X,0x800008A4] -> 0x0113
mem[X,0x800008A6] -> 0x0800
[558] [M]: 0x800008A4 (0x08000113) addi sp, zero, 0x80
x2 <- 0x00000080
mem[X,0x800008A8] -> 0x1073
mem[X,0x800008AA] -> 0x0031
[559] [M]: 0x800008A8 (0x00311073) csrrw zero, fcsr, sp
CSR fcsr -> 0x00000061
CSR fcsr <- 0x00000080 (input: 0x00000080)
mem[X,0x800008AC] -> 0x7FD3
mem[X,0x800008AE] -> 0x440F
[560] [M]: 0x800008AC (0x440F7FD3) fcvt.h.s ft11, ft10, dyn
f31 <- 0xFFFFFFFFFFFFB249
mem[X,0x800008B0] -> 0x2273
mem[X,0x800008B2] -> 0x0030
[561] [M]: 0x800008B0 (0x00302273) csrrs tp, fcsr, zero
CSR fcsr -> 0x00000081
x4 <- 0x00000081
mem[X,0x800008B4] -> 0xA027
mem[X,0x800008B6] -> 0x21F0
[562] [M]: 0x800008B4 (0x21F0A027) fsw ft11, 0x200(ra)
mem[0x80003314] <- 0xFFFFB249
mem[X,0x800008B8] -> 0xA223
mem[X,0x800008BA] -> 0x2040
[563] [M]: 0x800008B8 (0x2040A223) sw tp, 0x204(ra)
mem[0x80003318] <- 0x00000081
mem[X,0x800008BC] -> 0xAF07
mem[X,0x800008BE] -> 0x1041
[564] [M]: 0x800008BC (0x1041AF07) flw ft10, 0x104(gp)
mem[R,0x80002114] -> 0xBE4923BD
f30 <- 0xFFFFFFFFBE4923BD
mem[X,0x800008C0] -> 0x0113
mem[X,0x800008C2] -> 0x0000
[565] [M]: 0x800008C0 (0x00000113) addi sp, zero, 0x0
x2 <- 0x00000000
mem[X,0x800008C4] -> 0x1073
mem[X,0x800008C6] -> 0x0031
[566] [M]: 0x800008C4 (0x00311073) csrrw zero, fcsr, sp
CSR fcsr -> 0x00000081
CSR fcsr <- 0x00000000 (input: 0x00000000)
mem[X,0x800008C8] -> 0x7FD3
mem[X,0x800008CA] -> 0x440F
[567] [M]: 0x800008C8 (0x440F7FD3) fcvt.h.s ft11, ft10, dyn
f31 <- 0xFFFFFFFFFFFFB249
mem[X,0x800008CC] -> 0x2273
mem[X,0x800008CE] -> 0x0030
[568] [M]: 0x800008CC (0x00302273) csrrs tp, fcsr, zero
CSR fcsr -> 0x00000001
x4 <- 0x00000001
mem[X,0x800008D0] -> 0xA427
mem[X,0x800008D2] -> 0x21F0
[569] [M]: 0x800008D0 (0x21F0A427) fsw ft11, 0x208(ra)
mem[0x8000331C] <- 0xFFFFB249
mem[X,0x800008D4] -> 0xA623
mem[X,0x800008D6] -> 0x2040
[570] [M]: 0x800008D4 (0x2040A623) sw tp, 0x20c(ra)
mem[0x80003320] <- 0x00000001
mem[X,0x800008D8] -> 0xAF07
mem[X,0x800008DA] -> 0x1081
[571] [M]: 0x800008D8 (0x1081AF07) flw ft10, 0x108(gp)
mem[R,0x80002118] -> 0xBE4923BD
f30 <- 0xFFFFFFFFBE4923BD
mem[X,0x800008DC] -> 0x0113
mem[X,0x800008DE] -> 0x0200
[572] [M]: 0x800008DC (0x02000113) addi sp, zero, 0x20
x2 <- 0x00000020
mem[X,0x800008E0] -> 0x1073
mem[X,0x800008E2] -> 0x0031
[573] [M]: 0x800008E0 (0x00311073) csrrw zero, fcsr, sp
CSR fcsr -> 0x00000001
CSR fcsr <- 0x00000020 (input: 0x00000020)
mem[X,0x800008E4] -> 0x7FD3
mem[X,0x800008E6] -> 0x440F
[574] [M]: 0x800008E4 (0x440F7FD3) fcvt.h.s ft11, ft10, dyn
f31 <- 0xFFFFFFFFFFFFB249
mem[X,0x800008E8] -> 0x2273
mem[X,0x800008EA] -> 0x0030
[575] [M]: 0x800008E8 (0x00302273) csrrs tp, fcsr, zero
CSR fcsr -> 0x00000021
x4 <- 0x00000021
mem[X,0x800008EC] -> 0xA827
mem[X,0x800008EE] -> 0x21F0
[576] [M]: 0x800008EC (0x21F0A827) fsw ft11, 0x210(ra)
mem[0x80003324] <- 0xFFFFB249
mem[X,0x800008F0] -> 0xAA23
mem[X,0x800008F2] -> 0x2040
[577] [M]: 0x800008F0 (0x2040AA23) sw tp, 0x214(ra)
mem[0x80003328] <- 0x00000021
mem[X,0x800008F4] -> 0xAF07
mem[X,0x800008F6] -> 0x10C1
[578] [M]: 0x800008F4 (0x10C1AF07) flw ft10, 0x10c(gp)
mem[R,0x8000211C] -> 0xBE4923BD
f30 <- 0xFFFFFFFFBE4923BD
mem[X,0x800008F8] -> 0x0113
mem[X,0x800008FA] -> 0x0400
[579] [M]: 0x800008F8 (0x04000113) addi sp, zero, 0x40
x2 <- 0x00000040
mem[X,0x800008FC] -> 0x1073
mem[X,0x800008FE] -> 0x0031
[580] [M]: 0x800008FC (0x00311073) csrrw zero, fcsr, sp
CSR fcsr -> 0x00000021
CSR fcsr <- 0x00000040 (input: 0x00000040)
mem[X,0x80000900] -> 0x7FD3
mem[X,0x80000902] -> 0x440F
[581] [M]: 0x80000900 (0x440F7FD3) fcvt.h.s ft11, ft10, dyn
f31 <- 0xFFFFFFFFFFFFB24A
mem[X,0x80000904] -> 0x2273
mem[X,0x80000906] -> 0x0030
[582] [M]: 0x80000904 (0x00302273) csrrs tp, fcsr, zero
CSR fcsr -> 0x00000041
x4 <- 0x00000041
mem[X,0x80000908] -> 0xAC27
mem[X,0x8000090A] -> 0x21F0
[583] [M]: 0x80000908 (0x21F0AC27) fsw ft11, 0x218(ra)
mem[0x8000332C] <- 0xFFFFB24A
mem[X,0x8000090C] -> 0xAE23
mem[X,0x8000090E] -> 0x2040
[584] [M]: 0x8000090C (0x2040AE23) sw tp, 0x21c(ra)
mem[0x80003330] <- 0x00000041
mem[X,0x80000910] -> 0xAF07
mem[X,0x80000912] -> 0x1101
[585] [M]: 0x80000910 (0x1101AF07) flw ft10, 0x110(gp)
mem[R,0x80002120] -> 0xBE4923BD
f30 <- 0xFFFFFFFFBE4923BD
mem[X,0x80000914] -> 0x0113
mem[X,0x80000916] -> 0x0600
[586] [M]: 0x80000914 (0x06000113) addi sp, zero, 0x60
x2 <- 0x00000060
mem[X,0x80000918] -> 0x1073
mem[X,0x8000091A] -> 0x0031
[587] [M]: 0x80000918 (0x00311073) csrrw zero, fcsr, sp
CSR fcsr -> 0x00000041
CSR fcsr <- 0x00000060 (input: 0x00000060)
mem[X,0x8000091C] -> 0x7FD3
mem[X,0x8000091E] -> 0x440F
[588] [M]: 0x8000091C (0x440F7FD3) fcvt.h.s ft11, ft10, dyn
f31 <- 0xFFFFFFFFFFFFB249
mem[X,0x80000920] -> 0x2273
mem[X,0x80000922] -> 0x0030
[589] [M]: 0x80000920 (0x00302273) csrrs tp, fcsr, zero
CSR fcsr -> 0x00000061
x4 <- 0x00000061
mem[X,0x80000924] -> 0xA027
mem[X,0x80000926] -> 0x23F0
[590] [M]: 0x80000924 (0x23F0A027) fsw ft11, 0x220(ra)
mem[0x80003334] <- 0xFFFFB249
mem[X,0x80000928] -> 0xA223
mem[X,0x8000092A] -> 0x2240
[591] [M]: 0x80000928 (0x2240A223) sw tp, 0x224(ra)
mem[0x80003338] <- 0x00000061
mem[X,0x8000092C] -> 0xAF07
mem[X,0x8000092E] -> 0x1141
[592] [M]: 0x8000092C (0x1141AF07) flw ft10, 0x114(gp)
mem[R,0x80002124] -> 0xBE4923BD
f30 <- 0xFFFFFFFFBE4923BD
mem[X,0x80000930] -> 0x0113
mem[X,0x80000932] -> 0x0800
[593] [M]: 0x80000930 (0x08000113) addi sp, zero, 0x80
x2 <- 0x00000080
mem[X,0x80000934] -> 0x1073
mem[X,0x80000936] -> 0x0031
[594] [M]: 0x80000934 (0x00311073) csrrw zero, fcsr, sp
CSR fcsr -> 0x00000061
CSR fcsr <- 0x00000080 (input: 0x00000080)
mem[X,0x80000938] -> 0x7FD3
mem[X,0x8000093A] -> 0x440F
[595] [M]: 0x80000938 (0x440F7FD3) fcvt.h.s ft11, ft10, dyn
f31 <- 0xFFFFFFFFFFFFB249
mem[X,0x8000093C] -> 0x2273
mem[X,0x8000093E] -> 0x0030
[596] [M]: 0x8000093C (0x00302273) csrrs tp, fcsr, zero
CSR fcsr -> 0x00000081
x4 <- 0x00000081
mem[X,0x80000940] -> 0xA427
mem[X,0x80000942] -> 0x23F0
[597] [M]: 0x80000940 (0x23F0A427) fsw ft11, 0x228(ra)
mem[0x8000333C] <- 0xFFFFB249
mem[X,0x80000944] -> 0xA623
mem[X,0x80000946] -> 0x2240
[598] [M]: 0x80000944 (0x2240A623) sw tp, 0x22c(ra)
mem[0x80003340] <- 0x00000081
mem[X,0x80000948] -> 0xAF07
mem[X,0x8000094A] -> 0x1181
[599] [M]: 0x80000948 (0x1181AF07) flw ft10, 0x118(gp)
mem[R,0x80002128] -> 0xBE4923BE
f30 <- 0xFFFFFFFFBE4923BE
clint::tick mtime <- 0x0000000000000006
 clint timer pending at mtime 0x0000000000000006
htif::tick 0x0000000000000000
mem[X,0x8000094C] -> 0x0113
mem[X,0x8000094E] -> 0x0000
[600] [M]: 0x8000094C (0x00000113) addi sp, zero, 0x0
x2 <- 0x00000000
mem[X,0x80000950] -> 0x1073
mem[X,0x80000952] -> 0x0031
[601] [M]: 0x80000950 (0x00311073) csrrw zero, fcsr, sp
CSR fcsr -> 0x00000081
CSR fcsr <- 0x00000000 (input: 0x00000000)
mem[X,0x80000954] -> 0x7FD3
mem[X,0x80000956] -> 0x440F
[602] [M]: 0x80000954 (0x440F7FD3) fcvt.h.s ft11, ft10, dyn
f31 <- 0xFFFFFFFFFFFFB249
mem[X,0x80000958] -> 0x2273
mem[X,0x8000095A] -> 0x0030
[603] [M]: 0x80000958 (0x00302273) csrrs tp, fcsr, zero
CSR fcsr -> 0x00000001
x4 <- 0x00000001
mem[X,0x8000095C] -> 0xA827
mem[X,0x8000095E] -> 0x23F0
[604] [M]: 0x8000095C (0x23F0A827) fsw ft11, 0x230(ra)
mem[0x80003344] <- 0xFFFFB249
mem[X,0x80000960] -> 0xAA23
mem[X,0x80000962] -> 0x2240
[605] [M]: 0x80000960 (0x2240AA23) sw tp, 0x234(ra)
mem[0x80003348] <- 0x00000001
mem[X,0x80000964] -> 0xAF07
mem[X,0x80000966] -> 0x11C1
[606] [M]: 0x80000964 (0x11C1AF07) flw ft10, 0x11c(gp)
mem[R,0x8000212C] -> 0xBE4923BE
f30 <- 0xFFFFFFFFBE4923BE
mem[X,0x80000968] -> 0x0113
mem[X,0x8000096A] -> 0x0200
[607] [M]: 0x80000968 (0x02000113) addi sp, zero, 0x20
x2 <- 0x00000020
mem[X,0x8000096C] -> 0x1073
mem[X,0x8000096E] -> 0x0031
[608] [M]: 0x8000096C (0x00311073) csrrw zero, fcsr, sp
CSR fcsr -> 0x00000001
CSR fcsr <- 0x00000020 (input: 0x00000020)
mem[X,0x80000970] -> 0x7FD3
mem[X,0x80000972] -> 0x440F
[609] [M]: 0x80000970 (0x440F7FD3) fcvt.h.s ft11, ft10, dyn
f31 <- 0xFFFFFFFFFFFFB249
mem[X,0x80000974] -> 0x2273
mem[X,0x80000976] -> 0x0030
[610] [M]: 0x80000974 (0x00302273) csrrs tp, fcsr, zero
CSR fcsr -> 0x00000021
x4 <- 0x00000021
mem[X,0x80000978] -> 0xAC27
mem[X,0x8000097A] -> 0x23F0
[611] [M]: 0x80000978 (0x23F0AC27) fsw ft11, 0x238(ra)
mem[0x8000334C] <- 0xFFFFB249
mem[X,0x8000097C] -> 0xAE23
mem[X,0x8000097E] -> 0x2240
[612] [M]: 0x8000097C (0x2240AE23) sw tp, 0x23c(ra)
mem[0x80003350] <- 0x00000021
mem[X,0x80000980] -> 0xAF07
mem[X,0x80000982] -> 0x1201
[613] [M]: 0x80000980 (0x1201AF07) flw ft10, 0x120(gp)
mem[R,0x80002130] -> 0xBE4923BE
f30 <- 0xFFFFFFFFBE4923BE
mem[X,0x80000984] -> 0x0113
mem[X,0x80000986] -> 0x0400
[614] [M]: 0x80000984 (0x04000113) addi sp, zero, 0x40
x2 <- 0x00000040
mem[X,0x80000988] -> 0x1073
mem[X,0x8000098A] -> 0x0031
[615] [M]: 0x80000988 (0x00311073) csrrw zero, fcsr, sp
CSR fcsr -> 0x00000021
CSR fcsr <- 0x00000040 (input: 0x00000040)
mem[X,0x8000098C] -> 0x7FD3
mem[X,0x8000098E] -> 0x440F
[616] [M]: 0x8000098C (0x440F7FD3) fcvt.h.s ft11, ft10, dyn
f31 <- 0xFFFFFFFFFFFFB24A
mem[X,0x80000990] -> 0x2273
mem[X,0x80000992] -> 0x0030
[617] [M]: 0x80000990 (0x00302273) csrrs tp, fcsr, zero
CSR fcsr -> 0x00000041
x4 <- 0x00000041
mem[X,0x80000994] -> 0xA027
mem[X,0x80000996] -> 0x25F0
[618] [M]: 0x80000994 (0x25F0A027) fsw ft11, 0x240(ra)
mem[0x80003354] <- 0xFFFFB24A
mem[X,0x80000998] -> 0xA223
mem[X,0x8000099A] -> 0x2440
[619] [M]: 0x80000998 (0x2440A223) sw tp, 0x244(ra)
mem[0x80003358] <- 0x00000041
mem[X,0x8000099C] -> 0xAF07
mem[X,0x8000099E] -> 0x1241
[620] [M]: 0x8000099C (0x1241AF07) flw ft10, 0x124(gp)
mem[R,0x80002134] -> 0xBE4923BE
f30 <- 0xFFFFFFFFBE4923BE
mem[X,0x800009A0] -> 0x0113
mem[X,0x800009A2] -> 0x0600
[621] [M]: 0x800009A0 (0x06000113) addi sp, zero, 0x60
x2 <- 0x00000060
mem[X,0x800009A4] -> 0x1073
mem[X,0x800009A6] -> 0x0031
[622] [M]: 0x800009A4 (0x00311073) csrrw zero, fcsr, sp
CSR fcsr -> 0x00000041
CSR fcsr <- 0x00000060 (input: 0x00000060)
mem[X,0x800009A8] -> 0x7FD3
mem[X,0x800009AA] -> 0x440F
[623] [M]: 0x800009A8 (0x440F7FD3) fcvt.h.s ft11, ft10, dyn
f31 <- 0xFFFFFFFFFFFFB249
mem[X,0x800009AC] -> 0x2273
mem[X,0x800009AE] -> 0x0030
[624] [M]: 0x800009AC (0x00302273) csrrs tp, fcsr, zero
CSR fcsr -> 0x00000061
x4 <- 0x00000061
mem[X,0x800009B0] -> 0xA427
mem[X,0x800009B2] -> 0x25F0
[625] [M]: 0x800009B0 (0x25F0A427) fsw ft11, 0x248(ra)
mem[0x8000335C] <- 0xFFFFB249
mem[X,0x800009B4] -> 0xA623
mem[X,0x800009B6] -> 0x2440
[626] [M]: 0x800009B4 (0x2440A623) sw tp, 0x24c(ra)
mem[0x80003360] <- 0x00000061
mem[X,0x800009B8] -> 0xAF07
mem[X,0x800009BA] -> 0x1281
[627] [M]: 0x800009B8 (0x1281AF07) flw ft10, 0x128(gp)
mem[R,0x80002138] -> 0xBE4923BE
f30 <- 0xFFFFFFFFBE4923BE
mem[X,0x800009BC] -> 0x0113
mem[X,0x800009BE] -> 0x0800
[628] [M]: 0x800009BC (0x08000113) addi sp, zero, 0x80
x2 <- 0x00000080
mem[X,0x800009C0] -> 0x1073
mem[X,0x800009C2] -> 0x0031
[629] [M]: 0x800009C0 (0x00311073) csrrw zero, fcsr, sp
CSR fcsr -> 0x00000061
CSR fcsr <- 0x00000080 (input: 0x00000080)
mem[X,0x800009C4] -> 0x7FD3
mem[X,0x800009C6] -> 0x440F
[630] [M]: 0x800009C4 (0x440F7FD3) fcvt.h.s ft11, ft10, dyn
f31 <- 0xFFFFFFFFFFFFB249
mem[X,0x800009C8] -> 0x2273
mem[X,0x800009CA] -> 0x0030
[631] [M]: 0x800009C8 (0x00302273) csrrs tp, fcsr, zero
CSR fcsr -> 0x00000081
x4 <- 0x00000081
mem[X,0x800009CC] -> 0xA827
mem[X,0x800009CE] -> 0x25F0
[632] [M]: 0x800009CC (0x25F0A827) fsw ft11, 0x250(ra)
mem[0x80003364] <- 0xFFFFB249
mem[X,0x800009D0] -> 0xAA23
mem[X,0x800009D2] -> 0x2440
[633] [M]: 0x800009D0 (0x2440AA23) sw tp, 0x254(ra)
mem[0x80003368] <- 0x00000081
mem[X,0x800009D4] -> 0xAF07
mem[X,0x800009D6] -> 0x12C1
[634] [M]: 0x800009D4 (0x12C1AF07) flw ft10, 0x12c(gp)
mem[R,0x8000213C] -> 0xBE4923BF
f30 <- 0xFFFFFFFFBE4923BF
mem[X,0x800009D8] -> 0x0113
mem[X,0x800009DA] -> 0x0000
[635] [M]: 0x800009D8 (0x00000113) addi sp, zero, 0x0
x2 <- 0x00000000
mem[X,0x800009DC] -> 0x1073
mem[X,0x800009DE] -> 0x0031
[636] [M]: 0x800009DC (0x00311073) csrrw zero, fcsr, sp
CSR fcsr -> 0x00000081
CSR fcsr <- 0x00000000 (input: 0x00000000)
mem[X,0x800009E0] -> 0x7FD3
mem[X,0x800009E2] -> 0x440F
[637] [M]: 0x800009E0 (0x440F7FD3) fcvt.h.s ft11, ft10, dyn
f31 <- 0xFFFFFFFFFFFFB249
mem[X,0x800009E4] -> 0x2273
mem[X,0x800009E6] -> 0x0030
[638] [M]: 0x800009E4 (0x00302273) csrrs tp, fcsr, zero
CSR fcsr -> 0x00000001
x4 <- 0x00000001
mem[X,0x800009E8] -> 0xAC27
mem[X,0x800009EA] -> 0x25F0
[639] [M]: 0x800009E8 (0x25F0AC27) fsw ft11, 0x258(ra)
mem[0x8000336C] <- 0xFFFFB249
mem[X,0x800009EC] -> 0xAE23
mem[X,0x800009EE] -> 0x2440
[640] [M]: 0x800009EC (0x2440AE23) sw tp, 0x25c(ra)
mem[0x80003370] <- 0x00000001
mem[X,0x800009F0] -> 0xAF07
mem[X,0x800009F2] -> 0x1301
[641] [M]: 0x800009F0 (0x1301AF07) flw ft10, 0x130(gp)
mem[R,0x80002140] -> 0xBE4923BF
f30 <- 0xFFFFFFFFBE4923BF
mem[X,0x800009F4] -> 0x0113
mem[X,0x800009F6] -> 0x0200
[642] [M]: 0x800009F4 (0x02000113) addi sp, zero, 0x20
x2 <- 0x00000020
mem[X,0x800009F8] -> 0x1073
mem[X,0x800009FA] -> 0x0031
[643] [M]: 0x800009F8 (0x00311073) csrrw zero, fcsr, sp
CSR fcsr -> 0x00000001
CSR fcsr <- 0x00000020 (input: 0x00000020)
mem[X,0x800009FC] -> 0x7FD3
mem[X,0x800009FE] -> 0x440F
[644] [M]: 0x800009FC (0x440F7FD3) fcvt.h.s ft11, ft10, dyn
f31 <- 0xFFFFFFFFFFFFB249
mem[X,0x80000A00] -> 0x2273
mem[X,0x80000A02] -> 0x0030
[645] [M]: 0x80000A00 (0x00302273) csrrs tp, fcsr, zero
CSR fcsr -> 0x00000021
x4 <- 0x00000021
mem[X,0x80000A04] -> 0xA027
mem[X,0x80000A06] -> 0x27F0
[646] [M]: 0x80000A04 (0x27F0A027) fsw ft11, 0x260(ra)
mem[0x80003374] <- 0xFFFFB249
mem[X,0x80000A08] -> 0xA223
mem[X,0x80000A0A] -> 0x2640
[647] [M]: 0x80000A08 (0x2640A223) sw tp, 0x264(ra)
mem[0x80003378] <- 0x00000021
mem[X,0x80000A0C] -> 0xAF07
mem[X,0x80000A0E] -> 0x1341
[648] [M]: 0x80000A0C (0x1341AF07) flw ft10, 0x134(gp)
mem[R,0x80002144] -> 0xBE4923BF
f30 <- 0xFFFFFFFFBE4923BF
mem[X,0x80000A10] -> 0x0113
mem[X,0x80000A12] -> 0x0400
[649] [M]: 0x80000A10 (0x04000113) addi sp, zero, 0x40
x2 <- 0x00000040
mem[X,0x80000A14] -> 0x1073
mem[X,0x80000A16] -> 0x0031
[650] [M]: 0x80000A14 (0x00311073) csrrw zero, fcsr, sp
CSR fcsr -> 0x00000021
CSR fcsr <- 0x00000040 (input: 0x00000040)
mem[X,0x80000A18] -> 0x7FD3
mem[X,0x80000A1A] -> 0x440F
[651] [M]: 0x80000A18 (0x440F7FD3) fcvt.h.s ft11, ft10, dyn
f31 <- 0xFFFFFFFFFFFFB24A
mem[X,0x80000A1C] -> 0x2273
mem[X,0x80000A1E] -> 0x0030
[652] [M]: 0x80000A1C (0x00302273) csrrs tp, fcsr, zero
CSR fcsr -> 0x00000041
x4 <- 0x00000041
mem[X,0x80000A20] -> 0xA427
mem[X,0x80000A22] -> 0x27F0
[653] [M]: 0x80000A20 (0x27F0A427) fsw ft11, 0x268(ra)
mem[0x8000337C] <- 0xFFFFB24A
mem[X,0x80000A24] -> 0xA623
mem[X,0x80000A26] -> 0x2640
[654] [M]: 0x80000A24 (0x2640A623) sw tp, 0x26c(ra)
mem[0x80003380] <- 0x00000041
mem[X,0x80000A28] -> 0xAF07
mem[X,0x80000A2A] -> 0x1381
[655] [M]: 0x80000A28 (0x1381AF07) flw ft10, 0x138(gp)
mem[R,0x80002148] -> 0xBE4923BF
f30 <- 0xFFFFFFFFBE4923BF
mem[X,0x80000A2C] -> 0x0113
mem[X,0x80000A2E] -> 0x0600
[656] [M]: 0x80000A2C (0x06000113) addi sp, zero, 0x60
x2 <- 0x00000060
mem[X,0x80000A30] -> 0x1073
mem[X,0x80000A32] -> 0x0031
[657] [M]: 0x80000A30 (0x00311073) csrrw zero, fcsr, sp
CSR fcsr -> 0x00000041
CSR fcsr <- 0x00000060 (input: 0x00000060)
mem[X,0x80000A34] -> 0x7FD3
mem[X,0x80000A36] -> 0x440F
[658] [M]: 0x80000A34 (0x440F7FD3) fcvt.h.s ft11, ft10, dyn
f31 <- 0xFFFFFFFFFFFFB249
mem[X,0x80000A38] -> 0x2273
mem[X,0x80000A3A] -> 0x0030
[659] [M]: 0x80000A38 (0x00302273) csrrs tp, fcsr, zero
CSR fcsr -> 0x00000061
x4 <- 0x00000061
mem[X,0x80000A3C] -> 0xA827
mem[X,0x80000A3E] -> 0x27F0
[660] [M]: 0x80000A3C (0x27F0A827) fsw ft11, 0x270(ra)
mem[0x80003384] <- 0xFFFFB249
mem[X,0x80000A40] -> 0xAA23
mem[X,0x80000A42] -> 0x2640
[661] [M]: 0x80000A40 (0x2640AA23) sw tp, 0x274(ra)
mem[0x80003388] <- 0x00000061
mem[X,0x80000A44] -> 0xAF07
mem[X,0x80000A46] -> 0x13C1
[662] [M]: 0x80000A44 (0x13C1AF07) flw ft10, 0x13c(gp)
mem[R,0x8000214C] -> 0xBE4923BF
f30 <- 0xFFFFFFFFBE4923BF
mem[X,0x80000A48] -> 0x0113
mem[X,0x80000A4A] -> 0x0800
[663] [M]: 0x80000A48 (0x08000113) addi sp, zero, 0x80
x2 <- 0x00000080
mem[X,0x80000A4C] -> 0x1073
mem[X,0x80000A4E] -> 0x0031
[664] [M]: 0x80000A4C (0x00311073) csrrw zero, fcsr, sp
CSR fcsr -> 0x00000061
CSR fcsr <- 0x00000080 (input: 0x00000080)
mem[X,0x80000A50] -> 0x7FD3
mem[X,0x80000A52] -> 0x440F
[665] [M]: 0x80000A50 (0x440F7FD3) fcvt.h.s ft11, ft10, dyn
f31 <- 0xFFFFFFFFFFFFB249
mem[X,0x80000A54] -> 0x2273
mem[X,0x80000A56] -> 0x0030
[666] [M]: 0x80000A54 (0x00302273) csrrs tp, fcsr, zero
CSR fcsr -> 0x00000081
x4 <- 0x00000081
mem[X,0x80000A58] -> 0xAC27
mem[X,0x80000A5A] -> 0x27F0
[667] [M]: 0x80000A58 (0x27F0AC27) fsw ft11, 0x278(ra)
mem[0x8000338C] <- 0xFFFFB249
mem[X,0x80000A5C] -> 0xAE23
mem[X,0x80000A5E] -> 0x2640
[668] [M]: 0x80000A5C (0x2640AE23) sw tp, 0x27c(ra)
mem[0x80003390] <- 0x00000081
mem[X,0x80000A60] -> 0x006F
mem[X,0x80000A62] -> 0x0200
[669] [M]: 0x80000A60 (0x0200006F) jal zero, 0x20
mem[X,0x80000A80] -> 0x0093
mem[X,0x80000A82] -> 0x0010
[670] [M]: 0x80000A80 (0x00100093) addi ra, zero, 0x1
x1 <- 0x00000001
mem[X,0x80000A84] -> 0x0F17
mem[X,0x80000A86] -> 0x0000
[671] [M]: 0x80000A84 (0x00000F17) auipc t5, 0x0
x30 <- 0x80000A84
mem[X,0x80000A88] -> 0x2E23
mem[X,0x80000A8A] -> 0x561F
[672] [M]: 0x80000A88 (0x561F2E23) sw ra, 0x57c(t5)
htif[0x80001000] <- 0x00000001
mem[X,0x80000A8C] -> 0xF06F
mem[X,0x80000A8E] -> 0xFF9F
[673] [M]: 0x80000A8C (0xFF9FF06F) jal zero, 0x1ffff8
mem[X,0x80000A84] -> 0x0F17
mem[X,0x80000A86] -> 0x0000
[674] [M]: 0x80000A84 (0x00000F17) auipc t5, 0x0
x30 <- 0x80000A84
mem[X,0x80000A88] -> 0x2E23
mem[X,0x80000A8A] -> 0x561F
[675] [M]: 0x80000A88 (0x561F2E23) sw ra, 0x57c(t5)
htif[0x80001000] <- 0x00000001
mem[X,0x80000A8C] -> 0xF06F
mem[X,0x80000A8E] -> 0xFF9F
[676] [M]: 0x80000A8C (0xFF9FF06F) jal zero, 0x1ffff8
mem[X,0x80000A84] -> 0x0F17
mem[X,0x80000A86] -> 0x0000
[677] [M]: 0x80000A84 (0x00000F17) auipc t5, 0x0
x30 <- 0x80000A84
mem[X,0x80000A88] -> 0x2E23
mem[X,0x80000A8A] -> 0x561F
[678] [M]: 0x80000A88 (0x561F2E23) sw ra, 0x57c(t5)
htif[0x80001000] <- 0x00000001
htif-syscall-proxy cmd: 0x000000000001
SUCCESS
