using /home/pager/Desktop/work/ZfhTest/riscof_work/rv32i_m/Zfh/src/fcvt.h.d_b24-01.S/ref/Reference-sail_c_simulator.signature for test-signature output.
tohost located at 0x80001000
Running file ref.elf.
ELF Entry @ 0x80000000
begin_signature: 0x80003110
end_signature: 0x80003330
CSR mstatus <- 0x00000000 (input: 0x00000000)
mem[X,0x00001000] -> 0x0297
mem[X,0x00001002] -> 0x0000
[0] [M]: 0x00001000 (0x00000297) auipc t0, 0x0
x5 <- 0x00001000
mem[X,0x00001004] -> 0x8593
mem[X,0x00001006] -> 0x0202
[1] [M]: 0x00001004 (0x02028593) addi a1, t0, 0x20
x11 <- 0x00001020
mem[X,0x00001008] -> 0x2573
mem[X,0x0000100A] -> 0xF140
[2] [M]: 0x00001008 (0xF1402573) csrrs a0, mhartid, zero
CSR mhartid -> 0x00000000
x10 <- 0x00000000
mem[X,0x0000100C] -> 0xA283
mem[X,0x0000100E] -> 0x0182
[3] [M]: 0x0000100C (0x0182A283) lw t0, 0x18(t0)
mem[R,0x00001018] -> 0x80000000
x5 <- 0x80000000
mem[X,0x00001010] -> 0x8067
mem[X,0x00001012] -> 0x0002
[4] [M]: 0x00001010 (0x00028067) jalr zero, 0x0(t0)
mem[X,0x80000000] -> 0x0837
mem[X,0x80000002] -> 0x7D5C
[5] [M]: 0x80000000 (0x7D5C0837) lui a6, 0x7d5c0
x16 <- 0x7D5C0000
mem[X,0x80000004] -> 0x0813
mem[X,0x80000006] -> 0xDDB8
[6] [M]: 0x80000004 (0xDDB80813) addi a6, a6, 0xddb
x16 <- 0x7D5BFDDB
mem[X,0x80000008] -> 0x5893
mem[X,0x8000000A] -> 0x0078
[7] [M]: 0x80000008 (0x00785893) srli a7, a6, 0x7
x17 <- 0x00FAB7FB
mem[X,0x8000000C] -> 0x5793
mem[X,0x8000000E] -> 0x0198
[8] [M]: 0x8000000C (0x01985793) srli a5, a6, 0x19
x15 <- 0x0000003E
mem[X,0x80000010] -> 0xE8B3
mem[X,0x80000012] -> 0x00F8
[9] [M]: 0x80000010 (0x00F8E8B3) or a7, a7, a5
x17 <- 0x00FAB7FF
mem[X,0x80000014] -> 0xD913
mem[X,0x80000016] -> 0x0078
[10] [M]: 0x80000014 (0x0078D913) srli s2, a7, 0x7
x18 <- 0x0001F56F
mem[X,0x80000018] -> 0xD793
mem[X,0x8000001A] -> 0x0198
[11] [M]: 0x80000018 (0x0198D793) srli a5, a7, 0x19
x15 <- 0x00000000
mem[X,0x8000001C] -> 0x6933
mem[X,0x8000001E] -> 0x00F9
[12] [M]: 0x8000001C (0x00F96933) or s2, s2, a5
x18 <- 0x0001F56F
mem[X,0x80000020] -> 0x5993
mem[X,0x80000022] -> 0x0079
[13] [M]: 0x80000020 (0x00795993) srli s3, s2, 0x7
x19 <- 0x000003EA
mem[X,0x80000024] -> 0x5793
mem[X,0x80000026] -> 0x0199
[14] [M]: 0x80000024 (0x01995793) srli a5, s2, 0x19
x15 <- 0x00000000
mem[X,0x80000028] -> 0xE9B3
mem[X,0x8000002A] -> 0x00F9
[15] [M]: 0x80000028 (0x00F9E9B3) or s3, s3, a5
x19 <- 0x000003EA
mem[X,0x8000002C] -> 0xDA13
mem[X,0x8000002E] -> 0x0079
[16] [M]: 0x8000002C (0x0079DA13) srli s4, s3, 0x7
x20 <- 0x00000007
mem[X,0x80000030] -> 0xD793
mem[X,0x80000032] -> 0x0199
[17] [M]: 0x80000030 (0x0199D793) srli a5, s3, 0x19
x15 <- 0x00000000
mem[X,0x80000034] -> 0x6A33
mem[X,0x80000036] -> 0x00FA
[18] [M]: 0x80000034 (0x00FA6A33) or s4, s4, a5
x20 <- 0x00000007
mem[X,0x80000038] -> 0x5A93
mem[X,0x8000003A] -> 0x007A
[19] [M]: 0x80000038 (0x007A5A93) srli s5, s4, 0x7
x21 <- 0x00000000
mem[X,0x8000003C] -> 0x5793
mem[X,0x8000003E] -> 0x019A
[20] [M]: 0x8000003C (0x019A5793) srli a5, s4, 0x19
x15 <- 0x00000000
mem[X,0x80000040] -> 0xEAB3
mem[X,0x80000042] -> 0x00FA
[21] [M]: 0x80000040 (0x00FAEAB3) or s5, s5, a5
x21 <- 0x00000000
mem[X,0x80000044] -> 0xDB13
mem[X,0x80000046] -> 0x007A
[22] [M]: 0x80000044 (0x007ADB13) srli s6, s5, 0x7
x22 <- 0x00000000
mem[X,0x80000048] -> 0xD793
mem[X,0x8000004A] -> 0x019A
[23] [M]: 0x80000048 (0x019AD793) srli a5, s5, 0x19
x15 <- 0x00000000
mem[X,0x8000004C] -> 0x6B33
mem[X,0x8000004E] -> 0x00FB
[24] [M]: 0x8000004C (0x00FB6B33) or s6, s6, a5
x22 <- 0x00000000
mem[X,0x80000050] -> 0x5B93
mem[X,0x80000052] -> 0x007B
[25] [M]: 0x80000050 (0x007B5B93) srli s7, s6, 0x7
x23 <- 0x00000000
mem[X,0x80000054] -> 0x5793
mem[X,0x80000056] -> 0x019B
[26] [M]: 0x80000054 (0x019B5793) srli a5, s6, 0x19
x15 <- 0x00000000
mem[X,0x80000058] -> 0xEBB3
mem[X,0x8000005A] -> 0x00FB
[27] [M]: 0x80000058 (0x00FBEBB3) or s7, s7, a5
x23 <- 0x00000000
mem[X,0x8000005C] -> 0xDC13
mem[X,0x8000005E] -> 0x007B
[28] [M]: 0x8000005C (0x007BDC13) srli s8, s7, 0x7
x24 <- 0x00000000
mem[X,0x80000060] -> 0xD793
mem[X,0x80000062] -> 0x019B
[29] [M]: 0x80000060 (0x019BD793) srli a5, s7, 0x19
x15 <- 0x00000000
mem[X,0x80000064] -> 0x6C33
mem[X,0x80000066] -> 0x00FC
[30] [M]: 0x80000064 (0x00FC6C33) or s8, s8, a5
x24 <- 0x00000000
mem[X,0x80000068] -> 0x5C93
mem[X,0x8000006A] -> 0x007C
[31] [M]: 0x80000068 (0x007C5C93) srli s9, s8, 0x7
x25 <- 0x00000000
mem[X,0x8000006C] -> 0x5793
mem[X,0x8000006E] -> 0x019C
[32] [M]: 0x8000006C (0x019C5793) srli a5, s8, 0x19
x15 <- 0x00000000
mem[X,0x80000070] -> 0xECB3
mem[X,0x80000072] -> 0x00FC
[33] [M]: 0x80000070 (0x00FCECB3) or s9, s9, a5
x25 <- 0x00000000
mem[X,0x80000074] -> 0xDD13
mem[X,0x80000076] -> 0x007C
[34] [M]: 0x80000074 (0x007CDD13) srli s10, s9, 0x7
x26 <- 0x00000000
mem[X,0x80000078] -> 0xD793
mem[X,0x8000007A] -> 0x019C
[35] [M]: 0x80000078 (0x019CD793) srli a5, s9, 0x19
x15 <- 0x00000000
mem[X,0x8000007C] -> 0x6D33
mem[X,0x8000007E] -> 0x00FD
[36] [M]: 0x8000007C (0x00FD6D33) or s10, s10, a5
x26 <- 0x00000000
mem[X,0x80000080] -> 0x5D93
mem[X,0x80000082] -> 0x007D
[37] [M]: 0x80000080 (0x007D5D93) srli s11, s10, 0x7
x27 <- 0x00000000
mem[X,0x80000084] -> 0x5793
mem[X,0x80000086] -> 0x019D
[38] [M]: 0x80000084 (0x019D5793) srli a5, s10, 0x19
x15 <- 0x00000000
mem[X,0x80000088] -> 0xEDB3
mem[X,0x8000008A] -> 0x00FD
[39] [M]: 0x80000088 (0x00FDEDB3) or s11, s11, a5
x27 <- 0x00000000
mem[X,0x8000008C] -> 0xDE13
mem[X,0x8000008E] -> 0x007D
[40] [M]: 0x8000008C (0x007DDE13) srli t3, s11, 0x7
x28 <- 0x00000000
mem[X,0x80000090] -> 0xD793
mem[X,0x80000092] -> 0x019D
[41] [M]: 0x80000090 (0x019DD793) srli a5, s11, 0x19
x15 <- 0x00000000
mem[X,0x80000094] -> 0x6E33
mem[X,0x80000096] -> 0x00FE
[42] [M]: 0x80000094 (0x00FE6E33) or t3, t3, a5
x28 <- 0x00000000
mem[X,0x80000098] -> 0x5E93
mem[X,0x8000009A] -> 0x007E
[43] [M]: 0x80000098 (0x007E5E93) srli t4, t3, 0x7
x29 <- 0x00000000
mem[X,0x8000009C] -> 0x5793
mem[X,0x8000009E] -> 0x019E
[44] [M]: 0x8000009C (0x019E5793) srli a5, t3, 0x19
x15 <- 0x00000000
mem[X,0x800000A0] -> 0xEEB3
mem[X,0x800000A2] -> 0x00FE
[45] [M]: 0x800000A0 (0x00FEEEB3) or t4, t4, a5
x29 <- 0x00000000
mem[X,0x800000A4] -> 0xDF13
mem[X,0x800000A6] -> 0x007E
[46] [M]: 0x800000A4 (0x007EDF13) srli t5, t4, 0x7
x30 <- 0x00000000
mem[X,0x800000A8] -> 0xD793
mem[X,0x800000AA] -> 0x019E
[47] [M]: 0x800000A8 (0x019ED793) srli a5, t4, 0x19
x15 <- 0x00000000
mem[X,0x800000AC] -> 0x6F33
mem[X,0x800000AE] -> 0x00FF
[48] [M]: 0x800000AC (0x00FF6F33) or t5, t5, a5
x30 <- 0x00000000
mem[X,0x800000B0] -> 0xC0B7
mem[X,0x800000B2] -> 0xFEED
[49] [M]: 0x800000B0 (0xFEEDC0B7) lui ra, 0xfeedc
x1 <- 0xFEEDC000
mem[X,0x800000B4] -> 0x8093
mem[X,0x800000B6] -> 0xEAD0
[50] [M]: 0x800000B4 (0xEAD08093) addi ra, ra, 0xead
x1 <- 0xFEEDBEAD
mem[X,0x800000B8] -> 0xD113
mem[X,0x800000BA] -> 0x0070
[51] [M]: 0x800000B8 (0x0070D113) srli sp, ra, 0x7
x2 <- 0x01FDDB7D
mem[X,0x800000BC] -> 0xD793
mem[X,0x800000BE] -> 0x0190
[52] [M]: 0x800000BC (0x0190D793) srli a5, ra, 0x19
x15 <- 0x0000007F
mem[X,0x800000C0] -> 0x6133
mem[X,0x800000C2] -> 0x00F1
[53] [M]: 0x800000C0 (0x00F16133) or sp, sp, a5
x2 <- 0x01FDDB7F
mem[X,0x800000C4] -> 0x5193
mem[X,0x800000C6] -> 0x0071
[54] [M]: 0x800000C4 (0x00715193) srli gp, sp, 0x7
x3 <- 0x0003FBB6
mem[X,0x800000C8] -> 0x5793
mem[X,0x800000CA] -> 0x0191
[55] [M]: 0x800000C8 (0x01915793) srli a5, sp, 0x19
x15 <- 0x00000000
mem[X,0x800000CC] -> 0xE1B3
mem[X,0x800000CE] -> 0x00F1
[56] [M]: 0x800000CC (0x00F1E1B3) or gp, gp, a5
x3 <- 0x0003FBB6
mem[X,0x800000D0] -> 0xD213
mem[X,0x800000D2] -> 0x0071
[57] [M]: 0x800000D0 (0x0071D213) srli tp, gp, 0x7
x4 <- 0x000007F7
mem[X,0x800000D4] -> 0xD793
mem[X,0x800000D6] -> 0x0191
[58] [M]: 0x800000D4 (0x0191D793) srli a5, gp, 0x19
x15 <- 0x00000000
mem[X,0x800000D8] -> 0x6233
mem[X,0x800000DA] -> 0x00F2
[59] [M]: 0x800000D8 (0x00F26233) or tp, tp, a5
x4 <- 0x000007F7
mem[X,0x800000DC] -> 0x5293
mem[X,0x800000DE] -> 0x0072
[60] [M]: 0x800000DC (0x00725293) srli t0, tp, 0x7
x5 <- 0x0000000F
mem[X,0x800000E0] -> 0x5793
mem[X,0x800000E2] -> 0x0192
[61] [M]: 0x800000E0 (0x01925793) srli a5, tp, 0x19
x15 <- 0x00000000
mem[X,0x800000E4] -> 0xE2B3
mem[X,0x800000E6] -> 0x00F2
[62] [M]: 0x800000E4 (0x00F2E2B3) or t0, t0, a5
x5 <- 0x0000000F
mem[X,0x800000E8] -> 0xD313
mem[X,0x800000EA] -> 0x0072
[63] [M]: 0x800000E8 (0x0072D313) srli t1, t0, 0x7
x6 <- 0x00000000
mem[X,0x800000EC] -> 0xD793
mem[X,0x800000EE] -> 0x0192
[64] [M]: 0x800000EC (0x0192D793) srli a5, t0, 0x19
x15 <- 0x00000000
mem[X,0x800000F0] -> 0x6333
mem[X,0x800000F2] -> 0x00F3
[65] [M]: 0x800000F0 (0x00F36333) or t1, t1, a5
x6 <- 0x00000000
mem[X,0x800000F4] -> 0x5393
mem[X,0x800000F6] -> 0x0073
[66] [M]: 0x800000F4 (0x00735393) srli t2, t1, 0x7
x7 <- 0x00000000
mem[X,0x800000F8] -> 0x5793
mem[X,0x800000FA] -> 0x0193
[67] [M]: 0x800000F8 (0x01935793) srli a5, t1, 0x19
x15 <- 0x00000000
mem[X,0x800000FC] -> 0xE3B3
mem[X,0x800000FE] -> 0x00F3
[68] [M]: 0x800000FC (0x00F3E3B3) or t2, t2, a5
x7 <- 0x00000000
mem[X,0x80000100] -> 0xD413
mem[X,0x80000102] -> 0x0073
[69] [M]: 0x80000100 (0x0073D413) srli fp, t2, 0x7
x8 <- 0x00000000
mem[X,0x80000104] -> 0xD793
mem[X,0x80000106] -> 0x0193
[70] [M]: 0x80000104 (0x0193D793) srli a5, t2, 0x19
x15 <- 0x00000000
mem[X,0x80000108] -> 0x6433
mem[X,0x8000010A] -> 0x00F4
[71] [M]: 0x80000108 (0x00F46433) or fp, fp, a5
x8 <- 0x00000000
mem[X,0x8000010C] -> 0x5493
mem[X,0x8000010E] -> 0x0074
[72] [M]: 0x8000010C (0x00745493) srli s1, fp, 0x7
x9 <- 0x00000000
mem[X,0x80000110] -> 0x5793
mem[X,0x80000112] -> 0x0194
[73] [M]: 0x80000110 (0x01945793) srli a5, fp, 0x19
x15 <- 0x00000000
mem[X,0x80000114] -> 0xE4B3
mem[X,0x80000116] -> 0x00F4
[74] [M]: 0x80000114 (0x00F4E4B3) or s1, s1, a5
x9 <- 0x00000000
mem[X,0x80000118] -> 0xD513
mem[X,0x8000011A] -> 0x0074
[75] [M]: 0x80000118 (0x0074D513) srli a0, s1, 0x7
x10 <- 0x00000000
mem[X,0x8000011C] -> 0xD793
mem[X,0x8000011E] -> 0x0194
[76] [M]: 0x8000011C (0x0194D793) srli a5, s1, 0x19
x15 <- 0x00000000
mem[X,0x80000120] -> 0x6533
mem[X,0x80000122] -> 0x00F5
[77] [M]: 0x80000120 (0x00F56533) or a0, a0, a5
x10 <- 0x00000000
mem[X,0x80000124] -> 0x5593
mem[X,0x80000126] -> 0x0075
[78] [M]: 0x80000124 (0x00755593) srli a1, a0, 0x7
x11 <- 0x00000000
mem[X,0x80000128] -> 0x5793
mem[X,0x8000012A] -> 0x0195
[79] [M]: 0x80000128 (0x01955793) srli a5, a0, 0x19
x15 <- 0x00000000
mem[X,0x8000012C] -> 0xE5B3
mem[X,0x8000012E] -> 0x00F5
[80] [M]: 0x8000012C (0x00F5E5B3) or a1, a1, a5
x11 <- 0x00000000
mem[X,0x80000130] -> 0xD613
mem[X,0x80000132] -> 0x0075
[81] [M]: 0x80000130 (0x0075D613) srli a2, a1, 0x7
x12 <- 0x00000000
mem[X,0x80000134] -> 0xD793
mem[X,0x80000136] -> 0x0195
[82] [M]: 0x80000134 (0x0195D793) srli a5, a1, 0x19
x15 <- 0x00000000
mem[X,0x80000138] -> 0x6633
mem[X,0x8000013A] -> 0x00F6
[83] [M]: 0x80000138 (0x00F66633) or a2, a2, a5
x12 <- 0x00000000
mem[X,0x8000013C] -> 0x5693
mem[X,0x8000013E] -> 0x0076
[84] [M]: 0x8000013C (0x00765693) srli a3, a2, 0x7
x13 <- 0x00000000
mem[X,0x80000140] -> 0x5793
mem[X,0x80000142] -> 0x0196
[85] [M]: 0x80000140 (0x01965793) srli a5, a2, 0x19
x15 <- 0x00000000
mem[X,0x80000144] -> 0xE6B3
mem[X,0x80000146] -> 0x00F6
[86] [M]: 0x80000144 (0x00F6E6B3) or a3, a3, a5
x13 <- 0x00000000
mem[X,0x80000148] -> 0x2537
mem[X,0x8000014A] -> 0x0000
[87] [M]: 0x80000148 (0x00002537) lui a0, 0x2
x10 <- 0x00002000
mem[X,0x8000014C] -> 0x2073
mem[X,0x8000014E] -> 0x3005
[88] [M]: 0x8000014C (0x30052073) csrrs zero, mstatus, a0
CSR mstatus -> 0x00000000
CSR mstatus <- 0x00002000 (input: 0x00002000)
mem[X,0x80000150] -> 0x5073
mem[X,0x80000152] -> 0x0030
[89] [M]: 0x80000150 (0x00305073) csrrwi zero, fcsr, 0x0
CSR fcsr -> 0x00000000
CSR fcsr <- 0x00000000 (input: 0x00000000)
mem[X,0x80000154] -> 0x0013
mem[X,0x80000156] -> 0x0000
[90] [M]: 0x80000154 (0x00000013) addi zero, zero, 0x0
mem[X,0x80000158] -> 0x0013
mem[X,0x8000015A] -> 0x0000
[91] [M]: 0x80000158 (0x00000013) addi zero, zero, 0x0
mem[X,0x8000015C] -> 0x0013
mem[X,0x8000015E] -> 0x0000
[92] [M]: 0x8000015C (0x00000013) addi zero, zero, 0x0
mem[X,0x80000160] -> 0x2197
mem[X,0x80000162] -> 0x0000
[93] [M]: 0x80000160 (0x00002197) auipc gp, 0x2
x3 <- 0x80002160
mem[X,0x80000164] -> 0x8193
mem[X,0x80000166] -> 0xEB01
[94] [M]: 0x80000164 (0xEB018193) addi gp, gp, 0xeb0
x3 <- 0x80002010
mem[X,0x80000168] -> 0x0013
mem[X,0x8000016A] -> 0x0000
[95] [M]: 0x80000168 (0x00000013) addi zero, zero, 0x0
mem[X,0x8000016C] -> 0x0013
mem[X,0x8000016E] -> 0x0000
[96] [M]: 0x8000016C (0x00000013) addi zero, zero, 0x0
mem[X,0x80000170] -> 0x0013
mem[X,0x80000172] -> 0x0000
[97] [M]: 0x80000170 (0x00000013) addi zero, zero, 0x0
mem[X,0x80000174] -> 0x0013
mem[X,0x80000176] -> 0x0000
[98] [M]: 0x80000174 (0x00000013) addi zero, zero, 0x0
mem[X,0x80000178] -> 0x0013
mem[X,0x8000017A] -> 0x0000
[99] [M]: 0x80000178 (0x00000013) addi zero, zero, 0x0
clint::tick mtime <- 0x0000000000000001
 clint timer pending at mtime 0x0000000000000001
htif::tick 0x0000000000000000
mem[X,0x8000017C] -> 0x0013
mem[X,0x8000017E] -> 0x0000
[100] [M]: 0x8000017C (0x00000013) addi zero, zero, 0x0
mem[X,0x80000180] -> 0x3097
mem[X,0x80000182] -> 0x0000
[101] [M]: 0x80000180 (0x00003097) auipc ra, 0x3
x1 <- 0x80003180
mem[X,0x80000184] -> 0x8093
mem[X,0x80000186] -> 0xF980
[102] [M]: 0x80000184 (0xF9808093) addi ra, ra, 0xf98
x1 <- 0x80003118
mem[X,0x80000188] -> 0x0013
mem[X,0x8000018A] -> 0x0000
[103] [M]: 0x80000188 (0x00000013) addi zero, zero, 0x0
mem[X,0x8000018C] -> 0x0013
mem[X,0x8000018E] -> 0x0000
[104] [M]: 0x8000018C (0x00000013) addi zero, zero, 0x0
mem[X,0x80000190] -> 0x0013
mem[X,0x80000192] -> 0x0000
[105] [M]: 0x80000190 (0x00000013) addi zero, zero, 0x0
mem[X,0x80000194] -> 0x0013
mem[X,0x80000196] -> 0x0000
[106] [M]: 0x80000194 (0x00000013) addi zero, zero, 0x0
mem[X,0x80000198] -> 0x0013
mem[X,0x8000019A] -> 0x0000
[107] [M]: 0x80000198 (0x00000013) addi zero, zero, 0x0
mem[X,0x8000019C] -> 0x0013
mem[X,0x8000019E] -> 0x0000
[108] [M]: 0x8000019C (0x00000013) addi zero, zero, 0x0
mem[X,0x800001A0] -> 0xBF87
mem[X,0x800001A2] -> 0x0001
[109] [M]: 0x800001A0 (0x0001BF87) fld ft11, 0x0(gp)
mem[R,0x80002010] -> 0xFFFFFFFF00000000
f31 <- 0xFFFFFFFF00000000
mem[X,0x800001A4] -> 0x0113
mem[X,0x800001A6] -> 0x0000
[110] [M]: 0x800001A4 (0x00000113) addi sp, zero, 0x0
x2 <- 0x00000000
mem[X,0x800001A8] -> 0x1073
mem[X,0x800001AA] -> 0x0031
[111] [M]: 0x800001A8 (0x00311073) csrrw zero, fcsr, sp
CSR fcsr -> 0x00000000
CSR fcsr <- 0x00000000 (input: 0x00000000)
mem[X,0x800001AC] -> 0xFFD3
mem[X,0x800001AE] -> 0x441F
[112] [M]: 0x800001AC (0x441FFFD3) fcvt.h.d ft11, ft11, dyn
f31 <- 0xFFFFFFFFFFFF7E00
mem[X,0x800001B0] -> 0x2273
mem[X,0x800001B2] -> 0x0030
[113] [M]: 0x800001B0 (0x00302273) csrrs tp, fcsr, zero
CSR fcsr -> 0x00000000
x4 <- 0x00000000
mem[X,0x800001B4] -> 0xB027
mem[X,0x800001B6] -> 0x01F0
[114] [M]: 0x800001B4 (0x01F0B027) fsd ft11, 0x0(ra)
mem[0x80003118] <- 0xFFFFFFFFFFFF7E00
mem[X,0x800001B8] -> 0xA423
mem[X,0x800001BA] -> 0x0040
[115] [M]: 0x800001B8 (0x0040A423) sw tp, 0x8(ra)
mem[0x80003120] <- 0x00000000
mem[X,0x800001BC] -> 0xBE87
mem[X,0x800001BE] -> 0x0081
[116] [M]: 0x800001BC (0x0081BE87) fld ft9, 0x8(gp)
mem[R,0x80002018] -> 0xFFFFFFFF00000000
f29 <- 0xFFFFFFFF00000000
mem[X,0x800001C0] -> 0x0113
mem[X,0x800001C2] -> 0x0200
[117] [M]: 0x800001C0 (0x02000113) addi sp, zero, 0x20
x2 <- 0x00000020
mem[X,0x800001C4] -> 0x1073
mem[X,0x800001C6] -> 0x0031
[118] [M]: 0x800001C4 (0x00311073) csrrw zero, fcsr, sp
CSR fcsr -> 0x00000000
CSR fcsr <- 0x00000020 (input: 0x00000020)
mem[X,0x800001C8] -> 0xFF53
mem[X,0x800001CA] -> 0x441E
[119] [M]: 0x800001C8 (0x441EFF53) fcvt.h.d ft10, ft9, dyn
f30 <- 0xFFFFFFFFFFFF7E00
mem[X,0x800001CC] -> 0x2273
mem[X,0x800001CE] -> 0x0030
[120] [M]: 0x800001CC (0x00302273) csrrs tp, fcsr, zero
CSR fcsr -> 0x00000020
x4 <- 0x00000020
mem[X,0x800001D0] -> 0xB827
mem[X,0x800001D2] -> 0x01E0
[121] [M]: 0x800001D0 (0x01E0B827) fsd ft10, 0x10(ra)
mem[0x80003128] <- 0xFFFFFFFFFFFF7E00
mem[X,0x800001D4] -> 0xAC23
mem[X,0x800001D6] -> 0x0040
[122] [M]: 0x800001D4 (0x0040AC23) sw tp, 0x18(ra)
mem[0x80003130] <- 0x00000020
mem[X,0x800001D8] -> 0xBF07
mem[X,0x800001DA] -> 0x0101
[123] [M]: 0x800001D8 (0x0101BF07) fld ft10, 0x10(gp)
mem[R,0x80002020] -> 0xFFFFFFFF00000000
f30 <- 0xFFFFFFFF00000000
mem[X,0x800001DC] -> 0x0113
mem[X,0x800001DE] -> 0x0400
[124] [M]: 0x800001DC (0x04000113) addi sp, zero, 0x40
x2 <- 0x00000040
mem[X,0x800001E0] -> 0x1073
mem[X,0x800001E2] -> 0x0031
[125] [M]: 0x800001E0 (0x00311073) csrrw zero, fcsr, sp
CSR fcsr -> 0x00000020
CSR fcsr <- 0x00000040 (input: 0x00000040)
mem[X,0x800001E4] -> 0x7ED3
mem[X,0x800001E6] -> 0x441F
[126] [M]: 0x800001E4 (0x441F7ED3) fcvt.h.d ft9, ft10, dyn
f29 <- 0xFFFFFFFFFFFF7E00
mem[X,0x800001E8] -> 0x2273
mem[X,0x800001EA] -> 0x0030
[127] [M]: 0x800001E8 (0x00302273) csrrs tp, fcsr, zero
CSR fcsr -> 0x00000040
x4 <- 0x00000040
mem[X,0x800001EC] -> 0xB027
mem[X,0x800001EE] -> 0x03D0
[128] [M]: 0x800001EC (0x03D0B027) fsd ft9, 0x20(ra)
mem[0x80003138] <- 0xFFFFFFFFFFFF7E00
mem[X,0x800001F0] -> 0xA423
mem[X,0x800001F2] -> 0x0240
[129] [M]: 0x800001F0 (0x0240A423) sw tp, 0x28(ra)
mem[0x80003140] <- 0x00000040
mem[X,0x800001F4] -> 0xBD87
mem[X,0x800001F6] -> 0x0181
[130] [M]: 0x800001F4 (0x0181BD87) fld fs11, 0x18(gp)
mem[R,0x80002028] -> 0xFFFFFFFF00000000
f27 <- 0xFFFFFFFF00000000
mem[X,0x800001F8] -> 0x0113
mem[X,0x800001FA] -> 0x0600
[131] [M]: 0x800001F8 (0x06000113) addi sp, zero, 0x60
x2 <- 0x00000060
mem[X,0x800001FC] -> 0x1073
mem[X,0x800001FE] -> 0x0031
[132] [M]: 0x800001FC (0x00311073) csrrw zero, fcsr, sp
CSR fcsr -> 0x00000040
CSR fcsr <- 0x00000060 (input: 0x00000060)
mem[X,0x80000200] -> 0xFE53
mem[X,0x80000202] -> 0x441D
[133] [M]: 0x80000200 (0x441DFE53) fcvt.h.d ft8, fs11, dyn
f28 <- 0xFFFFFFFFFFFF7E00
mem[X,0x80000204] -> 0x2273
mem[X,0x80000206] -> 0x0030
[134] [M]: 0x80000204 (0x00302273) csrrs tp, fcsr, zero
CSR fcsr -> 0x00000060
x4 <- 0x00000060
mem[X,0x80000208] -> 0xB827
mem[X,0x8000020A] -> 0x03C0
[135] [M]: 0x80000208 (0x03C0B827) fsd ft8, 0x30(ra)
mem[0x80003148] <- 0xFFFFFFFFFFFF7E00
mem[X,0x8000020C] -> 0xAC23
mem[X,0x8000020E] -> 0x0240
[136] [M]: 0x8000020C (0x0240AC23) sw tp, 0x38(ra)
mem[0x80003150] <- 0x00000060
mem[X,0x80000210] -> 0xBE07
mem[X,0x80000212] -> 0x0201
[137] [M]: 0x80000210 (0x0201BE07) fld ft8, 0x20(gp)
mem[R,0x80002030] -> 0xFFFFFFFF00000000
f28 <- 0xFFFFFFFF00000000
mem[X,0x80000214] -> 0x0113
mem[X,0x80000216] -> 0x0800
[138] [M]: 0x80000214 (0x08000113) addi sp, zero, 0x80
x2 <- 0x00000080
mem[X,0x80000218] -> 0x1073
mem[X,0x8000021A] -> 0x0031
[139] [M]: 0x80000218 (0x00311073) csrrw zero, fcsr, sp
CSR fcsr -> 0x00000060
CSR fcsr <- 0x00000080 (input: 0x00000080)
mem[X,0x8000021C] -> 0x7DD3
mem[X,0x8000021E] -> 0x441E
[140] [M]: 0x8000021C (0x441E7DD3) fcvt.h.d fs11, ft8, dyn
f27 <- 0xFFFFFFFFFFFF7E00
mem[X,0x80000220] -> 0x2273
mem[X,0x80000222] -> 0x0030
[141] [M]: 0x80000220 (0x00302273) csrrs tp, fcsr, zero
CSR fcsr -> 0x00000080
x4 <- 0x00000080
mem[X,0x80000224] -> 0xB027
mem[X,0x80000226] -> 0x05B0
[142] [M]: 0x80000224 (0x05B0B027) fsd fs11, 0x40(ra)
mem[0x80003158] <- 0xFFFFFFFFFFFF7E00
mem[X,0x80000228] -> 0xA423
mem[X,0x8000022A] -> 0x0440
[143] [M]: 0x80000228 (0x0440A423) sw tp, 0x48(ra)
mem[0x80003160] <- 0x00000080
mem[X,0x8000022C] -> 0xBC87
mem[X,0x8000022E] -> 0x0281
[144] [M]: 0x8000022C (0x0281BC87) fld fs9, 0x28(gp)
mem[R,0x80002038] -> 0xFFFFFFFF47AE147B
f25 <- 0xFFFFFFFF47AE147B
mem[X,0x80000230] -> 0x0113
mem[X,0x80000232] -> 0x0000
[145] [M]: 0x80000230 (0x00000113) addi sp, zero, 0x0
x2 <- 0x00000000
mem[X,0x80000234] -> 0x1073
mem[X,0x80000236] -> 0x0031
[146] [M]: 0x80000234 (0x00311073) csrrw zero, fcsr, sp
CSR fcsr -> 0x00000080
CSR fcsr <- 0x00000000 (input: 0x00000000)
mem[X,0x80000238] -> 0xFD53
mem[X,0x8000023A] -> 0x441C
[147] [M]: 0x80000238 (0x441CFD53) fcvt.h.d fs10, fs9, dyn
f26 <- 0xFFFFFFFFFFFF7E00
mem[X,0x8000023C] -> 0x2273
mem[X,0x8000023E] -> 0x0030
[148] [M]: 0x8000023C (0x00302273) csrrs tp, fcsr, zero
CSR fcsr -> 0x00000000
x4 <- 0x00000000
mem[X,0x80000240] -> 0xB827
mem[X,0x80000242] -> 0x05A0
[149] [M]: 0x80000240 (0x05A0B827) fsd fs10, 0x50(ra)
mem[0x80003168] <- 0xFFFFFFFFFFFF7E00
mem[X,0x80000244] -> 0xAC23
mem[X,0x80000246] -> 0x0440
[150] [M]: 0x80000244 (0x0440AC23) sw tp, 0x58(ra)
mem[0x80003170] <- 0x00000000
mem[X,0x80000248] -> 0xBD07
mem[X,0x8000024A] -> 0x0301
[151] [M]: 0x80000248 (0x0301BD07) fld fs10, 0x30(gp)
mem[R,0x80002040] -> 0xFFFFFFFF47AE147B
f26 <- 0xFFFFFFFF47AE147B
mem[X,0x8000024C] -> 0x0113
mem[X,0x8000024E] -> 0x0200
[152] [M]: 0x8000024C (0x02000113) addi sp, zero, 0x20
x2 <- 0x00000020
mem[X,0x80000250] -> 0x1073
mem[X,0x80000252] -> 0x0031
[153] [M]: 0x80000250 (0x00311073) csrrw zero, fcsr, sp
CSR fcsr -> 0x00000000
CSR fcsr <- 0x00000020 (input: 0x00000020)
mem[X,0x80000254] -> 0x7CD3
mem[X,0x80000256] -> 0x441D
[154] [M]: 0x80000254 (0x441D7CD3) fcvt.h.d fs9, fs10, dyn
f25 <- 0xFFFFFFFFFFFF7E00
mem[X,0x80000258] -> 0x2273
mem[X,0x8000025A] -> 0x0030
[155] [M]: 0x80000258 (0x00302273) csrrs tp, fcsr, zero
CSR fcsr -> 0x00000020
x4 <- 0x00000020
mem[X,0x8000025C] -> 0xB027
mem[X,0x8000025E] -> 0x0790
[156] [M]: 0x8000025C (0x0790B027) fsd fs9, 0x60(ra)
mem[0x80003178] <- 0xFFFFFFFFFFFF7E00
mem[X,0x80000260] -> 0xA423
mem[X,0x80000262] -> 0x0640
[157] [M]: 0x80000260 (0x0640A423) sw tp, 0x68(ra)
mem[0x80003180] <- 0x00000020
mem[X,0x80000264] -> 0xBB87
mem[X,0x80000266] -> 0x0381
[158] [M]: 0x80000264 (0x0381BB87) fld fs7, 0x38(gp)
mem[R,0x80002048] -> 0xFFFFFFFF47AE147B
f23 <- 0xFFFFFFFF47AE147B
mem[X,0x80000268] -> 0x0113
mem[X,0x8000026A] -> 0x0400
[159] [M]: 0x80000268 (0x04000113) addi sp, zero, 0x40
x2 <- 0x00000040
mem[X,0x8000026C] -> 0x1073
mem[X,0x8000026E] -> 0x0031
[160] [M]: 0x8000026C (0x00311073) csrrw zero, fcsr, sp
CSR fcsr -> 0x00000020
CSR fcsr <- 0x00000040 (input: 0x00000040)
mem[X,0x80000270] -> 0xFC53
mem[X,0x80000272] -> 0x441B
[161] [M]: 0x80000270 (0x441BFC53) fcvt.h.d fs8, fs7, dyn
f24 <- 0xFFFFFFFFFFFF7E00
mem[X,0x80000274] -> 0x2273
mem[X,0x80000276] -> 0x0030
[162] [M]: 0x80000274 (0x00302273) csrrs tp, fcsr, zero
CSR fcsr -> 0x00000040
x4 <- 0x00000040
mem[X,0x80000278] -> 0xB827
mem[X,0x8000027A] -> 0x0780
[163] [M]: 0x80000278 (0x0780B827) fsd fs8, 0x70(ra)
mem[0x80003188] <- 0xFFFFFFFFFFFF7E00
mem[X,0x8000027C] -> 0xAC23
mem[X,0x8000027E] -> 0x0640
[164] [M]: 0x8000027C (0x0640AC23) sw tp, 0x78(ra)
mem[0x80003190] <- 0x00000040
mem[X,0x80000280] -> 0xBC07
mem[X,0x80000282] -> 0x0401
[165] [M]: 0x80000280 (0x0401BC07) fld fs8, 0x40(gp)
mem[R,0x80002050] -> 0xFFFFFFFF47AE147B
f24 <- 0xFFFFFFFF47AE147B
mem[X,0x80000284] -> 0x0113
mem[X,0x80000286] -> 0x0600
[166] [M]: 0x80000284 (0x06000113) addi sp, zero, 0x60
x2 <- 0x00000060
mem[X,0x80000288] -> 0x1073
mem[X,0x8000028A] -> 0x0031
[167] [M]: 0x80000288 (0x00311073) csrrw zero, fcsr, sp
CSR fcsr -> 0x00000040
CSR fcsr <- 0x00000060 (input: 0x00000060)
mem[X,0x8000028C] -> 0x7BD3
mem[X,0x8000028E] -> 0x441C
[168] [M]: 0x8000028C (0x441C7BD3) fcvt.h.d fs7, fs8, dyn
f23 <- 0xFFFFFFFFFFFF7E00
mem[X,0x80000290] -> 0x2273
mem[X,0x80000292] -> 0x0030
[169] [M]: 0x80000290 (0x00302273) csrrs tp, fcsr, zero
CSR fcsr -> 0x00000060
x4 <- 0x00000060
mem[X,0x80000294] -> 0xB027
mem[X,0x80000296] -> 0x0970
[170] [M]: 0x80000294 (0x0970B027) fsd fs7, 0x80(ra)
mem[0x80003198] <- 0xFFFFFFFFFFFF7E00
mem[X,0x80000298] -> 0xA423
mem[X,0x8000029A] -> 0x0840
[171] [M]: 0x80000298 (0x0840A423) sw tp, 0x88(ra)
mem[0x800031A0] <- 0x00000060
mem[X,0x8000029C] -> 0xBA87
mem[X,0x8000029E] -> 0x0481
[172] [M]: 0x8000029C (0x0481BA87) fld fs5, 0x48(gp)
mem[R,0x80002058] -> 0xFFFFFFFF47AE147B
f21 <- 0xFFFFFFFF47AE147B
mem[X,0x800002A0] -> 0x0113
mem[X,0x800002A2] -> 0x0800
[173] [M]: 0x800002A0 (0x08000113) addi sp, zero, 0x80
x2 <- 0x00000080
mem[X,0x800002A4] -> 0x1073
mem[X,0x800002A6] -> 0x0031
[174] [M]: 0x800002A4 (0x00311073) csrrw zero, fcsr, sp
CSR fcsr -> 0x00000060
CSR fcsr <- 0x00000080 (input: 0x00000080)
mem[X,0x800002A8] -> 0xFB53
mem[X,0x800002AA] -> 0x441A
[175] [M]: 0x800002A8 (0x441AFB53) fcvt.h.d fs6, fs5, dyn
f22 <- 0xFFFFFFFFFFFF7E00
mem[X,0x800002AC] -> 0x2273
mem[X,0x800002AE] -> 0x0030
[176] [M]: 0x800002AC (0x00302273) csrrs tp, fcsr, zero
CSR fcsr -> 0x00000080
x4 <- 0x00000080
mem[X,0x800002B0] -> 0xB827
mem[X,0x800002B2] -> 0x0960
[177] [M]: 0x800002B0 (0x0960B827) fsd fs6, 0x90(ra)
mem[0x800031A8] <- 0xFFFFFFFFFFFF7E00
mem[X,0x800002B4] -> 0xAC23
mem[X,0x800002B6] -> 0x0840
[178] [M]: 0x800002B4 (0x0840AC23) sw tp, 0x98(ra)
mem[0x800031B0] <- 0x00000080
mem[X,0x800002B8] -> 0xBB07
mem[X,0x800002BA] -> 0x0501
[179] [M]: 0x800002B8 (0x0501BB07) fld fs6, 0x50(gp)
mem[R,0x80002060] -> 0xFFFFFFFF7AE147AE
f22 <- 0xFFFFFFFF7AE147AE
mem[X,0x800002BC] -> 0x0113
mem[X,0x800002BE] -> 0x0000
[180] [M]: 0x800002BC (0x00000113) addi sp, zero, 0x0
x2 <- 0x00000000
mem[X,0x800002C0] -> 0x1073
mem[X,0x800002C2] -> 0x0031
[181] [M]: 0x800002C0 (0x00311073) csrrw zero, fcsr, sp
CSR fcsr -> 0x00000080
CSR fcsr <- 0x00000000 (input: 0x00000000)
mem[X,0x800002C4] -> 0x7AD3
mem[X,0x800002C6] -> 0x441B
[182] [M]: 0x800002C4 (0x441B7AD3) fcvt.h.d fs5, fs6, dyn
f21 <- 0xFFFFFFFFFFFF7E00
mem[X,0x800002C8] -> 0x2273
mem[X,0x800002CA] -> 0x0030
[183] [M]: 0x800002C8 (0x00302273) csrrs tp, fcsr, zero
CSR fcsr -> 0x00000000
x4 <- 0x00000000
mem[X,0x800002CC] -> 0xB027
mem[X,0x800002CE] -> 0x0B50
[184] [M]: 0x800002CC (0x0B50B027) fsd fs5, 0xa0(ra)
mem[0x800031B8] <- 0xFFFFFFFFFFFF7E00
mem[X,0x800002D0] -> 0xA423
mem[X,0x800002D2] -> 0x0A40
[185] [M]: 0x800002D0 (0x0A40A423) sw tp, 0xa8(ra)
mem[0x800031C0] <- 0x00000000
mem[X,0x800002D4] -> 0xB987
mem[X,0x800002D6] -> 0x0581
[186] [M]: 0x800002D4 (0x0581B987) fld fs3, 0x58(gp)
mem[R,0x80002068] -> 0xFFFFFFFF7AE147AE
f19 <- 0xFFFFFFFF7AE147AE
mem[X,0x800002D8] -> 0x0113
mem[X,0x800002DA] -> 0x0200
[187] [M]: 0x800002D8 (0x02000113) addi sp, zero, 0x20
x2 <- 0x00000020
mem[X,0x800002DC] -> 0x1073
mem[X,0x800002DE] -> 0x0031
[188] [M]: 0x800002DC (0x00311073) csrrw zero, fcsr, sp
CSR fcsr -> 0x00000000
CSR fcsr <- 0x00000020 (input: 0x00000020)
mem[X,0x800002E0] -> 0xFA53
mem[X,0x800002E2] -> 0x4419
[189] [M]: 0x800002E0 (0x4419FA53) fcvt.h.d fs4, fs3, dyn
f20 <- 0xFFFFFFFFFFFF7E00
mem[X,0x800002E4] -> 0x2273
mem[X,0x800002E6] -> 0x0030
[190] [M]: 0x800002E4 (0x00302273) csrrs tp, fcsr, zero
CSR fcsr -> 0x00000020
x4 <- 0x00000020
mem[X,0x800002E8] -> 0xB827
mem[X,0x800002EA] -> 0x0B40
[191] [M]: 0x800002E8 (0x0B40B827) fsd fs4, 0xb0(ra)
mem[0x800031C8] <- 0xFFFFFFFFFFFF7E00
mem[X,0x800002EC] -> 0xAC23
mem[X,0x800002EE] -> 0x0A40
[192] [M]: 0x800002EC (0x0A40AC23) sw tp, 0xb8(ra)
mem[0x800031D0] <- 0x00000020
mem[X,0x800002F0] -> 0xBA07
mem[X,0x800002F2] -> 0x0601
[193] [M]: 0x800002F0 (0x0601BA07) fld fs4, 0x60(gp)
mem[R,0x80002070] -> 0xFFFFFFFF7AE147AE
f20 <- 0xFFFFFFFF7AE147AE
mem[X,0x800002F4] -> 0x0113
mem[X,0x800002F6] -> 0x0400
[194] [M]: 0x800002F4 (0x04000113) addi sp, zero, 0x40
x2 <- 0x00000040
mem[X,0x800002F8] -> 0x1073
mem[X,0x800002FA] -> 0x0031
[195] [M]: 0x800002F8 (0x00311073) csrrw zero, fcsr, sp
CSR fcsr -> 0x00000020
CSR fcsr <- 0x00000040 (input: 0x00000040)
mem[X,0x800002FC] -> 0x79D3
mem[X,0x800002FE] -> 0x441A
[196] [M]: 0x800002FC (0x441A79D3) fcvt.h.d fs3, fs4, dyn
f19 <- 0xFFFFFFFFFFFF7E00
mem[X,0x80000300] -> 0x2273
mem[X,0x80000302] -> 0x0030
[197] [M]: 0x80000300 (0x00302273) csrrs tp, fcsr, zero
CSR fcsr -> 0x00000040
x4 <- 0x00000040
mem[X,0x80000304] -> 0xB027
mem[X,0x80000306] -> 0x0D30
[198] [M]: 0x80000304 (0x0D30B027) fsd fs3, 0xc0(ra)
mem[0x800031D8] <- 0xFFFFFFFFFFFF7E00
mem[X,0x80000308] -> 0xA423
mem[X,0x8000030A] -> 0x0C40
[199] [M]: 0x80000308 (0x0C40A423) sw tp, 0xc8(ra)
mem[0x800031E0] <- 0x00000040
clint::tick mtime <- 0x0000000000000002
 clint timer pending at mtime 0x0000000000000002
htif::tick 0x0000000000000000
mem[X,0x8000030C] -> 0xB887
mem[X,0x8000030E] -> 0x0681
[200] [M]: 0x8000030C (0x0681B887) fld fa7, 0x68(gp)
mem[R,0x80002078] -> 0xFFFFFFFF7AE147AE
f17 <- 0xFFFFFFFF7AE147AE
mem[X,0x80000310] -> 0x0113
mem[X,0x80000312] -> 0x0600
[201] [M]: 0x80000310 (0x06000113) addi sp, zero, 0x60
x2 <- 0x00000060
mem[X,0x80000314] -> 0x1073
mem[X,0x80000316] -> 0x0031
[202] [M]: 0x80000314 (0x00311073) csrrw zero, fcsr, sp
CSR fcsr -> 0x00000040
CSR fcsr <- 0x00000060 (input: 0x00000060)
mem[X,0x80000318] -> 0xF953
mem[X,0x8000031A] -> 0x4418
[203] [M]: 0x80000318 (0x4418F953) fcvt.h.d fs2, fa7, dyn
f18 <- 0xFFFFFFFFFFFF7E00
mem[X,0x8000031C] -> 0x2273
mem[X,0x8000031E] -> 0x0030
[204] [M]: 0x8000031C (0x00302273) csrrs tp, fcsr, zero
CSR fcsr -> 0x00000060
x4 <- 0x00000060
mem[X,0x80000320] -> 0xB827
mem[X,0x80000322] -> 0x0D20
[205] [M]: 0x80000320 (0x0D20B827) fsd fs2, 0xd0(ra)
mem[0x800031E8] <- 0xFFFFFFFFFFFF7E00
mem[X,0x80000324] -> 0xAC23
mem[X,0x80000326] -> 0x0C40
[206] [M]: 0x80000324 (0x0C40AC23) sw tp, 0xd8(ra)
mem[0x800031F0] <- 0x00000060
mem[X,0x80000328] -> 0xB907
mem[X,0x8000032A] -> 0x0701
[207] [M]: 0x80000328 (0x0701B907) fld fs2, 0x70(gp)
mem[R,0x80002080] -> 0xFFFFFFFF7AE147AE
f18 <- 0xFFFFFFFF7AE147AE
mem[X,0x8000032C] -> 0x0113
mem[X,0x8000032E] -> 0x0800
[208] [M]: 0x8000032C (0x08000113) addi sp, zero, 0x80
x2 <- 0x00000080
mem[X,0x80000330] -> 0x1073
mem[X,0x80000332] -> 0x0031
[209] [M]: 0x80000330 (0x00311073) csrrw zero, fcsr, sp
CSR fcsr -> 0x00000060
CSR fcsr <- 0x00000080 (input: 0x00000080)
mem[X,0x80000334] -> 0x78D3
mem[X,0x80000336] -> 0x4419
[210] [M]: 0x80000334 (0x441978D3) fcvt.h.d fa7, fs2, dyn
f17 <- 0xFFFFFFFFFFFF7E00
mem[X,0x80000338] -> 0x2273
mem[X,0x8000033A] -> 0x0030
[211] [M]: 0x80000338 (0x00302273) csrrs tp, fcsr, zero
CSR fcsr -> 0x00000080
x4 <- 0x00000080
mem[X,0x8000033C] -> 0xB027
mem[X,0x8000033E] -> 0x0F10
[212] [M]: 0x8000033C (0x0F10B027) fsd fa7, 0xe0(ra)
mem[0x800031F8] <- 0xFFFFFFFFFFFF7E00
mem[X,0x80000340] -> 0xA423
mem[X,0x80000342] -> 0x0E40
[213] [M]: 0x80000340 (0x0E40A423) sw tp, 0xe8(ra)
mem[0x80003200] <- 0x00000080
mem[X,0x80000344] -> 0xB787
mem[X,0x80000346] -> 0x0781
[214] [M]: 0x80000344 (0x0781B787) fld fa5, 0x78(gp)
mem[R,0x80002088] -> 0xFFFFFFFF47AE147B
f15 <- 0xFFFFFFFF47AE147B
mem[X,0x80000348] -> 0x0113
mem[X,0x8000034A] -> 0x0000
[215] [M]: 0x80000348 (0x00000113) addi sp, zero, 0x0
x2 <- 0x00000000
mem[X,0x8000034C] -> 0x1073
mem[X,0x8000034E] -> 0x0031
[216] [M]: 0x8000034C (0x00311073) csrrw zero, fcsr, sp
CSR fcsr -> 0x00000080
CSR fcsr <- 0x00000000 (input: 0x00000000)
mem[X,0x80000350] -> 0xF853
mem[X,0x80000352] -> 0x4417
[217] [M]: 0x80000350 (0x4417F853) fcvt.h.d fa6, fa5, dyn
f16 <- 0xFFFFFFFFFFFF7E00
mem[X,0x80000354] -> 0x2273
mem[X,0x80000356] -> 0x0030
[218] [M]: 0x80000354 (0x00302273) csrrs tp, fcsr, zero
CSR fcsr -> 0x00000000
x4 <- 0x00000000
mem[X,0x80000358] -> 0xB827
mem[X,0x8000035A] -> 0x0F00
[219] [M]: 0x80000358 (0x0F00B827) fsd fa6, 0xf0(ra)
mem[0x80003208] <- 0xFFFFFFFFFFFF7E00
mem[X,0x8000035C] -> 0xAC23
mem[X,0x8000035E] -> 0x0E40
[220] [M]: 0x8000035C (0x0E40AC23) sw tp, 0xf8(ra)
mem[0x80003210] <- 0x00000000
mem[X,0x80000360] -> 0xB807
mem[X,0x80000362] -> 0x0801
[221] [M]: 0x80000360 (0x0801B807) fld fa6, 0x80(gp)
mem[R,0x80002090] -> 0xFFFFFFFF47AE147B
f16 <- 0xFFFFFFFF47AE147B
mem[X,0x80000364] -> 0x0113
mem[X,0x80000366] -> 0x0200
[222] [M]: 0x80000364 (0x02000113) addi sp, zero, 0x20
x2 <- 0x00000020
mem[X,0x80000368] -> 0x1073
mem[X,0x8000036A] -> 0x0031
[223] [M]: 0x80000368 (0x00311073) csrrw zero, fcsr, sp
CSR fcsr -> 0x00000000
CSR fcsr <- 0x00000020 (input: 0x00000020)
mem[X,0x8000036C] -> 0x77D3
mem[X,0x8000036E] -> 0x4418
[224] [M]: 0x8000036C (0x441877D3) fcvt.h.d fa5, fa6, dyn
f15 <- 0xFFFFFFFFFFFF7E00
mem[X,0x80000370] -> 0x2273
mem[X,0x80000372] -> 0x0030
[225] [M]: 0x80000370 (0x00302273) csrrs tp, fcsr, zero
CSR fcsr -> 0x00000020
x4 <- 0x00000020
mem[X,0x80000374] -> 0xB027
mem[X,0x80000376] -> 0x10F0
[226] [M]: 0x80000374 (0x10F0B027) fsd fa5, 0x100(ra)
mem[0x80003218] <- 0xFFFFFFFFFFFF7E00
mem[X,0x80000378] -> 0xA423
mem[X,0x8000037A] -> 0x1040
[227] [M]: 0x80000378 (0x1040A423) sw tp, 0x108(ra)
mem[0x80003220] <- 0x00000020
mem[X,0x8000037C] -> 0xB687
mem[X,0x8000037E] -> 0x0881
[228] [M]: 0x8000037C (0x0881B687) fld fa3, 0x88(gp)
mem[R,0x80002098] -> 0xFFFFFFFF47AE147B
f13 <- 0xFFFFFFFF47AE147B
mem[X,0x80000380] -> 0x0113
mem[X,0x80000382] -> 0x0400
[229] [M]: 0x80000380 (0x04000113) addi sp, zero, 0x40
x2 <- 0x00000040
mem[X,0x80000384] -> 0x1073
mem[X,0x80000386] -> 0x0031
[230] [M]: 0x80000384 (0x00311073) csrrw zero, fcsr, sp
CSR fcsr -> 0x00000020
CSR fcsr <- 0x00000040 (input: 0x00000040)
mem[X,0x80000388] -> 0xF753
mem[X,0x8000038A] -> 0x4416
[231] [M]: 0x80000388 (0x4416F753) fcvt.h.d fa4, fa3, dyn
f14 <- 0xFFFFFFFFFFFF7E00
mem[X,0x8000038C] -> 0x2273
mem[X,0x8000038E] -> 0x0030
[232] [M]: 0x8000038C (0x00302273) csrrs tp, fcsr, zero
CSR fcsr -> 0x00000040
x4 <- 0x00000040
mem[X,0x80000390] -> 0xB827
mem[X,0x80000392] -> 0x10E0
[233] [M]: 0x80000390 (0x10E0B827) fsd fa4, 0x110(ra)
mem[0x80003228] <- 0xFFFFFFFFFFFF7E00
mem[X,0x80000394] -> 0xAC23
mem[X,0x80000396] -> 0x1040
[234] [M]: 0x80000394 (0x1040AC23) sw tp, 0x118(ra)
mem[0x80003230] <- 0x00000040
mem[X,0x80000398] -> 0xB707
mem[X,0x8000039A] -> 0x0901
[235] [M]: 0x80000398 (0x0901B707) fld fa4, 0x90(gp)
mem[R,0x800020A0] -> 0xFFFFFFFF47AE147B
f14 <- 0xFFFFFFFF47AE147B
mem[X,0x8000039C] -> 0x0113
mem[X,0x8000039E] -> 0x0600
[236] [M]: 0x8000039C (0x06000113) addi sp, zero, 0x60
x2 <- 0x00000060
mem[X,0x800003A0] -> 0x1073
mem[X,0x800003A2] -> 0x0031
[237] [M]: 0x800003A0 (0x00311073) csrrw zero, fcsr, sp
CSR fcsr -> 0x00000040
CSR fcsr <- 0x00000060 (input: 0x00000060)
mem[X,0x800003A4] -> 0x76D3
mem[X,0x800003A6] -> 0x4417
[238] [M]: 0x800003A4 (0x441776D3) fcvt.h.d fa3, fa4, dyn
f13 <- 0xFFFFFFFFFFFF7E00
mem[X,0x800003A8] -> 0x2273
mem[X,0x800003AA] -> 0x0030
[239] [M]: 0x800003A8 (0x00302273) csrrs tp, fcsr, zero
CSR fcsr -> 0x00000060
x4 <- 0x00000060
mem[X,0x800003AC] -> 0xB027
mem[X,0x800003AE] -> 0x12D0
[240] [M]: 0x800003AC (0x12D0B027) fsd fa3, 0x120(ra)
mem[0x80003238] <- 0xFFFFFFFFFFFF7E00
mem[X,0x800003B0] -> 0xA423
mem[X,0x800003B2] -> 0x1240
[241] [M]: 0x800003B0 (0x1240A423) sw tp, 0x128(ra)
mem[0x80003240] <- 0x00000060
mem[X,0x800003B4] -> 0xB587
mem[X,0x800003B6] -> 0x0981
[242] [M]: 0x800003B4 (0x0981B587) fld fa1, 0x98(gp)
mem[R,0x800020A8] -> 0xFFFFFFFF47AE147B
f11 <- 0xFFFFFFFF47AE147B
mem[X,0x800003B8] -> 0x0113
mem[X,0x800003BA] -> 0x0800
[243] [M]: 0x800003B8 (0x08000113) addi sp, zero, 0x80
x2 <- 0x00000080
mem[X,0x800003BC] -> 0x1073
mem[X,0x800003BE] -> 0x0031
[244] [M]: 0x800003BC (0x00311073) csrrw zero, fcsr, sp
CSR fcsr -> 0x00000060
CSR fcsr <- 0x00000080 (input: 0x00000080)
mem[X,0x800003C0] -> 0xF653
mem[X,0x800003C2] -> 0x4415
[245] [M]: 0x800003C0 (0x4415F653) fcvt.h.d fa2, fa1, dyn
f12 <- 0xFFFFFFFFFFFF7E00
mem[X,0x800003C4] -> 0x2273
mem[X,0x800003C6] -> 0x0030
[246] [M]: 0x800003C4 (0x00302273) csrrs tp, fcsr, zero
CSR fcsr -> 0x00000080
x4 <- 0x00000080
mem[X,0x800003C8] -> 0xB827
mem[X,0x800003CA] -> 0x12C0
[247] [M]: 0x800003C8 (0x12C0B827) fsd fa2, 0x130(ra)
mem[0x80003248] <- 0xFFFFFFFFFFFF7E00
mem[X,0x800003CC] -> 0xAC23
mem[X,0x800003CE] -> 0x1240
[248] [M]: 0x800003CC (0x1240AC23) sw tp, 0x138(ra)
mem[0x80003250] <- 0x00000080
mem[X,0x800003D0] -> 0xB607
mem[X,0x800003D2] -> 0x0A01
[249] [M]: 0x800003D0 (0x0A01B607) fld fa2, 0xa0(gp)
mem[R,0x800020B0] -> 0xFFFFFFFF9999999A
f12 <- 0xFFFFFFFF9999999A
mem[X,0x800003D4] -> 0x0113
mem[X,0x800003D6] -> 0x0000
[250] [M]: 0x800003D4 (0x00000113) addi sp, zero, 0x0
x2 <- 0x00000000
mem[X,0x800003D8] -> 0x1073
mem[X,0x800003DA] -> 0x0031
[251] [M]: 0x800003D8 (0x00311073) csrrw zero, fcsr, sp
CSR fcsr -> 0x00000080
CSR fcsr <- 0x00000000 (input: 0x00000000)
mem[X,0x800003DC] -> 0x75D3
mem[X,0x800003DE] -> 0x4416
[252] [M]: 0x800003DC (0x441675D3) fcvt.h.d fa1, fa2, dyn
f11 <- 0xFFFFFFFFFFFF7E00
mem[X,0x800003E0] -> 0x2273
mem[X,0x800003E2] -> 0x0030
[253] [M]: 0x800003E0 (0x00302273) csrrs tp, fcsr, zero
CSR fcsr -> 0x00000000
x4 <- 0x00000000
mem[X,0x800003E4] -> 0xB027
mem[X,0x800003E6] -> 0x14B0
[254] [M]: 0x800003E4 (0x14B0B027) fsd fa1, 0x140(ra)
mem[0x80003258] <- 0xFFFFFFFFFFFF7E00
mem[X,0x800003E8] -> 0xA423
mem[X,0x800003EA] -> 0x1440
[255] [M]: 0x800003E8 (0x1440A423) sw tp, 0x148(ra)
mem[0x80003260] <- 0x00000000
mem[X,0x800003EC] -> 0xB487
mem[X,0x800003EE] -> 0x0A81
[256] [M]: 0x800003EC (0x0A81B487) fld fs1, 0xa8(gp)
mem[R,0x800020B8] -> 0xFFFFFFFF9999999A
f9 <- 0xFFFFFFFF9999999A
mem[X,0x800003F0] -> 0x0113
mem[X,0x800003F2] -> 0x0200
[257] [M]: 0x800003F0 (0x02000113) addi sp, zero, 0x20
x2 <- 0x00000020
mem[X,0x800003F4] -> 0x1073
mem[X,0x800003F6] -> 0x0031
[258] [M]: 0x800003F4 (0x00311073) csrrw zero, fcsr, sp
CSR fcsr -> 0x00000000
CSR fcsr <- 0x00000020 (input: 0x00000020)
mem[X,0x800003F8] -> 0xF553
mem[X,0x800003FA] -> 0x4414
[259] [M]: 0x800003F8 (0x4414F553) fcvt.h.d fa0, fs1, dyn
f10 <- 0xFFFFFFFFFFFF7E00
mem[X,0x800003FC] -> 0x2273
mem[X,0x800003FE] -> 0x0030
[260] [M]: 0x800003FC (0x00302273) csrrs tp, fcsr, zero
CSR fcsr -> 0x00000020
x4 <- 0x00000020
mem[X,0x80000400] -> 0xB827
mem[X,0x80000402] -> 0x14A0
[261] [M]: 0x80000400 (0x14A0B827) fsd fa0, 0x150(ra)
mem[0x80003268] <- 0xFFFFFFFFFFFF7E00
mem[X,0x80000404] -> 0xAC23
mem[X,0x80000406] -> 0x1440
[262] [M]: 0x80000404 (0x1440AC23) sw tp, 0x158(ra)
mem[0x80003270] <- 0x00000020
mem[X,0x80000408] -> 0xB507
mem[X,0x8000040A] -> 0x0B01
[263] [M]: 0x80000408 (0x0B01B507) fld fa0, 0xb0(gp)
mem[R,0x800020C0] -> 0xFFFFFFFF9999999A
f10 <- 0xFFFFFFFF9999999A
mem[X,0x8000040C] -> 0x0113
mem[X,0x8000040E] -> 0x0400
[264] [M]: 0x8000040C (0x04000113) addi sp, zero, 0x40
x2 <- 0x00000040
mem[X,0x80000410] -> 0x1073
mem[X,0x80000412] -> 0x0031
[265] [M]: 0x80000410 (0x00311073) csrrw zero, fcsr, sp
CSR fcsr -> 0x00000020
CSR fcsr <- 0x00000040 (input: 0x00000040)
mem[X,0x80000414] -> 0x74D3
mem[X,0x80000416] -> 0x4415
[266] [M]: 0x80000414 (0x441574D3) fcvt.h.d fs1, fa0, dyn
f9 <- 0xFFFFFFFFFFFF7E00
mem[X,0x80000418] -> 0x2273
mem[X,0x8000041A] -> 0x0030
[267] [M]: 0x80000418 (0x00302273) csrrs tp, fcsr, zero
CSR fcsr -> 0x00000040
x4 <- 0x00000040
mem[X,0x8000041C] -> 0xB027
mem[X,0x8000041E] -> 0x1690
[268] [M]: 0x8000041C (0x1690B027) fsd fs1, 0x160(ra)
mem[0x80003278] <- 0xFFFFFFFFFFFF7E00
mem[X,0x80000420] -> 0xA423
mem[X,0x80000422] -> 0x1640
[269] [M]: 0x80000420 (0x1640A423) sw tp, 0x168(ra)
mem[0x80003280] <- 0x00000040
mem[X,0x80000424] -> 0xB387
mem[X,0x80000426] -> 0x0B81
[270] [M]: 0x80000424 (0x0B81B387) fld ft7, 0xb8(gp)
mem[R,0x800020C8] -> 0xFFFFFFFF9999999A
f7 <- 0xFFFFFFFF9999999A
mem[X,0x80000428] -> 0x0113
mem[X,0x8000042A] -> 0x0600
[271] [M]: 0x80000428 (0x06000113) addi sp, zero, 0x60
x2 <- 0x00000060
mem[X,0x8000042C] -> 0x1073
mem[X,0x8000042E] -> 0x0031
[272] [M]: 0x8000042C (0x00311073) csrrw zero, fcsr, sp
CSR fcsr -> 0x00000040
CSR fcsr <- 0x00000060 (input: 0x00000060)
mem[X,0x80000430] -> 0xF453
mem[X,0x80000432] -> 0x4413
[273] [M]: 0x80000430 (0x4413F453) fcvt.h.d fs0, ft7, dyn
f8 <- 0xFFFFFFFFFFFF7E00
mem[X,0x80000434] -> 0x2273
mem[X,0x80000436] -> 0x0030
[274] [M]: 0x80000434 (0x00302273) csrrs tp, fcsr, zero
CSR fcsr -> 0x00000060
x4 <- 0x00000060
mem[X,0x80000438] -> 0xB827
mem[X,0x8000043A] -> 0x1680
[275] [M]: 0x80000438 (0x1680B827) fsd fs0, 0x170(ra)
mem[0x80003288] <- 0xFFFFFFFFFFFF7E00
mem[X,0x8000043C] -> 0xAC23
mem[X,0x8000043E] -> 0x1640
[276] [M]: 0x8000043C (0x1640AC23) sw tp, 0x178(ra)
mem[0x80003290] <- 0x00000060
mem[X,0x80000440] -> 0xB407
mem[X,0x80000442] -> 0x0C01
[277] [M]: 0x80000440 (0x0C01B407) fld fs0, 0xc0(gp)
mem[R,0x800020D0] -> 0xFFFFFFFF9999999A
f8 <- 0xFFFFFFFF9999999A
mem[X,0x80000444] -> 0x0113
mem[X,0x80000446] -> 0x0800
[278] [M]: 0x80000444 (0x08000113) addi sp, zero, 0x80
x2 <- 0x00000080
mem[X,0x80000448] -> 0x1073
mem[X,0x8000044A] -> 0x0031
[279] [M]: 0x80000448 (0x00311073) csrrw zero, fcsr, sp
CSR fcsr -> 0x00000060
CSR fcsr <- 0x00000080 (input: 0x00000080)
mem[X,0x8000044C] -> 0x73D3
mem[X,0x8000044E] -> 0x4414
[280] [M]: 0x8000044C (0x441473D3) fcvt.h.d ft7, fs0, dyn
f7 <- 0xFFFFFFFFFFFF7E00
mem[X,0x80000450] -> 0x2273
mem[X,0x80000452] -> 0x0030
[281] [M]: 0x80000450 (0x00302273) csrrs tp, fcsr, zero
CSR fcsr -> 0x00000080
x4 <- 0x00000080
mem[X,0x80000454] -> 0xB027
mem[X,0x80000456] -> 0x1870
[282] [M]: 0x80000454 (0x1870B027) fsd ft7, 0x180(ra)
mem[0x80003298] <- 0xFFFFFFFFFFFF7E00
mem[X,0x80000458] -> 0xA423
mem[X,0x8000045A] -> 0x1840
[283] [M]: 0x80000458 (0x1840A423) sw tp, 0x188(ra)
mem[0x800032A0] <- 0x00000080
mem[X,0x8000045C] -> 0xB287
mem[X,0x8000045E] -> 0x0C81
[284] [M]: 0x8000045C (0x0C81B287) fld ft5, 0xc8(gp)
mem[R,0x800020D8] -> 0xFFFFFFFFC28F5C29
f5 <- 0xFFFFFFFFC28F5C29
mem[X,0x80000460] -> 0x0113
mem[X,0x80000462] -> 0x0000
[285] [M]: 0x80000460 (0x00000113) addi sp, zero, 0x0
x2 <- 0x00000000
mem[X,0x80000464] -> 0x1073
mem[X,0x80000466] -> 0x0031
[286] [M]: 0x80000464 (0x00311073) csrrw zero, fcsr, sp
CSR fcsr -> 0x00000080
CSR fcsr <- 0x00000000 (input: 0x00000000)
mem[X,0x80000468] -> 0xF353
mem[X,0x8000046A] -> 0x4412
[287] [M]: 0x80000468 (0x4412F353) fcvt.h.d ft6, ft5, dyn
f6 <- 0xFFFFFFFFFFFF7E00
mem[X,0x8000046C] -> 0x2273
mem[X,0x8000046E] -> 0x0030
[288] [M]: 0x8000046C (0x00302273) csrrs tp, fcsr, zero
CSR fcsr -> 0x00000000
x4 <- 0x00000000
mem[X,0x80000470] -> 0xB827
mem[X,0x80000472] -> 0x1860
[289] [M]: 0x80000470 (0x1860B827) fsd ft6, 0x190(ra)
mem[0x800032A8] <- 0xFFFFFFFFFFFF7E00
mem[X,0x80000474] -> 0xAC23
mem[X,0x80000476] -> 0x1840
[290] [M]: 0x80000474 (0x1840AC23) sw tp, 0x198(ra)
mem[0x800032B0] <- 0x00000000
mem[X,0x80000478] -> 0xB307
mem[X,0x8000047A] -> 0x0D01
[291] [M]: 0x80000478 (0x0D01B307) fld ft6, 0xd0(gp)
mem[R,0x800020E0] -> 0xFFFFFFFFC28F5C29
f6 <- 0xFFFFFFFFC28F5C29
mem[X,0x8000047C] -> 0x0113
mem[X,0x8000047E] -> 0x0200
[292] [M]: 0x8000047C (0x02000113) addi sp, zero, 0x20
x2 <- 0x00000020
mem[X,0x80000480] -> 0x1073
mem[X,0x80000482] -> 0x0031
[293] [M]: 0x80000480 (0x00311073) csrrw zero, fcsr, sp
CSR fcsr -> 0x00000000
CSR fcsr <- 0x00000020 (input: 0x00000020)
mem[X,0x80000484] -> 0x72D3
mem[X,0x80000486] -> 0x4413
[294] [M]: 0x80000484 (0x441372D3) fcvt.h.d ft5, ft6, dyn
f5 <- 0xFFFFFFFFFFFF7E00
mem[X,0x80000488] -> 0x2273
mem[X,0x8000048A] -> 0x0030
[295] [M]: 0x80000488 (0x00302273) csrrs tp, fcsr, zero
CSR fcsr -> 0x00000020
x4 <- 0x00000020
mem[X,0x8000048C] -> 0xB027
mem[X,0x8000048E] -> 0x1A50
[296] [M]: 0x8000048C (0x1A50B027) fsd ft5, 0x1a0(ra)
mem[0x800032B8] <- 0xFFFFFFFFFFFF7E00
mem[X,0x80000490] -> 0xA423
mem[X,0x80000492] -> 0x1A40
[297] [M]: 0x80000490 (0x1A40A423) sw tp, 0x1a8(ra)
mem[0x800032C0] <- 0x00000020
mem[X,0x80000494] -> 0xB187
mem[X,0x80000496] -> 0x0D81
[298] [M]: 0x80000494 (0x0D81B187) fld ft3, 0xd8(gp)
mem[R,0x800020E8] -> 0xFFFFFFFFC28F5C29
f3 <- 0xFFFFFFFFC28F5C29
mem[X,0x80000498] -> 0x0113
mem[X,0x8000049A] -> 0x0400
[299] [M]: 0x80000498 (0x04000113) addi sp, zero, 0x40
x2 <- 0x00000040
clint::tick mtime <- 0x0000000000000003
 clint timer pending at mtime 0x0000000000000003
htif::tick 0x0000000000000000
mem[X,0x8000049C] -> 0x1073
mem[X,0x8000049E] -> 0x0031
[300] [M]: 0x8000049C (0x00311073) csrrw zero, fcsr, sp
CSR fcsr -> 0x00000020
CSR fcsr <- 0x00000040 (input: 0x00000040)
mem[X,0x800004A0] -> 0xF253
mem[X,0x800004A2] -> 0x4411
[301] [M]: 0x800004A0 (0x4411F253) fcvt.h.d ft4, ft3, dyn
f4 <- 0xFFFFFFFFFFFF7E00
mem[X,0x800004A4] -> 0x2273
mem[X,0x800004A6] -> 0x0030
[302] [M]: 0x800004A4 (0x00302273) csrrs tp, fcsr, zero
CSR fcsr -> 0x00000040
x4 <- 0x00000040
mem[X,0x800004A8] -> 0xB827
mem[X,0x800004AA] -> 0x1A40
[303] [M]: 0x800004A8 (0x1A40B827) fsd ft4, 0x1b0(ra)
mem[0x800032C8] <- 0xFFFFFFFFFFFF7E00
mem[X,0x800004AC] -> 0xAC23
mem[X,0x800004AE] -> 0x1A40
[304] [M]: 0x800004AC (0x1A40AC23) sw tp, 0x1b8(ra)
mem[0x800032D0] <- 0x00000040
mem[X,0x800004B0] -> 0xB207
mem[X,0x800004B2] -> 0x0E01
[305] [M]: 0x800004B0 (0x0E01B207) fld ft4, 0xe0(gp)
mem[R,0x800020F0] -> 0xFFFFFFFFC28F5C29
f4 <- 0xFFFFFFFFC28F5C29
mem[X,0x800004B4] -> 0x0113
mem[X,0x800004B6] -> 0x0600
[306] [M]: 0x800004B4 (0x06000113) addi sp, zero, 0x60
x2 <- 0x00000060
mem[X,0x800004B8] -> 0x1073
mem[X,0x800004BA] -> 0x0031
[307] [M]: 0x800004B8 (0x00311073) csrrw zero, fcsr, sp
CSR fcsr -> 0x00000040
CSR fcsr <- 0x00000060 (input: 0x00000060)
mem[X,0x800004BC] -> 0x71D3
mem[X,0x800004BE] -> 0x4412
[308] [M]: 0x800004BC (0x441271D3) fcvt.h.d ft3, ft4, dyn
f3 <- 0xFFFFFFFFFFFF7E00
mem[X,0x800004C0] -> 0x2273
mem[X,0x800004C2] -> 0x0030
[309] [M]: 0x800004C0 (0x00302273) csrrs tp, fcsr, zero
CSR fcsr -> 0x00000060
x4 <- 0x00000060
mem[X,0x800004C4] -> 0xB027
mem[X,0x800004C6] -> 0x1C30
[310] [M]: 0x800004C4 (0x1C30B027) fsd ft3, 0x1c0(ra)
mem[0x800032D8] <- 0xFFFFFFFFFFFF7E00
mem[X,0x800004C8] -> 0xA423
mem[X,0x800004CA] -> 0x1C40
[311] [M]: 0x800004C8 (0x1C40A423) sw tp, 0x1c8(ra)
mem[0x800032E0] <- 0x00000060
mem[X,0x800004CC] -> 0xB087
mem[X,0x800004CE] -> 0x0E81
[312] [M]: 0x800004CC (0x0E81B087) fld ft1, 0xe8(gp)
mem[R,0x800020F8] -> 0xFFFFFFFFC28F5C29
f1 <- 0xFFFFFFFFC28F5C29
mem[X,0x800004D0] -> 0x0113
mem[X,0x800004D2] -> 0x0800
[313] [M]: 0x800004D0 (0x08000113) addi sp, zero, 0x80
x2 <- 0x00000080
mem[X,0x800004D4] -> 0x1073
mem[X,0x800004D6] -> 0x0031
[314] [M]: 0x800004D4 (0x00311073) csrrw zero, fcsr, sp
CSR fcsr -> 0x00000060
CSR fcsr <- 0x00000080 (input: 0x00000080)
mem[X,0x800004D8] -> 0xF153
mem[X,0x800004DA] -> 0x4410
[315] [M]: 0x800004D8 (0x4410F153) fcvt.h.d ft2, ft1, dyn
f2 <- 0xFFFFFFFFFFFF7E00
mem[X,0x800004DC] -> 0x2273
mem[X,0x800004DE] -> 0x0030
[316] [M]: 0x800004DC (0x00302273) csrrs tp, fcsr, zero
CSR fcsr -> 0x00000080
x4 <- 0x00000080
mem[X,0x800004E0] -> 0xB827
mem[X,0x800004E2] -> 0x1C20
[317] [M]: 0x800004E0 (0x1C20B827) fsd ft2, 0x1d0(ra)
mem[0x800032E8] <- 0xFFFFFFFFFFFF7E00
mem[X,0x800004E4] -> 0xAC23
mem[X,0x800004E6] -> 0x1C40
[318] [M]: 0x800004E4 (0x1C40AC23) sw tp, 0x1d8(ra)
mem[0x800032F0] <- 0x00000080
mem[X,0x800004E8] -> 0xB107
mem[X,0x800004EA] -> 0x0F01
[319] [M]: 0x800004E8 (0x0F01B107) fld ft2, 0xf0(gp)
mem[R,0x80002100] -> 0xFFFFFFFFC28F5C29
f2 <- 0xFFFFFFFFC28F5C29
mem[X,0x800004EC] -> 0x0113
mem[X,0x800004EE] -> 0x0000
[320] [M]: 0x800004EC (0x00000113) addi sp, zero, 0x0
x2 <- 0x00000000
mem[X,0x800004F0] -> 0x1073
mem[X,0x800004F2] -> 0x0031
[321] [M]: 0x800004F0 (0x00311073) csrrw zero, fcsr, sp
CSR fcsr -> 0x00000080
CSR fcsr <- 0x00000000 (input: 0x00000000)
mem[X,0x800004F4] -> 0x70D3
mem[X,0x800004F6] -> 0x4411
[322] [M]: 0x800004F4 (0x441170D3) fcvt.h.d ft1, ft2, dyn
f1 <- 0xFFFFFFFFFFFF7E00
mem[X,0x800004F8] -> 0x2273
mem[X,0x800004FA] -> 0x0030
[323] [M]: 0x800004F8 (0x00302273) csrrs tp, fcsr, zero
CSR fcsr -> 0x00000000
x4 <- 0x00000000
mem[X,0x800004FC] -> 0xB027
mem[X,0x800004FE] -> 0x1E10
[324] [M]: 0x800004FC (0x1E10B027) fsd ft1, 0x1e0(ra)
mem[0x800032F8] <- 0xFFFFFFFFFFFF7E00
mem[X,0x80000500] -> 0xA423
mem[X,0x80000502] -> 0x1E40
[325] [M]: 0x80000500 (0x1E40A423) sw tp, 0x1e8(ra)
mem[0x80003300] <- 0x00000000
mem[X,0x80000504] -> 0xB007
mem[X,0x80000506] -> 0x0F81
[326] [M]: 0x80000504 (0x0F81B007) fld ft0, 0xf8(gp)
mem[R,0x80002108] -> 0xFFFFFFFFC28F5C29
f0 <- 0xFFFFFFFFC28F5C29
mem[X,0x80000508] -> 0x0113
mem[X,0x8000050A] -> 0x0200
[327] [M]: 0x80000508 (0x02000113) addi sp, zero, 0x20
x2 <- 0x00000020
mem[X,0x8000050C] -> 0x1073
mem[X,0x8000050E] -> 0x0031
[328] [M]: 0x8000050C (0x00311073) csrrw zero, fcsr, sp
CSR fcsr -> 0x00000000
CSR fcsr <- 0x00000020 (input: 0x00000020)
mem[X,0x80000510] -> 0x7FD3
mem[X,0x80000512] -> 0x4410
[329] [M]: 0x80000510 (0x44107FD3) fcvt.h.d ft11, ft0, dyn
f31 <- 0xFFFFFFFFFFFF7E00
mem[X,0x80000514] -> 0x2273
mem[X,0x80000516] -> 0x0030
[330] [M]: 0x80000514 (0x00302273) csrrs tp, fcsr, zero
CSR fcsr -> 0x00000020
x4 <- 0x00000020
mem[X,0x80000518] -> 0xB827
mem[X,0x8000051A] -> 0x1FF0
[331] [M]: 0x80000518 (0x1FF0B827) fsd ft11, 0x1f0(ra)
mem[0x80003308] <- 0xFFFFFFFFFFFF7E00
mem[X,0x8000051C] -> 0xAC23
mem[X,0x8000051E] -> 0x1E40
[332] [M]: 0x8000051C (0x1E40AC23) sw tp, 0x1f8(ra)
mem[0x80003310] <- 0x00000020
mem[X,0x80000520] -> 0xBF87
mem[X,0x80000522] -> 0x1001
[333] [M]: 0x80000520 (0x1001BF87) fld ft11, 0x100(gp)
mem[R,0x80002110] -> 0xFFFFFFFFC28F5C29
f31 <- 0xFFFFFFFFC28F5C29
mem[X,0x80000524] -> 0x0113
mem[X,0x80000526] -> 0x0400
[334] [M]: 0x80000524 (0x04000113) addi sp, zero, 0x40
x2 <- 0x00000040
mem[X,0x80000528] -> 0x1073
mem[X,0x8000052A] -> 0x0031
[335] [M]: 0x80000528 (0x00311073) csrrw zero, fcsr, sp
CSR fcsr -> 0x00000020
CSR fcsr <- 0x00000040 (input: 0x00000040)
mem[X,0x8000052C] -> 0xF053
mem[X,0x8000052E] -> 0x441F
[336] [M]: 0x8000052C (0x441FF053) fcvt.h.d ft0, ft11, dyn
f0 <- 0xFFFFFFFFFFFF7E00
mem[X,0x80000530] -> 0x2273
mem[X,0x80000532] -> 0x0030
[337] [M]: 0x80000530 (0x00302273) csrrs tp, fcsr, zero
CSR fcsr -> 0x00000040
x4 <- 0x00000040
mem[X,0x80000534] -> 0xB027
mem[X,0x80000536] -> 0x2000
[338] [M]: 0x80000534 (0x2000B027) fsd ft0, 0x200(ra)
mem[0x80003318] <- 0xFFFFFFFFFFFF7E00
mem[X,0x80000538] -> 0xA423
mem[X,0x8000053A] -> 0x2040
[339] [M]: 0x80000538 (0x2040A423) sw tp, 0x208(ra)
mem[0x80003320] <- 0x00000040
mem[X,0x8000053C] -> 0x006F
mem[X,0x8000053E] -> 0x0200
[340] [M]: 0x8000053C (0x0200006F) jal zero, 0x20
mem[X,0x8000055C] -> 0x0093
mem[X,0x8000055E] -> 0x0010
[341] [M]: 0x8000055C (0x00100093) addi ra, zero, 0x1
x1 <- 0x00000001
mem[X,0x80000560] -> 0x1F17
mem[X,0x80000562] -> 0x0000
[342] [M]: 0x80000560 (0x00001F17) auipc t5, 0x1
x30 <- 0x80001560
mem[X,0x80000564] -> 0x2023
mem[X,0x80000566] -> 0xAA1F
[343] [M]: 0x80000564 (0xAA1F2023) sw ra, 0xaa0(t5)
htif[0x80001000] <- 0x00000001
mem[X,0x80000568] -> 0xF06F
mem[X,0x8000056A] -> 0xFF9F
[344] [M]: 0x80000568 (0xFF9FF06F) jal zero, 0x1ffff8
mem[X,0x80000560] -> 0x1F17
mem[X,0x80000562] -> 0x0000
[345] [M]: 0x80000560 (0x00001F17) auipc t5, 0x1
x30 <- 0x80001560
mem[X,0x80000564] -> 0x2023
mem[X,0x80000566] -> 0xAA1F
[346] [M]: 0x80000564 (0xAA1F2023) sw ra, 0xaa0(t5)
htif[0x80001000] <- 0x00000001
mem[X,0x80000568] -> 0xF06F
mem[X,0x8000056A] -> 0xFF9F
[347] [M]: 0x80000568 (0xFF9FF06F) jal zero, 0x1ffff8
mem[X,0x80000560] -> 0x1F17
mem[X,0x80000562] -> 0x0000
[348] [M]: 0x80000560 (0x00001F17) auipc t5, 0x1
x30 <- 0x80001560
mem[X,0x80000564] -> 0x2023
mem[X,0x80000566] -> 0xAA1F
[349] [M]: 0x80000564 (0xAA1F2023) sw ra, 0xaa0(t5)
htif[0x80001000] <- 0x00000001
htif-syscall-proxy cmd: 0x000000000001
SUCCESS
